INFO:root:0,0,0,0,1703224402.2837372
INFO:root:2,0.0008972000000000003,0.0,0.00044860000000000017,1703224402.308105
INFO:root:2,0.0008972000000000003,0.0,0.00044860000000000017,1703224402.834033
INFO:root:2,0.0008972000000000003,0.0,0.00044860000000000017,1703224403.3599803
INFO:root:2,0.0008972000000000003,0.0,0.00044860000000000017,1703224403.888461
INFO:root:2,0.0008972000000000003,0.0,0.00044860000000000017,1703224404.416231
INFO:root:2,0.0008972000000000003,0.0,0.00044860000000000017,1703224404.9451241
INFO:root:2,0.0008972000000000003,0.0,0.00044860000000000017,1703224405.4728029
INFO:root:2,0.0008972000000000003,0.0,0.00044860000000000017,1703224406.0040965
INFO:root:2,0.0008972000000000003,0.0,0.00044860000000000017,1703224406.535107
INFO:root:2,29.85405900000001,0.0,14.927029500000005,1703224407.0663333
INFO:root:2,29.85405900000001,0.0,14.927029500000005,1703224407.5933642
INFO:root:2,29.85405900000001,0.0,14.927029500000005,1703224408.123858
INFO:root:2,29.85405900000001,0.0,14.927029500000005,1703224408.6564453
INFO:root:2,29.85405900000001,0.0,14.927029500000005,1703224409.1861122
INFO:root:2,29.85405900000001,0.0,14.927029500000005,1703224409.71515
INFO:root:2,29.85405900000001,0.0,14.927029500000005,1703224410.2447977
INFO:root:2,29.85405900000001,0.0,14.927029500000005,1703224410.773708
INFO:root:2,29.85405900000001,0.0,14.927029500000005,1703224411.3010628
INFO:root:2,29.85405900000001,0.0,14.927029500000005,1703224411.8312755
INFO:root:2,29.85405900000001,0.0,14.927029500000005,1703224412.3605103
INFO:root:2,29.85405900000001,0.0,14.927029500000005,1703224412.8894386
INFO:root:2,29.85405900000001,0.0,14.927029500000005,1703224413.4186175
INFO:root:2,29.85405900000001,0.0,14.927029500000005,1703224413.9494224
INFO:root:2,29.85405900000001,0.0,14.927029500000005,1703224414.4801013
INFO:root:2,29.85405900000001,0.0,14.927029500000005,1703224415.0067532
INFO:root:2,29.85405900000001,0.0,14.927029500000005,1703224415.5362408
INFO:root:2,29.85405900000001,0.0,14.927029500000005,1703224416.0703175
INFO:root:2,29.85405900000001,0.0,14.927029500000005,1703224416.5979793
INFO:root:2,29.85405900000001,0.0,14.927029500000005,1703224417.1301262
INFO:root:2,29.85405900000001,0.0,14.927029500000005,1703224417.66015
INFO:root:2,29.85405900000001,0.0,14.927029500000005,1703224418.1913903
INFO:root:2,29.85405900000001,0.0,14.927029500000005,1703224418.7181416
INFO:root:2,29.85405900000001,0.0,14.927029500000005,1703224419.243844
INFO:root:2,29.85405900000001,0.0,14.927029500000005,1703224419.7738473
INFO:root:1,29.85405900000001,29.85405900000001,29.85405900000001,1703224420.3000877
INFO:root:1,29.85405900000001,29.85405900000001,29.85405900000001,1703224420.8325548
INFO:root:1,29.85405900000001,29.85405900000001,29.85405900000001,1703224421.3594542
INFO:root:1,29.85405900000001,29.85405900000001,29.85405900000001,1703224421.924359
INFO:root:1,99.95457200000004,99.95457200000004,99.95457200000004,1703224422.4505935
INFO:root:1,99.95457200000004,99.95457200000004,99.95457200000004,1703224422.9810963
INFO:root:1,99.95457200000004,99.95457200000004,99.95457200000004,1703224423.5098164
INFO:root:1,99.95457200000004,99.95457200000004,99.95457200000004,1703224424.0397308
INFO:root:1,99.95457200000004,99.95457200000004,99.95457200000004,1703224424.5691378
INFO:root:1,99.95457200000004,99.95457200000004,99.95457200000004,1703224425.0960968
INFO:root:1,99.95457200000004,99.95457200000004,99.95457200000004,1703224425.627071
INFO:root:1,99.95457200000004,99.95457200000004,99.95457200000004,1703224426.1554277
INFO:root:1,99.95457200000004,99.95457200000004,99.95457200000004,1703224426.6894052
INFO:root:1,99.95457200000004,99.95457200000004,99.95457200000004,1703224427.2226193
INFO:root:1,99.95457200000004,99.95457200000004,99.95457200000004,1703224427.7507062
INFO:root:1,99.95457200000004,99.95457200000004,99.95457200000004,1703224428.2812915
INFO:root:1,99.95457200000004,99.95457200000004,99.95457200000004,1703224428.813889
INFO:root:1,99.95457200000004,99.95457200000004,99.95457200000004,1703224429.3415496
INFO:root:1,99.95457200000004,99.95457200000004,99.95457200000004,1703224429.8709152
INFO:root:1,99.95457200000004,99.95457200000004,99.95457200000004,1703224430.399725
INFO:root:1,99.95457200000004,99.95457200000004,99.95457200000004,1703224430.9289186
INFO:root:1,99.95457200000004,99.95457200000004,99.95457200000004,1703224431.4561207
INFO:root:1,99.95457200000004,99.95457200000004,99.95457200000004,1703224431.9857044
INFO:root:1,99.95457200000004,99.95457200000004,99.95457200000004,1703224432.5132744
INFO:root:1,99.95457200000004,99.95457200000004,99.95457200000004,1703224433.0407395
INFO:root:1,99.95457200000004,99.95457200000004,99.95457200000004,1703224433.5710678
INFO:root:1,99.95457200000004,99.95457200000004,99.95457200000004,1703224434.0983517
INFO:root:1,99.95457200000004,99.95457200000004,99.95457200000004,1703224434.6295254
INFO:root:1,99.95457200000004,99.95457200000004,99.95457200000004,1703224435.1577303
INFO:root:1,99.95457200000004,99.95457200000004,99.95457200000004,1703224435.6838849
INFO:root:1,99.95457200000004,99.95457200000004,99.95457200000004,1703224436.2125807
INFO:root:1,99.95457200000004,99.95457200000004,99.95457200000004,1703224436.7453225
INFO:root:1,100.04066780000005,100.04066780000005,100.04066780000005,1703224437.2768452
INFO:root:1,100.04066780000005,100.04066780000005,100.04066780000005,1703224437.804484
INFO:root:1,100.04066780000005,100.04066780000005,100.04066780000005,1703224438.332821
INFO:root:1,100.04066780000005,100.04066780000005,100.04066780000005,1703224438.8609738
INFO:root:1,100.04066780000005,100.04066780000005,100.04066780000005,1703224439.3897254
INFO:root:1,100.04066780000005,100.04066780000005,100.04066780000005,1703224439.9239807
INFO:root:1,100.04066780000005,100.04066780000005,100.04066780000005,1703224440.453484
INFO:root:1,100.04066780000005,100.04066780000005,100.04066780000005,1703224440.9826992
INFO:root:1,100.04066780000005,100.04066780000005,100.04066780000005,1703224441.511014
INFO:root:1,100.04066780000005,100.04066780000005,100.04066780000005,1703224442.0428503
INFO:root:1,100.04066780000005,100.04066780000005,100.04066780000005,1703224442.5717041
INFO:root:1,100.04066780000005,100.04066780000005,100.04066780000005,1703224443.1000097
INFO:root:1,100.04066780000005,100.04066780000005,100.04066780000005,1703224443.6306431
INFO:root:1,100.04066780000005,100.04066780000005,100.04066780000005,1703224444.1606524
INFO:root:1,100.04066780000005,100.04066780000005,100.04066780000005,1703224444.6902373
INFO:root:1,100.04066780000005,100.04066780000005,100.04066780000005,1703224445.2178628
INFO:root:1,100.04066780000005,100.04066780000005,100.04066780000005,1703224445.7469714
INFO:root:1,100.04066780000005,100.04066780000005,100.04066780000005,1703224446.2826335
INFO:root:1,100.04066780000005,100.04066780000005,100.04066780000005,1703224446.806349
INFO:root:1,100.04066780000005,100.04066780000005,100.04066780000005,1703224447.3380635
INFO:root:1,100.04066780000005,100.04066780000005,100.04066780000005,1703224447.8677595
INFO:root:1,100.04066780000005,100.04066780000005,100.04066780000005,1703224448.3965812
INFO:root:1,100.04066780000005,100.04066780000005,100.04066780000005,1703224448.9275823
INFO:root:1,100.04066780000005,100.04066780000005,100.04066780000005,1703224449.4601698
INFO:root:1,100.04066780000005,100.04066780000005,100.04066780000005,1703224449.988748
INFO:root:1,100.04066780000005,100.04066780000005,100.04066780000005,1703224450.518476
INFO:root:1,100.04066780000005,100.04066780000005,100.04066780000005,1703224451.0505378
INFO:root:1,100.04066780000005,100.04066780000005,100.04066780000005,1703224451.5765474
INFO:root:2,99.85981580000004,0.24667280000000008,50.05324430000002,1703224452.105601
INFO:root:2,99.85981580000004,0.24667280000000008,50.05324430000002,1703224452.6330264
INFO:root:2,99.85981580000004,0.24667280000000008,50.05324430000002,1703224453.165298
INFO:root:2,99.85981580000004,0.24667280000000008,50.05324430000002,1703224453.6921093
INFO:root:2,99.85981580000004,0.24667280000000008,50.05324430000002,1703224454.2239764
INFO:root:2,99.85981580000004,0.24667280000000008,50.05324430000002,1703224454.7531915
INFO:root:2,99.85981580000004,0.24667280000000008,50.05324430000002,1703224455.28511
INFO:root:2,99.85981580000004,0.24667280000000008,50.05324430000002,1703224455.8129566
INFO:root:2,99.85981580000004,0.24667280000000008,50.05324430000002,1703224456.3431778
INFO:root:2,99.85981580000004,0.24667280000000008,50.05324430000002,1703224456.8739614
INFO:root:2,99.85981580000004,0.24667280000000008,50.05324430000002,1703224457.400868
INFO:root:2,99.85981580000004,0.24667280000000008,50.05324430000002,1703224457.9312978
INFO:root:2,99.85981580000004,0.24667280000000008,50.05324430000002,1703224458.46726
INFO:root:2,99.85981580000004,0.24667280000000008,50.05324430000002,1703224458.9942443
INFO:root:2,99.85981580000004,0.24667280000000008,50.05324430000002,1703224459.5244756
INFO:root:2,99.85981580000004,0.24667280000000008,50.05324430000002,1703224460.051438
INFO:root:2,99.85981580000004,0.24667280000000008,50.05324430000002,1703224460.5795438
INFO:root:2,99.85981580000004,0.24667280000000008,50.05324430000002,1703224461.10928
INFO:root:2,99.85981580000004,0.24667280000000008,50.05324430000002,1703224461.639555
INFO:root:2,99.85981580000004,0.24667280000000008,50.05324430000002,1703224462.168864
INFO:root:2,99.85981580000004,0.24667280000000008,50.05324430000002,1703224462.6972833
INFO:root:2,99.85981580000004,0.24667280000000008,50.05324430000002,1703224463.2262132
INFO:root:2,99.85981580000004,0.24667280000000008,50.05324430000002,1703224463.7530012
INFO:root:2,99.85981580000004,0.24667280000000008,50.05324430000002,1703224464.2832546
INFO:root:2,99.85981580000004,0.24667280000000008,50.05324430000002,1703224464.8239856
INFO:root:2,99.85981580000004,0.24667280000000008,50.05324430000002,1703224465.3599067
INFO:root:2,99.85981580000004,0.24667280000000008,50.05324430000002,1703224465.892486
INFO:root:2,99.85981580000004,0.24667280000000008,50.05324430000002,1703224466.4219909
INFO:root:2,99.92226320000003,73.74980920000003,86.83603620000002,1703224467.0169976
INFO:root:2,99.92226320000003,73.74980920000003,86.83603620000002,1703224467.5417757
INFO:root:2,99.92226320000003,73.74980920000003,86.83603620000002,1703224468.0747736
INFO:root:2,99.92226320000003,73.74980920000003,86.83603620000002,1703224468.6012297
INFO:root:2,99.92226320000003,73.74980920000003,86.83603620000002,1703224469.1289196
INFO:root:2,99.92226320000003,73.74980920000003,86.83603620000002,1703224469.661142
INFO:root:2,99.92226320000003,73.74980920000003,86.83603620000002,1703224470.1848001
INFO:root:2,99.92226320000003,73.74980920000003,86.83603620000002,1703224470.7136102
INFO:root:2,99.92226320000003,73.74980920000003,86.83603620000002,1703224471.2429574
INFO:root:2,99.92226320000003,73.74980920000003,86.83603620000002,1703224471.7731924
INFO:root:2,99.92226320000003,73.74980920000003,86.83603620000002,1703224472.2990057
INFO:root:2,99.92226320000003,73.74980920000003,86.83603620000002,1703224472.833178
INFO:root:2,99.92226320000003,73.74980920000003,86.83603620000002,1703224473.3597832
INFO:root:2,99.92226320000003,73.74980920000003,86.83603620000002,1703224473.887408
INFO:root:2,99.92226320000003,73.74980920000003,86.83603620000002,1703224474.4217517
INFO:root:2,99.92226320000003,73.74980920000003,86.83603620000002,1703224474.9488406
INFO:root:2,99.92226320000003,73.74980920000003,86.83603620000002,1703224475.4789565
INFO:root:2,99.92226320000003,73.74980920000003,86.83603620000002,1703224476.0073497
INFO:root:2,99.92226320000003,73.74980920000003,86.83603620000002,1703224476.5376813
INFO:root:2,99.92226320000003,73.74980920000003,86.83603620000002,1703224477.0696235
INFO:root:2,99.92226320000003,73.74980920000003,86.83603620000002,1703224477.5999734
INFO:root:2,99.92226320000003,73.74980920000003,86.83603620000002,1703224478.1305983
INFO:root:2,99.92226320000003,73.74980920000003,86.83603620000002,1703224478.6621847
INFO:root:2,99.92226320000003,73.74980920000003,86.83603620000002,1703224479.1911538
INFO:root:2,99.92226320000003,73.74980920000003,86.83603620000002,1703224479.722856
INFO:root:2,99.92226320000003,73.74980920000003,86.83603620000002,1703224480.250098
INFO:root:2,99.92226320000003,73.74980920000003,86.83603620000002,1703224480.776671
INFO:root:2,99.92226320000003,73.74980920000003,86.83603620000002,1703224481.3063488
INFO:root:2,99.92226320000003,73.74980920000003,86.83603620000002,1703224481.836056
INFO:root:2,99.94425660000003,99.93658820000005,99.94042240000005,1703224482.3658593
INFO:root:2,99.94425660000003,99.93658820000005,99.94042240000005,1703224482.8915179
INFO:root:2,99.94425660000003,99.93658820000005,99.94042240000005,1703224483.4179509
INFO:root:2,99.94425660000003,99.93658820000005,99.94042240000005,1703224483.9500523
INFO:root:2,99.94425660000003,99.93658820000005,99.94042240000005,1703224484.4805188
INFO:root:2,99.94425660000003,99.93658820000005,99.94042240000005,1703224485.0213735
INFO:root:2,99.94425660000003,99.93658820000005,99.94042240000005,1703224485.549119
INFO:root:2,99.94425660000003,99.93658820000005,99.94042240000005,1703224486.0812786
INFO:root:2,99.94425660000003,99.93658820000005,99.94042240000005,1703224486.61617
INFO:root:2,99.94425660000003,99.93658820000005,99.94042240000005,1703224487.14572
INFO:root:2,99.94425660000003,99.93658820000005,99.94042240000005,1703224487.6716597
INFO:root:2,99.94425660000003,99.93658820000005,99.94042240000005,1703224488.200585
INFO:root:2,99.94425660000003,99.93658820000005,99.94042240000005,1703224488.733361
INFO:root:2,99.94425660000003,99.93658820000005,99.94042240000005,1703224489.2612913
INFO:root:2,99.94425660000003,99.93658820000005,99.94042240000005,1703224489.785502
INFO:root:2,99.94425660000003,99.93658820000005,99.94042240000005,1703224490.3082814
INFO:root:2,99.94425660000003,99.93658820000005,99.94042240000005,1703224490.84351
INFO:root:2,99.94425660000003,99.93658820000005,99.94042240000005,1703224491.372764
INFO:root:2,99.94425660000003,99.93658820000005,99.94042240000005,1703224491.898102
INFO:root:2,99.94425660000003,99.93658820000005,99.94042240000005,1703224492.4292903
INFO:root:2,99.94425660000003,99.93658820000005,99.94042240000005,1703224492.9588685
INFO:root:2,99.94425660000003,99.93658820000005,99.94042240000005,1703224493.4868317
INFO:root:2,99.94425660000003,99.93658820000005,99.94042240000005,1703224494.0124004
INFO:root:2,99.94425660000003,99.93658820000005,99.94042240000005,1703224494.5378098
INFO:root:2,99.94425660000003,99.93658820000005,99.94042240000005,1703224495.2100668
INFO:root:2,99.94425660000003,99.93658820000005,99.94042240000005,1703224495.7366953
INFO:root:2,99.94425660000003,99.93658820000005,99.94042240000005,1703224496.2698941
INFO:root:2,99.94425660000003,99.93658820000005,99.94042240000005,1703224496.821435
INFO:root:3,98.28200780000003,75.17022180000002,90.49747920000003,1703224497.3548381
INFO:root:3,98.28200780000003,75.17022180000002,90.49747920000003,1703224497.880732
INFO:root:3,98.28200780000003,75.17022180000002,90.49747920000003,1703224498.4152272
INFO:root:3,98.28200780000003,75.17022180000002,90.49747920000003,1703224499.012282
INFO:root:3,98.28200780000003,75.17022180000002,90.49747920000003,1703224499.5607753
INFO:root:3,98.28200780000003,75.17022180000002,90.49747920000003,1703224500.117319
INFO:root:3,98.28200780000003,75.17022180000002,90.49747920000003,1703224500.6518295
INFO:root:3,98.28200780000003,75.17022180000002,90.49747920000003,1703224501.2181756
INFO:root:3,98.28200780000003,75.17022180000002,90.49747920000003,1703224501.8087811
INFO:root:3,98.28200780000003,75.17022180000002,90.49747920000003,1703224502.3383036
INFO:root:3,98.28200780000003,75.17022180000002,90.49747920000003,1703224502.9172125
INFO:root:3,98.28200780000003,75.17022180000002,90.49747920000003,1703224503.44394
INFO:root:3,98.28200780000003,75.17022180000002,90.49747920000003,1703224504.020174
INFO:root:3,98.28200780000003,75.17022180000002,90.49747920000003,1703224504.5486832
INFO:root:3,98.28200780000003,75.17022180000002,90.49747920000003,1703224505.123515
INFO:root:3,98.28200780000003,75.17022180000002,90.49747920000003,1703224505.7074797
INFO:root:3,98.28200780000003,75.17022180000002,90.49747920000003,1703224506.2431939
INFO:root:3,98.28200780000003,75.17022180000002,90.49747920000003,1703224506.8239155
INFO:root:3,98.28200780000003,75.17022180000002,90.49747920000003,1703224507.4213386
INFO:root:3,98.28200780000003,75.17022180000002,90.49747920000003,1703224507.951391
INFO:root:3,98.28200780000003,75.17022180000002,90.49747920000003,1703224508.5246418
INFO:root:3,98.28200780000003,75.17022180000002,90.49747920000003,1703224509.0501335
INFO:root:3,98.28200780000003,75.17022180000002,90.49747920000003,1703224509.6187134
INFO:root:3,98.28200780000003,75.17022180000002,90.49747920000003,1703224510.2084243
INFO:root:3,98.28200780000003,75.17022180000002,90.49747920000003,1703224510.7517648
INFO:root:3,98.28200780000003,75.17022180000002,90.49747920000003,1703224511.32231
INFO:root:3,98.28200780000003,75.17022180000002,90.49747920000003,1703224511.919881
INFO:root:4,93.10396120000004,81.77194900000003,89.73148485000004,1703224512.4515548
INFO:root:4,93.10396120000004,81.77194900000003,89.73148485000004,1703224513.017529
INFO:root:4,93.10396120000004,81.77194900000003,89.73148485000004,1703224513.6095157
INFO:root:4,93.10396120000004,81.77194900000003,89.73148485000004,1703224514.1445992
INFO:root:4,93.10396120000004,81.77194900000003,89.73148485000004,1703224514.717521
INFO:root:4,93.10396120000004,81.77194900000003,89.73148485000004,1703224515.3155127
INFO:root:4,93.10396120000004,81.77194900000003,89.73148485000004,1703224515.9172077
INFO:root:4,93.10396120000004,81.77194900000003,89.73148485000004,1703224516.5067716
INFO:root:4,93.10396120000004,81.77194900000003,89.73148485000004,1703224517.043889
INFO:root:4,93.10396120000004,81.77194900000003,89.73148485000004,1703224517.6176734
INFO:root:4,93.10396120000004,81.77194900000003,89.73148485000004,1703224518.1511989
INFO:root:4,93.10396120000004,81.77194900000003,89.73148485000004,1703224518.716995
INFO:root:4,93.10396120000004,81.77194900000003,89.73148485000004,1703224519.3092566
INFO:root:4,93.10396120000004,81.77194900000003,89.73148485000004,1703224519.8467882
INFO:root:4,93.10396120000004,81.77194900000003,89.73148485000004,1703224520.4208615
INFO:root:4,93.10396120000004,81.77194900000003,89.73148485000004,1703224521.0072408
INFO:root:4,93.10396120000004,81.77194900000003,89.73148485000004,1703224521.5509324
INFO:root:4,93.10396120000004,81.77194900000003,89.73148485000004,1703224522.1188836
INFO:root:4,93.10396120000004,81.77194900000003,89.73148485000004,1703224522.7101836
INFO:root:4,93.10396120000004,81.77194900000003,89.73148485000004,1703224523.242884
INFO:root:4,93.10396120000004,81.77194900000003,89.73148485000004,1703224523.8194113
INFO:root:4,93.10396120000004,81.77194900000003,89.73148485000004,1703224524.346155
INFO:root:4,93.10396120000004,81.77194900000003,89.73148485000004,1703224524.9238138
INFO:root:4,93.10396120000004,81.77194900000003,89.73148485000004,1703224525.5244114
INFO:root:4,93.10396120000004,81.77194900000003,89.73148485000004,1703224526.1192856
INFO:root:4,93.10396120000004,81.77194900000003,89.73148485000004,1703224526.707018
INFO:root:4,89.53932680000004,87.19763940000004,88.20863115000003,1703224527.3227851
INFO:root:4,89.53932680000004,87.19763940000004,88.20863115000003,1703224527.9085228
INFO:root:4,89.53932680000004,87.19763940000004,88.20863115000003,1703224528.4482207
INFO:root:4,89.53932680000004,87.19763940000004,88.20863115000003,1703224529.0226846
INFO:root:4,89.53932680000004,87.19763940000004,88.20863115000003,1703224529.5520632
INFO:root:4,89.53932680000004,87.19763940000004,88.20863115000003,1703224530.1170642
INFO:root:4,89.53932680000004,87.19763940000004,88.20863115000003,1703224530.7086809
INFO:root:4,89.53932680000004,87.19763940000004,88.20863115000003,1703224531.2462287
INFO:root:4,89.53932680000004,87.19763940000004,88.20863115000003,1703224531.8165064
INFO:root:4,89.53932680000004,87.19763940000004,88.20863115000003,1703224532.4067817
INFO:root:4,89.53932680000004,87.19763940000004,88.20863115000003,1703224532.9343278
INFO:root:4,89.53932680000004,87.19763940000004,88.20863115000003,1703224533.5222752
INFO:root:4,89.53932680000004,87.19763940000004,88.20863115000003,1703224534.118389
INFO:root:4,89.53932680000004,87.19763940000004,88.20863115000003,1703224534.7100117
INFO:root:4,89.53932680000004,87.19763940000004,88.20863115000003,1703224535.308871
INFO:root:4,89.53932680000004,87.19763940000004,88.20863115000003,1703224535.909462
INFO:root:4,89.53932680000004,87.19763940000004,88.20863115000003,1703224536.4333432
INFO:root:4,89.53932680000004,87.19763940000004,88.20863115000003,1703224537.0228012
INFO:root:4,89.53932680000004,87.19763940000004,88.20863115000003,1703224537.619828
INFO:root:4,89.53932680000004,87.19763940000004,88.20863115000003,1703224538.2166533
INFO:root:4,89.53932680000004,87.19763940000004,88.20863115000003,1703224538.8153818
INFO:root:4,89.53932680000004,87.19763940000004,88.20863115000003,1703224539.4084055
INFO:root:4,89.53932680000004,87.19763940000004,88.20863115000003,1703224540.0151427
INFO:root:4,89.53932680000004,87.19763940000004,88.20863115000003,1703224540.632359
INFO:root:4,89.53932680000004,87.19763940000004,88.20863115000003,1703224541.2202592
INFO:root:4,89.53932680000004,87.19763940000004,88.20863115000003,1703224541.81677
INFO:root:4,77.73785040000003,76.50693960000004,76.96755895000004,1703224542.4209929
INFO:root:4,77.73785040000003,76.50693960000004,76.96755895000004,1703224543.018935
INFO:root:4,77.73785040000003,76.50693960000004,76.96755895000004,1703224543.6087208
INFO:root:4,77.73785040000003,76.50693960000004,76.96755895000004,1703224544.136032
INFO:root:4,77.73785040000003,76.50693960000004,76.96755895000004,1703224544.7221992
INFO:root:4,77.73785040000003,76.50693960000004,76.96755895000004,1703224545.3204215
INFO:root:4,77.73785040000003,76.50693960000004,76.96755895000004,1703224545.9172857
INFO:root:4,77.73785040000003,76.50693960000004,76.96755895000004,1703224546.61425
INFO:root:4,77.73785040000003,76.50693960000004,76.96755895000004,1703224547.2198336
INFO:root:4,77.73785040000003,76.50693960000004,76.96755895000004,1703224547.817829
INFO:root:4,77.73785040000003,76.50693960000004,76.96755895000004,1703224548.4197087
INFO:root:4,77.73785040000003,76.50693960000004,76.96755895000004,1703224549.0216422
INFO:root:4,77.73785040000003,76.50693960000004,76.96755895000004,1703224549.612744
INFO:root:4,77.73785040000003,76.50693960000004,76.96755895000004,1703224550.2098372
INFO:root:4,77.73785040000003,76.50693960000004,76.96755895000004,1703224550.8102467
INFO:root:4,77.73785040000003,76.50693960000004,76.96755895000004,1703224551.5138555
INFO:root:4,77.73785040000003,76.50693960000004,76.96755895000004,1703224552.1208105
INFO:root:4,77.73785040000003,76.50693960000004,76.96755895000004,1703224552.720446
INFO:root:4,77.73785040000003,76.50693960000004,76.96755895000004,1703224553.3257756
INFO:root:4,77.73785040000003,76.50693960000004,76.96755895000004,1703224553.9187164
INFO:root:4,77.73785040000003,76.50693960000004,76.96755895000004,1703224554.5097435
INFO:root:4,77.73785040000003,76.50693960000004,76.96755895000004,1703224555.1097443
INFO:root:4,77.73785040000003,76.50693960000004,76.96755895000004,1703224555.7136204
INFO:root:4,77.73785040000003,76.50693960000004,76.96755895000004,1703224556.320175
INFO:root:4,77.73785040000003,76.50693960000004,76.96755895000004,1703224557.01156
INFO:root:5,61.253026400000024,60.818321400000016,61.04017792000002,1703224557.608861
INFO:root:5,61.253026400000024,60.818321400000016,61.04017792000002,1703224558.21172
INFO:root:5,61.253026400000024,60.818321400000016,61.04017792000002,1703224558.809404
INFO:root:5,61.253026400000024,60.818321400000016,61.04017792000002,1703224559.4192061
INFO:root:5,61.253026400000024,60.818321400000016,61.04017792000002,1703224560.0203595
INFO:root:5,61.253026400000024,60.818321400000016,61.04017792000002,1703224560.6215432
INFO:root:5,61.253026400000024,60.818321400000016,61.04017792000002,1703224561.2181783
INFO:root:5,61.253026400000024,60.818321400000016,61.04017792000002,1703224561.813177
INFO:root:5,61.253026400000024,60.818321400000016,61.04017792000002,1703224562.4181027
INFO:root:5,61.253026400000024,60.818321400000016,61.04017792000002,1703224563.009043
INFO:root:5,61.253026400000024,60.818321400000016,61.04017792000002,1703224563.6097548
INFO:root:5,61.253026400000024,60.818321400000016,61.04017792000002,1703224564.2147646
INFO:root:5,61.253026400000024,60.818321400000016,61.04017792000002,1703224564.8223507
INFO:root:5,61.253026400000024,60.818321400000016,61.04017792000002,1703224565.426496
INFO:root:5,61.253026400000024,60.818321400000016,61.04017792000002,1703224566.025538
INFO:root:5,61.253026400000024,60.818321400000016,61.04017792000002,1703224566.6195168
INFO:root:5,61.253026400000024,60.818321400000016,61.04017792000002,1703224567.222384
INFO:root:5,61.253026400000024,60.818321400000016,61.04017792000002,1703224567.824555
INFO:root:5,61.253026400000024,60.818321400000016,61.04017792000002,1703224568.4227014
INFO:root:5,61.253026400000024,60.818321400000016,61.04017792000002,1703224569.0247822
INFO:root:5,61.253026400000024,60.818321400000016,61.04017792000002,1703224569.6267502
INFO:root:5,61.253026400000024,60.818321400000016,61.04017792000002,1703224570.218495
INFO:root:5,61.253026400000024,60.818321400000016,61.04017792000002,1703224570.8209834
INFO:root:5,61.253026400000024,60.818321400000016,61.04017792000002,1703224571.4211566
INFO:root:5,61.253026400000024,60.818321400000016,61.04017792000002,1703224572.1252537
INFO:root:6,61.28867340000003,59.52899220000003,60.66275776666669,1703224572.7180061
INFO:root:6,61.28867340000003,59.52899220000003,60.66275776666669,1703224573.3172867
INFO:root:6,61.28867340000003,59.52899220000003,60.66275776666669,1703224573.9242544
INFO:root:6,61.28867340000003,59.52899220000003,60.66275776666669,1703224574.5298858
INFO:root:6,61.28867340000003,59.52899220000003,60.66275776666669,1703224575.1231155
INFO:root:6,61.28867340000003,59.52899220000003,60.66275776666669,1703224575.7258203
INFO:root:6,61.28867340000003,59.52899220000003,60.66275776666669,1703224576.3230824
INFO:root:6,61.28867340000003,59.52899220000003,60.66275776666669,1703224576.9202583
INFO:root:6,61.28867340000003,59.52899220000003,60.66275776666669,1703224577.6151655
INFO:root:6,61.28867340000003,59.52899220000003,60.66275776666669,1703224578.2124877
INFO:root:6,61.28867340000003,59.52899220000003,60.66275776666669,1703224578.8185472
INFO:root:6,61.28867340000003,59.52899220000003,60.66275776666669,1703224579.4086475
INFO:root:6,61.28867340000003,59.52899220000003,60.66275776666669,1703224580.0093815
INFO:root:6,61.28867340000003,59.52899220000003,60.66275776666669,1703224580.613392
INFO:root:6,61.28867340000003,59.52899220000003,60.66275776666669,1703224581.220621
INFO:root:6,61.28867340000003,59.52899220000003,60.66275776666669,1703224581.82257
INFO:root:6,61.28867340000003,59.52899220000003,60.66275776666669,1703224582.422303
INFO:root:6,61.28867340000003,59.52899220000003,60.66275776666669,1703224583.0216675
INFO:root:6,61.28867340000003,59.52899220000003,60.66275776666669,1703224583.6211534
INFO:root:6,61.28867340000003,59.52899220000003,60.66275776666669,1703224584.221578
INFO:root:6,61.28867340000003,59.52899220000003,60.66275776666669,1703224584.8205802
INFO:root:6,61.28867340000003,59.52899220000003,60.66275776666669,1703224585.4213705
INFO:root:6,61.28867340000003,59.52899220000003,60.66275776666669,1703224586.0247607
INFO:root:6,61.28867340000003,59.52899220000003,60.66275776666669,1703224586.6217506
INFO:root:6,61.03793140000002,59.05677360000002,60.091710266666695,1703224587.2239263
INFO:root:6,61.03793140000002,59.05677360000002,60.091710266666695,1703224587.9126453
INFO:root:6,61.03793140000002,59.05677360000002,60.091710266666695,1703224588.5242312
INFO:root:6,61.03793140000002,59.05677360000002,60.091710266666695,1703224589.1243896
INFO:root:6,61.03793140000002,59.05677360000002,60.091710266666695,1703224589.7175784
INFO:root:6,61.03793140000002,59.05677360000002,60.091710266666695,1703224590.3214028
INFO:root:6,61.03793140000002,59.05677360000002,60.091710266666695,1703224590.91853
INFO:root:6,61.03793140000002,59.05677360000002,60.091710266666695,1703224591.5198753
INFO:root:6,61.03793140000002,59.05677360000002,60.091710266666695,1703224592.120265
INFO:root:6,61.03793140000002,59.05677360000002,60.091710266666695,1703224592.714235
INFO:root:6,61.03793140000002,59.05677360000002,60.091710266666695,1703224593.3201022
INFO:root:6,61.03793140000002,59.05677360000002,60.091710266666695,1703224593.919605
INFO:root:6,61.03793140000002,59.05677360000002,60.091710266666695,1703224594.518442
INFO:root:6,61.03793140000002,59.05677360000002,60.091710266666695,1703224595.1234913
INFO:root:6,61.03793140000002,59.05677360000002,60.091710266666695,1703224595.7175174
INFO:root:6,61.03793140000002,59.05677360000002,60.091710266666695,1703224596.3261318
INFO:root:6,61.03793140000002,59.05677360000002,60.091710266666695,1703224596.8574295
INFO:root:6,61.03793140000002,59.05677360000002,60.091710266666695,1703224597.3863091
INFO:root:6,61.03793140000002,59.05677360000002,60.091710266666695,1703224597.9146526
INFO:root:6,61.03793140000002,59.05677360000002,60.091710266666695,1703224598.447257
INFO:root:6,61.03793140000002,59.05677360000002,60.091710266666695,1703224598.9712381
INFO:root:6,61.03793140000002,59.05677360000002,60.091710266666695,1703224599.4987369
INFO:root:6,61.03793140000002,59.05677360000002,60.091710266666695,1703224600.027957
INFO:root:6,61.03793140000002,59.05677360000002,60.091710266666695,1703224600.5589006
INFO:root:6,61.03793140000002,59.05677360000002,60.091710266666695,1703224601.0872784
INFO:root:6,61.03793140000002,59.05677360000002,60.091710266666695,1703224601.6126842
INFO:root:7,73.28763140000004,1.4458740000000005,38.962486571428585,1703224602.1394148
INFO:root:7,73.28763140000004,1.4458740000000005,38.962486571428585,1703224602.6712096
INFO:root:7,73.28763140000004,1.4458740000000005,38.962486571428585,1703224603.1997397
INFO:root:7,73.28763140000004,1.4458740000000005,38.962486571428585,1703224603.7321992
INFO:root:7,73.28763140000004,1.4458740000000005,38.962486571428585,1703224604.2641206
INFO:root:7,73.28763140000004,1.4458740000000005,38.962486571428585,1703224604.7943442
INFO:root:7,73.28763140000004,1.4458740000000005,38.962486571428585,1703224605.31876
INFO:root:7,73.28763140000004,1.4458740000000005,38.962486571428585,1703224605.845574
INFO:root:7,73.28763140000004,1.4458740000000005,38.962486571428585,1703224606.3775249
INFO:root:7,73.28763140000004,1.4458740000000005,38.962486571428585,1703224606.9048972
INFO:root:7,73.28763140000004,1.4458740000000005,38.962486571428585,1703224607.4338262
INFO:root:7,73.28763140000004,1.4458740000000005,38.962486571428585,1703224607.96261
INFO:root:7,73.28763140000004,1.4458740000000005,38.962486571428585,1703224608.4926574
INFO:root:7,73.28763140000004,1.4458740000000005,38.962486571428585,1703224609.0241458
INFO:root:7,73.28763140000004,1.4458740000000005,38.962486571428585,1703224609.5517166
INFO:root:7,73.28763140000004,1.4458740000000005,38.962486571428585,1703224610.0823402
INFO:root:7,73.28763140000004,1.4458740000000005,38.962486571428585,1703224610.611837
INFO:root:7,73.28763140000004,1.4458740000000005,38.962486571428585,1703224611.140605
INFO:root:7,73.28763140000004,1.4458740000000005,38.962486571428585,1703224611.671389
INFO:root:7,73.28763140000004,1.4458740000000005,38.962486571428585,1703224612.1995444
INFO:root:7,73.28763140000004,1.4458740000000005,38.962486571428585,1703224612.7301471
INFO:root:7,73.28763140000004,1.4458740000000005,38.962486571428585,1703224613.2619112
INFO:root:7,73.28763140000004,1.4458740000000005,38.962486571428585,1703224613.78818
INFO:root:7,73.28763140000004,1.4458740000000005,38.962486571428585,1703224614.3174853
INFO:root:7,73.28763140000004,1.4458740000000005,38.962486571428585,1703224614.8432233
INFO:root:7,73.28763140000004,1.4458740000000005,38.962486571428585,1703224615.3760114
INFO:root:7,73.28763140000004,1.4458740000000005,38.962486571428585,1703224615.903875
INFO:root:7,73.28763140000004,1.4458740000000005,38.962486571428585,1703224616.4339397
INFO:root:7,81.56428100000002,0.0,13.035306028571432,1703224617.0175877
INFO:root:7,81.56428100000002,0.0,13.035306028571432,1703224617.5385995
INFO:root:7,81.56428100000002,0.0,13.035306028571432,1703224618.0657904
INFO:root:7,81.56428100000002,0.0,13.035306028571432,1703224618.5993993
INFO:root:7,81.56428100000002,0.0,13.035306028571432,1703224619.130815
INFO:root:7,81.56428100000002,0.0,13.035306028571432,1703224619.6591706
INFO:root:7,81.56428100000002,0.0,13.035306028571432,1703224620.1861644
INFO:root:7,81.56428100000002,0.0,13.035306028571432,1703224620.71605
INFO:root:7,81.56428100000002,0.0,13.035306028571432,1703224621.2470953
INFO:root:7,81.56428100000002,0.0,13.035306028571432,1703224621.775406
INFO:root:7,81.56428100000002,0.0,13.035306028571432,1703224622.3029847
INFO:root:7,81.56428100000002,0.0,13.035306028571432,1703224622.8295658
INFO:root:7,81.56428100000002,0.0,13.035306028571432,1703224623.358537
INFO:root:7,81.56428100000002,0.0,13.035306028571432,1703224623.8871744
INFO:root:7,81.56428100000002,0.0,13.035306028571432,1703224624.4137404
INFO:root:7,81.56428100000002,0.0,13.035306028571432,1703224624.9432943
INFO:root:7,81.56428100000002,0.0,13.035306028571432,1703224625.476958
INFO:root:7,81.56428100000002,0.0,13.035306028571432,1703224626.0049276
INFO:root:7,81.56428100000002,0.0,13.035306028571432,1703224626.5353582
INFO:root:7,81.56428100000002,0.0,13.035306028571432,1703224627.0647907
INFO:root:7,81.56428100000002,0.0,13.035306028571432,1703224627.5914114
INFO:root:7,81.56428100000002,0.0,13.035306028571432,1703224628.123065
INFO:root:7,81.56428100000002,0.0,13.035306028571432,1703224628.6498704
INFO:root:7,81.56428100000002,0.0,13.035306028571432,1703224629.1811905
INFO:root:7,81.56428100000002,0.0,13.035306028571432,1703224629.7085004
INFO:root:7,81.56428100000002,0.0,13.035306028571432,1703224630.237706
INFO:root:7,81.56428100000002,0.0,13.035306028571432,1703224630.766741
INFO:root:7,81.56428100000002,0.0,13.035306028571432,1703224631.29714
INFO:root:7,81.56428100000002,0.0,13.035306028571432,1703224631.828231
INFO:root:7,73.67239400000003,0.0,14.634757028571434,1703224632.356981
INFO:root:7,73.67239400000003,0.0,14.634757028571434,1703224632.8862586
INFO:root:7,73.67239400000003,0.0,14.634757028571434,1703224633.4222667
INFO:root:7,73.67239400000003,0.0,14.634757028571434,1703224633.9498854
INFO:root:7,73.67239400000003,0.0,14.634757028571434,1703224634.4788282
INFO:root:7,73.67239400000003,0.0,14.634757028571434,1703224635.0074618
INFO:root:7,73.67239400000003,0.0,14.634757028571434,1703224635.5364501
INFO:root:7,73.67239400000003,0.0,14.634757028571434,1703224636.0663464
INFO:root:7,73.67239400000003,0.0,14.634757028571434,1703224636.5950322
INFO:root:7,73.67239400000003,0.0,14.634757028571434,1703224637.1268206
INFO:root:7,73.67239400000003,0.0,14.634757028571434,1703224637.6510286
INFO:root:7,73.67239400000003,0.0,14.634757028571434,1703224638.184017
INFO:root:7,73.67239400000003,0.0,14.634757028571434,1703224638.7142713
INFO:root:7,73.67239400000003,0.0,14.634757028571434,1703224639.2398465
INFO:root:7,73.67239400000003,0.0,14.634757028571434,1703224639.7699387
INFO:root:7,73.67239400000003,0.0,14.634757028571434,1703224640.2961144
INFO:root:7,73.67239400000003,0.0,14.634757028571434,1703224640.8265772
INFO:root:7,73.67239400000003,0.0,14.634757028571434,1703224641.3555646
INFO:root:7,73.67239400000003,0.0,14.634757028571434,1703224641.8862858
INFO:root:7,73.67239400000003,0.0,14.634757028571434,1703224642.4170523
INFO:root:7,73.67239400000003,0.0,14.634757028571434,1703224642.943109
INFO:root:7,73.67239400000003,0.0,14.634757028571434,1703224643.4735534
INFO:root:7,73.67239400000003,0.0,14.634757028571434,1703224644.0039291
INFO:root:7,73.67239400000003,0.0,14.634757028571434,1703224644.5342429
INFO:root:7,73.67239400000003,0.0,14.634757028571434,1703224645.059504
INFO:root:7,73.67239400000003,0.0,14.634757028571434,1703224645.5889602
INFO:root:7,73.67239400000003,0.0,14.634757028571434,1703224646.1179292
INFO:root:7,73.67239400000003,0.0,14.634757028571434,1703224646.6441722
INFO:root:7,58.40656920000002,0.0,9.902628028571431,1703224647.1762378
INFO:root:7,58.40656920000002,0.0,9.902628028571431,1703224647.7067733
INFO:root:7,58.40656920000002,0.0,9.902628028571431,1703224648.2347102
INFO:root:7,58.40656920000002,0.0,9.902628028571431,1703224648.7685525
INFO:root:7,58.40656920000002,0.0,9.902628028571431,1703224649.296198
INFO:root:7,58.40656920000002,0.0,9.902628028571431,1703224649.8266637
INFO:root:7,58.40656920000002,0.0,9.902628028571431,1703224650.357401
INFO:root:7,58.40656920000002,0.0,9.902628028571431,1703224650.8888912
INFO:root:7,58.40656920000002,0.0,9.902628028571431,1703224651.4166844
INFO:root:7,58.40656920000002,0.0,9.902628028571431,1703224651.9464955
INFO:root:7,58.40656920000002,0.0,9.902628028571431,1703224652.4734282
INFO:root:7,58.40656920000002,0.0,9.902628028571431,1703224653.0046751
INFO:root:7,58.40656920000002,0.0,9.902628028571431,1703224653.5344582
INFO:root:7,58.40656920000002,0.0,9.902628028571431,1703224654.0641398
INFO:root:7,58.40656920000002,0.0,9.902628028571431,1703224654.5922613
INFO:root:7,58.40656920000002,0.0,9.902628028571431,1703224655.1220858
INFO:root:7,58.40656920000002,0.0,9.902628028571431,1703224655.6501818
INFO:root:7,58.40656920000002,0.0,9.902628028571431,1703224656.1782029
INFO:root:7,58.40656920000002,0.0,9.902628028571431,1703224656.708413
INFO:root:7,58.40656920000002,0.0,9.902628028571431,1703224657.2363327
INFO:root:7,58.40656920000002,0.0,9.902628028571431,1703224657.766621
INFO:root:7,58.40656920000002,0.0,9.902628028571431,1703224658.2971838
INFO:root:7,58.40656920000002,0.0,9.902628028571431,1703224658.8317795
INFO:root:7,58.40656920000002,0.0,9.902628028571431,1703224659.3546622
INFO:root:7,58.40656920000002,0.0,9.902628028571431,1703224659.8866787
INFO:root:7,58.40656920000002,0.0,9.902628028571431,1703224660.4207723
INFO:root:6,9.909723200000004,0.0,1.818637833333334,1703224660.952687
INFO:root:6,9.909723200000004,0.0,1.818637833333334,1703224661.4836733
INFO:root:6,8.563117200000004,0.0,1.4282113666666671,1703224662.0128942
INFO:root:6,8.563117200000004,0.0,1.4282113666666671,1703224662.544207
INFO:root:6,8.563117200000004,0.0,1.4282113666666671,1703224663.0786843
INFO:root:6,8.563117200000004,0.0,1.4282113666666671,1703224663.609065
INFO:root:6,8.563117200000004,0.0,1.4282113666666671,1703224664.141491
INFO:root:6,8.563117200000004,0.0,1.4282113666666671,1703224664.6688879
INFO:root:6,8.563117200000004,0.0,1.4282113666666671,1703224665.200325
INFO:root:6,8.563117200000004,0.0,1.4282113666666671,1703224665.7289314
INFO:root:6,8.563117200000004,0.0,1.4282113666666671,1703224666.2619066
INFO:root:6,8.563117200000004,0.0,1.4282113666666671,1703224666.7900703
INFO:root:6,8.563117200000004,0.0,1.4282113666666671,1703224667.318481
INFO:root:6,8.563117200000004,0.0,1.4282113666666671,1703224667.8494694
INFO:root:6,8.563117200000004,0.0,1.4282113666666671,1703224668.3782098
INFO:root:6,8.563117200000004,0.0,1.4282113666666671,1703224668.9192
INFO:root:6,8.563117200000004,0.0,1.4282113666666671,1703224669.454765
INFO:root:6,8.563117200000004,0.0,1.4282113666666671,1703224669.9802473
INFO:root:6,8.563117200000004,0.0,1.4282113666666671,1703224670.5081558
INFO:root:6,8.563117200000004,0.0,1.4282113666666671,1703224671.0379465
INFO:root:6,8.563117200000004,0.0,1.4282113666666671,1703224671.567901
INFO:root:6,8.563117200000004,0.0,1.4282113666666671,1703224672.09921
INFO:root:6,8.563117200000004,0.0,1.4282113666666671,1703224672.6287124
INFO:root:6,8.563117200000004,0.0,1.4282113666666671,1703224673.1633925
INFO:root:6,8.563117200000004,0.0,1.4282113666666671,1703224673.6940553
INFO:root:6,8.563117200000004,0.0,1.4282113666666671,1703224674.2248497
INFO:root:6,8.563117200000004,0.0,1.4282113666666671,1703224674.7524748
INFO:root:6,8.563117200000004,0.0,1.4282113666666671,1703224675.282496
INFO:root:5,8.563117200000004,0.0,1.7127303600000008,1703224675.8115306
INFO:root:5,8.563117200000004,0.0,1.7127303600000008,1703224676.3403032
INFO:root:5,8.563117200000004,0.0,1.7127303600000008,1703224676.9202538
INFO:root:5,41.12551100000002,0.0,15.299685720000008,1703224677.4445999
INFO:root:5,41.12551100000002,0.0,15.299685720000008,1703224677.9715717
INFO:root:5,41.12551100000002,0.0,15.299685720000008,1703224678.4985003
INFO:root:5,41.12551100000002,0.0,15.299685720000008,1703224679.1141775
INFO:root:5,41.12551100000002,0.0,15.299685720000008,1703224679.648403
INFO:root:5,41.12551100000002,0.0,15.299685720000008,1703224680.1798756
INFO:root:5,41.12551100000002,0.0,15.299685720000008,1703224680.7116802
INFO:root:5,41.12551100000002,0.0,15.299685720000008,1703224681.2420387
INFO:root:5,41.12551100000002,0.0,15.299685720000008,1703224681.7719893
INFO:root:5,41.12551100000002,0.0,15.299685720000008,1703224682.2988884
INFO:root:5,41.12551100000002,0.0,15.299685720000008,1703224682.8257074
INFO:root:5,41.12551100000002,0.0,15.299685720000008,1703224683.3544502
INFO:root:5,41.12551100000002,0.0,15.299685720000008,1703224683.8844502
INFO:root:5,41.12551100000002,0.0,15.299685720000008,1703224684.4158099
INFO:root:5,41.12551100000002,0.0,15.299685720000008,1703224684.9450083
INFO:root:5,41.12551100000002,0.0,15.299685720000008,1703224685.4769466
INFO:root:5,41.12551100000002,0.0,15.299685720000008,1703224686.005779
INFO:root:5,41.12551100000002,0.0,15.299685720000008,1703224686.5343926
INFO:root:5,41.12551100000002,0.0,15.299685720000008,1703224687.0647032
INFO:root:5,41.12551100000002,0.0,15.299685720000008,1703224687.5924597
INFO:root:5,41.12551100000002,0.0,15.299685720000008,1703224688.133245
INFO:root:5,41.12551100000002,0.0,15.299685720000008,1703224688.6690578
INFO:root:5,41.12551100000002,0.0,15.299685720000008,1703224689.215609
INFO:root:5,41.12551100000002,0.0,15.299685720000008,1703224689.7385256
INFO:root:5,41.12551100000002,0.0,15.299685720000008,1703224690.2655659
INFO:root:4,41.12551100000002,0.0,19.12460715000001,1703224690.7941844
INFO:root:4,41.12551100000002,0.0,19.12460715000001,1703224691.3262718
INFO:root:4,41.12551100000002,0.0,19.12460715000001,1703224691.91025
INFO:root:4,88.34095300000003,0.0,29.88626750000001,1703224692.4450116
INFO:root:4,88.34095300000003,0.0,29.88626750000001,1703224692.975355
INFO:root:4,88.34095300000003,0.0,29.88626750000001,1703224693.5037148
INFO:root:4,88.34095300000003,0.0,29.88626750000001,1703224694.0338275
INFO:root:4,88.34095300000003,0.0,29.88626750000001,1703224694.561126
INFO:root:4,88.34095300000003,0.0,29.88626750000001,1703224695.0927348
INFO:root:4,88.34095300000003,0.0,29.88626750000001,1703224695.6225271
INFO:root:4,88.34095300000003,0.0,29.88626750000001,1703224696.1509366
INFO:root:4,88.34095300000003,0.0,29.88626750000001,1703224696.679829
INFO:root:4,88.34095300000003,0.0,29.88626750000001,1703224697.2069106
INFO:root:4,88.34095300000003,0.0,29.88626750000001,1703224697.7346847
INFO:root:4,88.34095300000003,0.0,29.88626750000001,1703224698.267016
INFO:root:4,88.34095300000003,0.0,29.88626750000001,1703224698.7946494
INFO:root:4,88.34095300000003,0.0,29.88626750000001,1703224699.3238654
INFO:root:4,88.34095300000003,0.0,29.88626750000001,1703224699.8502898
INFO:root:4,88.34095300000003,0.0,29.88626750000001,1703224700.3836899
INFO:root:4,88.34095300000003,0.0,29.88626750000001,1703224700.9118195
INFO:root:4,88.34095300000003,0.0,29.88626750000001,1703224701.4410675
INFO:root:4,88.34095300000003,0.0,29.88626750000001,1703224701.9708493
INFO:root:4,88.34095300000003,0.0,29.88626750000001,1703224702.5020938
INFO:root:4,88.34095300000003,0.0,29.88626750000001,1703224703.0356107
INFO:root:4,88.34095300000003,0.0,29.88626750000001,1703224703.5653865
INFO:root:4,88.34095300000003,0.0,29.88626750000001,1703224704.0950522
INFO:root:4,88.34095300000003,0.0,29.88626750000001,1703224704.6231403
INFO:root:4,88.34095300000003,0.0,29.88626750000001,1703224705.1495013
INFO:root:3,88.34095300000003,0.0,39.84835666666668,1703224705.681707
INFO:root:3,88.34095300000003,0.0,39.84835666666668,1703224706.2090049
INFO:root:3,88.34095300000003,0.0,39.84835666666668,1703224706.7398994
INFO:root:3,72.82622200000003,0.0,43.35861913333335,1703224707.2690704
INFO:root:3,72.82622200000003,0.0,43.35861913333335,1703224707.794166
INFO:root:3,72.82622200000003,0.0,43.35861913333335,1703224708.3246784
INFO:root:3,72.82622200000003,0.0,43.35861913333335,1703224708.851793
INFO:root:3,72.82622200000003,0.0,43.35861913333335,1703224709.4087198
INFO:root:3,72.82622200000003,0.0,43.35861913333335,1703224709.94368
INFO:root:3,72.82622200000003,0.0,43.35861913333335,1703224710.4720883
INFO:root:3,72.82622200000003,0.0,43.35861913333335,1703224710.996971
INFO:root:3,72.82622200000003,0.0,43.35861913333335,1703224711.5274968
INFO:root:3,72.82622200000003,0.0,43.35861913333335,1703224712.051353
INFO:root:3,72.82622200000003,0.0,43.35861913333335,1703224712.5823412
INFO:root:3,72.82622200000003,0.0,43.35861913333335,1703224713.1091392
INFO:root:3,72.82622200000003,0.0,43.35861913333335,1703224713.6389284
INFO:root:3,72.82622200000003,0.0,43.35861913333335,1703224714.1681795
INFO:root:3,72.82622200000003,0.0,43.35861913333335,1703224714.696995
INFO:root:3,72.82622200000003,0.0,43.35861913333335,1703224715.226371
INFO:root:3,72.82622200000003,0.0,43.35861913333335,1703224715.7563608
INFO:root:3,72.82622200000003,0.0,43.35861913333335,1703224716.286884
INFO:root:3,72.82622200000003,0.0,43.35861913333335,1703224716.813731
INFO:root:3,72.82622200000003,0.0,43.35861913333335,1703224717.3405342
INFO:root:3,72.82622200000003,0.0,43.35861913333335,1703224717.8701851
INFO:root:3,72.82622200000003,0.0,43.35861913333335,1703224718.3964617
INFO:root:3,72.82622200000003,0.0,43.35861913333335,1703224718.9280615
INFO:root:3,72.82622200000003,0.0,43.35861913333335,1703224719.4567907
INFO:root:3,72.82622200000003,0.0,43.35861913333335,1703224719.9854364
INFO:root:3,72.82622200000003,0.0,43.35861913333335,1703224720.5181847
INFO:root:2,72.82622200000003,57.249635400000024,65.03792870000002,1703224721.0421982
INFO:root:2,72.82622200000003,57.249635400000024,65.03792870000002,1703224721.5744896
INFO:root:2,64.28629540000003,45.41181000000002,54.84905270000002,1703224722.1034179
INFO:root:2,64.28629540000003,45.41181000000002,54.84905270000002,1703224722.638464
INFO:root:2,64.28629540000003,45.41181000000002,54.84905270000002,1703224723.1699183
INFO:root:2,64.28629540000003,45.41181000000002,54.84905270000002,1703224723.702409
INFO:root:2,64.28629540000003,45.41181000000002,54.84905270000002,1703224724.2315118
INFO:root:2,64.28629540000003,45.41181000000002,54.84905270000002,1703224724.765132
INFO:root:2,64.28629540000003,45.41181000000002,54.84905270000002,1703224725.29438
INFO:root:2,64.28629540000003,45.41181000000002,54.84905270000002,1703224725.824954
INFO:root:2,64.28629540000003,45.41181000000002,54.84905270000002,1703224726.3522754
INFO:root:2,64.28629540000003,45.41181000000002,54.84905270000002,1703224726.8796437
INFO:root:2,64.28629540000003,45.41181000000002,54.84905270000002,1703224727.410291
INFO:root:2,64.28629540000003,45.41181000000002,54.84905270000002,1703224727.9396245
INFO:root:2,64.28629540000003,45.41181000000002,54.84905270000002,1703224728.470385
INFO:root:2,64.28629540000003,45.41181000000002,54.84905270000002,1703224728.9980028
INFO:root:2,64.28629540000003,45.41181000000002,54.84905270000002,1703224729.5295973
INFO:root:2,64.28629540000003,45.41181000000002,54.84905270000002,1703224730.059072
INFO:root:2,64.28629540000003,45.41181000000002,54.84905270000002,1703224730.589764
INFO:root:2,64.28629540000003,45.41181000000002,54.84905270000002,1703224731.1198401
INFO:root:2,64.28629540000003,45.41181000000002,54.84905270000002,1703224731.6485455
INFO:root:2,64.28629540000003,45.41181000000002,54.84905270000002,1703224732.1795647
INFO:root:2,64.28629540000003,45.41181000000002,54.84905270000002,1703224732.7047982
INFO:root:2,64.28629540000003,45.41181000000002,54.84905270000002,1703224733.2361805
INFO:root:2,64.28629540000003,45.41181000000002,54.84905270000002,1703224733.76412
INFO:root:2,64.28629540000003,45.41181000000002,54.84905270000002,1703224734.2929614
INFO:root:2,64.28629540000003,45.41181000000002,54.84905270000002,1703224734.8241208
INFO:root:2,64.28629540000003,45.41181000000002,54.84905270000002,1703224735.3529837
INFO:root:2,64.28629540000003,45.41181000000002,54.84905270000002,1703224735.8812099
INFO:root:2,64.28629540000003,45.41181000000002,54.84905270000002,1703224736.4085283
INFO:root:3,71.98050400000004,0.2287964000000001,35.386788533333345,1703224736.9385102
INFO:root:3,71.98050400000004,0.2287964000000001,35.386788533333345,1703224737.4684749
INFO:root:3,71.98050400000004,0.2287964000000001,35.386788533333345,1703224738.0009725
INFO:root:3,71.98050400000004,0.2287964000000001,35.386788533333345,1703224738.5289285
INFO:root:3,71.98050400000004,0.2287964000000001,35.386788533333345,1703224739.0586472
INFO:root:3,71.98050400000004,0.2287964000000001,35.386788533333345,1703224739.6257446
INFO:root:3,71.98050400000004,0.2287964000000001,35.386788533333345,1703224740.1557908
INFO:root:3,71.98050400000004,0.2287964000000001,35.386788533333345,1703224740.682555
INFO:root:3,71.98050400000004,0.2287964000000001,35.386788533333345,1703224741.2095942
INFO:root:3,71.98050400000004,0.2287964000000001,35.386788533333345,1703224741.7412243
INFO:root:3,71.98050400000004,0.2287964000000001,35.386788533333345,1703224742.272147
INFO:root:3,71.98050400000004,0.2287964000000001,35.386788533333345,1703224742.7930908
INFO:root:3,71.98050400000004,0.2287964000000001,35.386788533333345,1703224743.3236463
INFO:root:3,71.98050400000004,0.2287964000000001,35.386788533333345,1703224743.8499181
INFO:root:3,71.98050400000004,0.2287964000000001,35.386788533333345,1703224744.3781078
INFO:root:3,71.98050400000004,0.2287964000000001,35.386788533333345,1703224744.9081419
INFO:root:3,71.98050400000004,0.2287964000000001,35.386788533333345,1703224745.4375162
INFO:root:3,71.98050400000004,0.2287964000000001,35.386788533333345,1703224745.9673162
INFO:root:3,71.98050400000004,0.2287964000000001,35.386788533333345,1703224746.4967012
INFO:root:3,71.98050400000004,0.2287964000000001,35.386788533333345,1703224747.0291314
INFO:root:3,71.98050400000004,0.2287964000000001,35.386788533333345,1703224747.5539694
INFO:root:3,71.98050400000004,0.2287964000000001,35.386788533333345,1703224748.0852711
INFO:root:3,71.98050400000004,0.2287964000000001,35.386788533333345,1703224748.6135786
INFO:root:3,71.98050400000004,0.2287964000000001,35.386788533333345,1703224749.1413965
INFO:root:3,71.98050400000004,0.2287964000000001,35.386788533333345,1703224749.7153459
INFO:root:3,71.98050400000004,0.2287964000000001,35.386788533333345,1703224750.2454548
INFO:root:3,71.98050400000004,0.2287964000000001,35.386788533333345,1703224750.7743046
INFO:root:3,71.98050400000004,0.2287964000000001,35.386788533333345,1703224751.3020756
INFO:root:3,71.98050400000004,0.2287964000000001,35.386788533333345,1703224751.8318245
