INFO:root:0,0,0,0,1703226721.2010183
INFO:root:9,0.0,0.0,0.0,1703226721.2299836
INFO:root:9,0.0,0.0,0.0,1703226721.9094362
INFO:root:9,0.0,0.0,0.0,1703226722.520576
INFO:root:9,0.0,0.0,0.0,1703226723.05359
INFO:root:9,0.0,0.0,0.0,1703226723.7100139
INFO:root:9,0.0,0.0,0.0,1703226724.318314
INFO:root:9,0.0,0.0,0.0,1703226724.8454723
INFO:root:9,0.0,0.0,0.0,1703226725.5182993
INFO:root:9,0.0,0.0,0.0,1703226726.126869
INFO:root:9,0.0,0.0,0.0,1703226726.652454
INFO:root:9,0.0,0.0,0.0,1703226727.1860194
INFO:root:9,0.0,0.0,0.0,1703226727.8173292
INFO:root:9,0.0,0.0,0.0,1703226728.4148786
INFO:root:9,0.0,0.0,0.0,1703226728.9373596
INFO:root:9,0.0,0.0,0.0,1703226729.609466
INFO:root:9,0.0,0.0,0.0,1703226730.1399953
INFO:root:9,0.0,0.0,0.0,1703226730.6689906
INFO:root:9,0.0,0.0,0.0,1703226731.1937425
INFO:root:9,0.0,0.0,0.0,1703226731.8147964
INFO:root:9,31.424818600000016,8.877038800000003,20.065148111111117,1703226732.4173086
INFO:root:9,31.424818600000016,8.877038800000003,20.065148111111117,1703226732.9522314
INFO:root:9,31.424818600000016,8.877038800000003,20.065148111111117,1703226733.6149123
INFO:root:9,31.424818600000016,8.877038800000003,20.065148111111117,1703226734.2114036
INFO:root:9,31.424818600000016,8.877038800000003,20.065148111111117,1703226734.74155
INFO:root:9,31.424818600000016,8.877038800000003,20.065148111111117,1703226735.2801554
INFO:root:9,31.424818600000016,8.877038800000003,20.065148111111117,1703226735.915747
INFO:root:9,31.424818600000016,8.877038800000003,20.065148111111117,1703226736.6115181
INFO:root:9,31.424818600000016,8.877038800000003,20.065148111111117,1703226737.1422935
INFO:root:9,31.424818600000016,8.877038800000003,20.065148111111117,1703226737.9081903
INFO:root:9,31.424818600000016,8.877038800000003,20.065148111111117,1703226738.711951
INFO:root:9,31.424818600000016,8.877038800000003,20.065148111111117,1703226739.326486
INFO:root:9,31.424818600000016,8.877038800000003,20.065148111111117,1703226740.1104836
INFO:root:9,31.424818600000016,8.877038800000003,20.065148111111117,1703226740.7276924
INFO:root:9,31.424818600000016,8.877038800000003,20.065148111111117,1703226741.2739115
INFO:root:9,31.424818600000016,8.877038800000003,20.065148111111117,1703226741.9120278
INFO:root:9,31.424818600000016,8.877038800000003,20.065148111111117,1703226742.43447
INFO:root:9,31.424818600000016,8.877038800000003,20.065148111111117,1703226742.9649434
INFO:root:9,31.424818600000016,8.877038800000003,20.065148111111117,1703226743.5246296
INFO:root:9,31.424818600000016,8.877038800000003,20.065148111111117,1703226744.119702
INFO:root:9,31.424818600000016,8.877038800000003,20.065148111111117,1703226744.6452425
INFO:root:9,31.424818600000016,8.877038800000003,20.065148111111117,1703226745.1769202
INFO:root:9,31.424818600000016,8.877038800000003,20.065148111111117,1703226745.7215245
INFO:root:9,31.424818600000016,8.877038800000003,20.065148111111117,1703226746.3176143
INFO:root:9,31.424818600000016,8.877038800000003,20.065148111111117,1703226746.8407316
INFO:root:9,47.863339400000015,6.211465600000002,27.487389666666672,1703226747.3691008
INFO:root:9,47.863339400000015,6.211465600000002,27.487389666666672,1703226747.9239235
INFO:root:9,47.863339400000015,6.211465600000002,27.487389666666672,1703226748.4555511
INFO:root:9,47.863339400000015,6.211465600000002,27.487389666666672,1703226748.987385
INFO:root:9,47.863339400000015,6.211465600000002,27.487389666666672,1703226749.5246542
INFO:root:9,47.863339400000015,6.211465600000002,27.487389666666672,1703226750.1204007
INFO:root:9,47.863339400000015,6.211465600000002,27.487389666666672,1703226750.651586
INFO:root:9,47.863339400000015,6.211465600000002,27.487389666666672,1703226751.1806202
INFO:root:9,47.863339400000015,6.211465600000002,27.487389666666672,1703226751.8078644
INFO:root:9,47.863339400000015,6.211465600000002,27.487389666666672,1703226752.3321278
INFO:root:9,47.863339400000015,6.211465600000002,27.487389666666672,1703226752.8568811
INFO:root:7,47.863339400000015,10.883326400000005,30.221386000000013,1703226753.3882096
INFO:root:7,47.863339400000015,10.883326400000005,30.221386000000013,1703226753.9214694
INFO:root:7,47.863339400000015,10.883326400000005,30.221386000000013,1703226754.4451108
INFO:root:7,47.863339400000015,10.883326400000005,30.221386000000013,1703226754.9758382
INFO:root:7,47.863339400000015,10.883326400000005,30.221386000000013,1703226755.5255368
INFO:root:7,47.863339400000015,10.883326400000005,30.221386000000013,1703226756.1193054
INFO:root:7,47.863339400000015,10.883326400000005,30.221386000000013,1703226756.6416316
INFO:root:7,47.863339400000015,10.883326400000005,30.221386000000013,1703226757.1681745
INFO:root:7,47.863339400000015,10.883326400000005,30.221386000000013,1703226757.7246373
INFO:root:7,47.863339400000015,10.883326400000005,30.221386000000013,1703226758.2556074
INFO:root:5,47.863339400000015,19.79146260000001,33.809222640000016,1703226758.7791846
INFO:root:5,47.863339400000015,19.79146260000001,33.809222640000016,1703226759.315485
INFO:root:5,47.863339400000015,19.79146260000001,33.809222640000016,1703226759.9241455
INFO:root:5,47.863339400000015,19.79146260000001,33.809222640000016,1703226760.4528332
INFO:root:5,47.863339400000015,19.79146260000001,33.809222640000016,1703226760.9853194
INFO:root:5,47.863339400000015,19.79146260000001,33.809222640000016,1703226761.5241714
INFO:root:5,47.863339400000015,19.79146260000001,33.809222640000016,1703226762.208679
INFO:root:9,43.746230400000016,0.2295530000000001,19.88098800000001,1703226762.7413223
INFO:root:9,43.746230400000016,0.2295530000000001,19.88098800000001,1703226763.272361
INFO:root:9,43.746230400000016,0.2295530000000001,19.88098800000001,1703226763.8244505
INFO:root:9,43.746230400000016,0.2295530000000001,19.88098800000001,1703226764.4125645
INFO:root:9,43.746230400000016,0.2295530000000001,19.88098800000001,1703226764.9348364
INFO:root:9,43.746230400000016,0.2295530000000001,19.88098800000001,1703226765.5080588
INFO:root:9,43.746230400000016,0.2295530000000001,19.88098800000001,1703226766.1085203
INFO:root:9,43.746230400000016,0.2295530000000001,19.88098800000001,1703226766.631497
INFO:root:9,43.746230400000016,0.2295530000000001,19.88098800000001,1703226767.160785
INFO:root:9,43.746230400000016,0.2295530000000001,19.88098800000001,1703226767.7199774
INFO:root:9,43.746230400000016,0.2295530000000001,19.88098800000001,1703226768.306988
INFO:root:9,43.746230400000016,0.2295530000000001,19.88098800000001,1703226768.8383522
INFO:root:9,43.746230400000016,0.2295530000000001,19.88098800000001,1703226769.420264
INFO:root:9,43.746230400000016,0.2295530000000001,19.88098800000001,1703226770.0256066
INFO:root:9,43.746230400000016,0.2295530000000001,19.88098800000001,1703226770.5463943
INFO:root:9,43.746230400000016,0.2295530000000001,19.88098800000001,1703226771.074485
INFO:root:9,43.746230400000016,0.2295530000000001,19.88098800000001,1703226771.6189399
INFO:root:9,43.746230400000016,0.2295530000000001,19.88098800000001,1703226772.1482782
INFO:root:9,43.746230400000016,0.2295530000000001,19.88098800000001,1703226772.671542
INFO:root:9,43.746230400000016,0.2295530000000001,19.88098800000001,1703226773.2001746
INFO:root:9,43.746230400000016,0.2295530000000001,19.88098800000001,1703226773.7358282
INFO:root:9,43.746230400000016,0.2295530000000001,19.88098800000001,1703226774.3165448
INFO:root:9,43.746230400000016,0.2295530000000001,19.88098800000001,1703226774.859059
INFO:root:9,43.746230400000016,0.2295530000000001,19.88098800000001,1703226775.3958895
INFO:root:9,43.746230400000016,0.2295530000000001,19.88098800000001,1703226775.9298918
INFO:root:9,43.746230400000016,0.2295530000000001,19.88098800000001,1703226776.508253
INFO:root:9,54.57255000000002,0.0,23.98071971111112,1703226777.031295
INFO:root:9,54.57255000000002,0.0,23.98071971111112,1703226777.6184816
INFO:root:9,54.57255000000002,0.0,23.98071971111112,1703226778.208209
INFO:root:9,54.57255000000002,0.0,23.98071971111112,1703226778.740202
INFO:root:9,54.57255000000002,0.0,23.98071971111112,1703226779.2720401
INFO:root:9,54.57255000000002,0.0,23.98071971111112,1703226779.8246133
INFO:root:9,54.57255000000002,0.0,23.98071971111112,1703226780.406293
INFO:root:9,54.57255000000002,0.0,23.98071971111112,1703226780.9350073
INFO:root:9,54.57255000000002,0.0,23.98071971111112,1703226781.4672642
INFO:root:9,54.57255000000002,0.0,23.98071971111112,1703226782.016395
INFO:root:9,54.57255000000002,0.0,23.98071971111112,1703226782.5528812
INFO:root:9,54.57255000000002,0.0,23.98071971111112,1703226783.0840845
INFO:root:9,54.57255000000002,0.0,23.98071971111112,1703226783.716848
INFO:root:9,54.57255000000002,0.0,23.98071971111112,1703226784.308329
INFO:root:9,54.57255000000002,0.0,23.98071971111112,1703226784.836079
INFO:root:9,54.57255000000002,0.0,23.98071971111112,1703226785.3645813
INFO:root:9,54.57255000000002,0.0,23.98071971111112,1703226785.9239478
INFO:root:9,54.57255000000002,0.0,23.98071971111112,1703226786.507142
INFO:root:9,54.57255000000002,0.0,23.98071971111112,1703226787.0325003
INFO:root:9,54.57255000000002,0.0,23.98071971111112,1703226787.563514
INFO:root:9,54.57255000000002,0.0,23.98071971111112,1703226788.118489
INFO:root:9,54.57255000000002,0.0,23.98071971111112,1703226788.649782
INFO:root:9,54.57255000000002,0.0,23.98071971111112,1703226789.1782298
INFO:root:9,54.57255000000002,0.0,23.98071971111112,1703226789.723061
INFO:root:9,54.57255000000002,0.0,23.98071971111112,1703226790.3183293
INFO:root:9,54.57255000000002,0.0,23.98071971111112,1703226790.8412
INFO:root:9,54.57255000000002,0.0,23.98071971111112,1703226791.370813
INFO:root:9,54.57255000000002,0.0,23.98071971111112,1703226792.012595
INFO:root:9,46.40533240000002,0.0,22.18720362222223,1703226792.622931
INFO:root:9,46.40533240000002,0.0,22.18720362222223,1703226793.1573076
INFO:root:9,46.40533240000002,0.0,22.18720362222223,1703226793.720578
INFO:root:9,46.40533240000002,0.0,22.18720362222223,1703226794.308117
INFO:root:9,46.40533240000002,0.0,22.18720362222223,1703226794.8307004
INFO:root:9,46.40533240000002,0.0,22.18720362222223,1703226795.3579373
INFO:root:9,46.40533240000002,0.0,22.18720362222223,1703226795.9223003
INFO:root:9,46.40533240000002,0.0,22.18720362222223,1703226796.5089805
INFO:root:9,46.40533240000002,0.0,22.18720362222223,1703226797.0381494
INFO:root:9,46.40533240000002,0.0,22.18720362222223,1703226797.5660074
INFO:root:9,46.40533240000002,0.0,22.18720362222223,1703226798.1240454
INFO:root:9,46.40533240000002,0.0,22.18720362222223,1703226798.6565468
INFO:root:9,46.40533240000002,0.0,22.18720362222223,1703226799.1850452
INFO:root:9,46.40533240000002,0.0,22.18720362222223,1703226799.7243898
INFO:root:9,46.40533240000002,0.0,22.18720362222223,1703226800.3220425
INFO:root:9,46.40533240000002,0.0,22.18720362222223,1703226800.8492968
INFO:root:9,46.40533240000002,0.0,22.18720362222223,1703226801.3793156
INFO:root:9,46.40533240000002,0.0,22.18720362222223,1703226801.921533
INFO:root:9,46.40533240000002,0.0,22.18720362222223,1703226802.4481661
INFO:root:9,46.40533240000002,0.0,22.18720362222223,1703226802.978111
INFO:root:9,46.40533240000002,0.0,22.18720362222223,1703226803.5062995
INFO:root:9,46.40533240000002,0.0,22.18720362222223,1703226804.1124024
INFO:root:9,46.40533240000002,0.0,22.18720362222223,1703226804.6428676
INFO:root:9,46.40533240000002,0.0,22.18720362222223,1703226805.1711445
INFO:root:9,46.40533240000002,0.0,22.18720362222223,1703226805.7094514
INFO:root:9,46.40533240000002,0.0,22.18720362222223,1703226806.3082957
INFO:root:9,46.40533240000002,0.0,22.18720362222223,1703226806.8414836
INFO:root:9,53.17393740000003,0.0,24.510013044444452,1703226807.3719277
INFO:root:9,53.17393740000003,0.0,24.510013044444452,1703226807.919327
INFO:root:9,53.17393740000003,0.0,24.510013044444452,1703226808.5084026
INFO:root:9,53.17393740000003,0.0,24.510013044444452,1703226809.0339038
INFO:root:9,53.17393740000003,0.0,24.510013044444452,1703226809.5652363
INFO:root:9,53.17393740000003,0.0,24.510013044444452,1703226810.119141
INFO:root:9,53.17393740000003,0.0,24.510013044444452,1703226810.7222288
INFO:root:9,53.17393740000003,0.0,24.510013044444452,1703226811.2446284
INFO:root:9,53.17393740000003,0.0,24.510013044444452,1703226811.817339
INFO:root:9,53.17393740000003,0.0,24.510013044444452,1703226812.4158218
INFO:root:9,53.17393740000003,0.0,24.510013044444452,1703226812.9383402
INFO:root:9,53.17393740000003,0.0,24.510013044444452,1703226813.4720051
INFO:root:9,53.17393740000003,0.0,24.510013044444452,1703226814.02377
INFO:root:9,53.17393740000003,0.0,24.510013044444452,1703226814.5468857
INFO:root:9,53.17393740000003,0.0,24.510013044444452,1703226815.0769732
INFO:root:9,53.17393740000003,0.0,24.510013044444452,1703226815.605422
INFO:root:9,53.17393740000003,0.0,24.510013044444452,1703226816.1339972
INFO:root:9,53.17393740000003,0.0,24.510013044444452,1703226816.658452
INFO:root:9,53.17393740000003,0.0,24.510013044444452,1703226817.188572
INFO:root:9,53.17393740000003,0.0,24.510013044444452,1703226817.7185154
INFO:root:9,53.17393740000003,0.0,24.510013044444452,1703226818.3180757
INFO:root:9,53.17393740000003,0.0,24.510013044444452,1703226818.8511217
INFO:root:9,53.17393740000003,0.0,24.510013044444452,1703226819.3800128
INFO:root:9,53.17393740000003,0.0,24.510013044444452,1703226820.013708
INFO:root:9,53.17393740000003,0.0,24.510013044444452,1703226820.6215918
INFO:root:9,53.17393740000003,0.0,24.510013044444452,1703226821.1501768
INFO:root:9,53.17393740000003,0.0,24.510013044444452,1703226821.6794512
INFO:root:9,53.17393740000003,0.0,24.510013044444452,1703226822.3075595
INFO:root:9,47.28380200000002,0.0,23.68999333333334,1703226822.916135
INFO:root:9,47.28380200000002,0.0,23.68999333333334,1703226823.439738
INFO:root:9,47.28380200000002,0.0,23.68999333333334,1703226824.1085813
INFO:root:9,47.28380200000002,0.0,23.68999333333334,1703226824.71977
INFO:root:9,47.28380200000002,0.0,23.68999333333334,1703226825.317852
INFO:root:9,47.28380200000002,0.0,23.68999333333334,1703226826.009747
INFO:root:9,47.28380200000002,0.0,23.68999333333334,1703226826.622826
INFO:root:9,47.28380200000002,0.0,23.68999333333334,1703226827.3096685
INFO:root:9,47.28380200000002,0.0,23.68999333333334,1703226827.9173822
INFO:root:9,47.28380200000002,0.0,23.68999333333334,1703226828.5205579
INFO:root:9,47.28380200000002,0.0,23.68999333333334,1703226829.2084463
INFO:root:9,47.28380200000002,0.0,23.68999333333334,1703226829.8221202
INFO:root:9,47.28380200000002,0.0,23.68999333333334,1703226830.5119138
INFO:root:9,47.28380200000002,0.0,23.68999333333334,1703226831.1192837
INFO:root:9,47.28380200000002,0.0,23.68999333333334,1703226831.8098805
INFO:root:9,47.28380200000002,0.0,23.68999333333334,1703226832.509205
INFO:root:9,47.28380200000002,0.0,23.68999333333334,1703226833.2074966
INFO:root:9,47.28380200000002,0.0,23.68999333333334,1703226833.8191302
INFO:root:9,47.28380200000002,0.0,23.68999333333334,1703226834.4204974
INFO:root:9,47.28380200000002,0.0,23.68999333333334,1703226835.0224864
INFO:root:9,47.28380200000002,0.0,23.68999333333334,1703226835.6213691
INFO:root:9,47.28380200000002,0.0,23.68999333333334,1703226836.308178
INFO:root:9,47.28380200000002,0.0,23.68999333333334,1703226837.013165
INFO:root:9,43.59035040000002,32.83974820000001,38.55062824444447,1703226837.6252398
INFO:root:9,43.59035040000002,32.83974820000001,38.55062824444447,1703226838.2189872
INFO:root:9,43.59035040000002,32.83974820000001,38.55062824444447,1703226838.9081113
INFO:root:9,43.59035040000002,32.83974820000001,38.55062824444447,1703226839.6088116
INFO:root:9,43.59035040000002,32.83974820000001,38.55062824444447,1703226840.309466
INFO:root:9,43.59035040000002,32.83974820000001,38.55062824444447,1703226841.0093634
INFO:root:9,43.59035040000002,32.83974820000001,38.55062824444447,1703226841.7068493
INFO:root:9,43.59035040000002,32.83974820000001,38.55062824444447,1703226842.308744
INFO:root:9,43.59035040000002,32.83974820000001,38.55062824444447,1703226842.9210052
INFO:root:9,43.59035040000002,32.83974820000001,38.55062824444447,1703226843.6091213
INFO:root:9,43.59035040000002,32.83974820000001,38.55062824444447,1703226844.2205515
INFO:root:9,43.59035040000002,32.83974820000001,38.55062824444447,1703226844.9080474
INFO:root:9,43.59035040000002,32.83974820000001,38.55062824444447,1703226845.5206523
INFO:root:9,43.59035040000002,32.83974820000001,38.55062824444447,1703226846.210322
INFO:root:9,43.59035040000002,32.83974820000001,38.55062824444447,1703226846.9086308
INFO:root:9,43.59035040000002,32.83974820000001,38.55062824444447,1703226847.5212257
INFO:root:9,43.59035040000002,32.83974820000001,38.55062824444447,1703226848.209283
INFO:root:9,43.59035040000002,32.83974820000001,38.55062824444447,1703226848.9095454
INFO:root:9,43.59035040000002,32.83974820000001,38.55062824444447,1703226849.519601
INFO:root:9,43.59035040000002,32.83974820000001,38.55062824444447,1703226850.2100003
INFO:root:9,43.59035040000002,32.83974820000001,38.55062824444447,1703226850.8203752
INFO:root:9,43.59035040000002,32.83974820000001,38.55062824444447,1703226851.4248745
INFO:root:9,43.59035040000002,32.83974820000001,38.55062824444447,1703226852.1085362
INFO:root:9,40.795121000000016,39.818056200000015,40.35092184444446,1703226852.7099466
INFO:root:9,40.795121000000016,39.818056200000015,40.35092184444446,1703226853.4145303
INFO:root:9,40.795121000000016,39.818056200000015,40.35092184444446,1703226854.018511
INFO:root:9,40.795121000000016,39.818056200000015,40.35092184444446,1703226854.710846
INFO:root:9,40.795121000000016,39.818056200000015,40.35092184444446,1703226855.3245351
INFO:root:9,40.795121000000016,39.818056200000015,40.35092184444446,1703226855.924467
INFO:root:9,40.795121000000016,39.818056200000015,40.35092184444446,1703226856.5213196
INFO:root:9,40.795121000000016,39.818056200000015,40.35092184444446,1703226857.2088382
INFO:root:9,40.795121000000016,39.818056200000015,40.35092184444446,1703226857.8176384
INFO:root:9,40.795121000000016,39.818056200000015,40.35092184444446,1703226858.4219043
INFO:root:9,40.795121000000016,39.818056200000015,40.35092184444446,1703226859.10816
INFO:root:9,40.795121000000016,39.818056200000015,40.35092184444446,1703226859.7248864
INFO:root:9,40.795121000000016,39.818056200000015,40.35092184444446,1703226860.4067178
INFO:root:9,40.795121000000016,39.818056200000015,40.35092184444446,1703226861.019563
INFO:root:9,40.795121000000016,39.818056200000015,40.35092184444446,1703226861.7084808
INFO:root:9,40.795121000000016,39.818056200000015,40.35092184444446,1703226862.4151728
INFO:root:9,40.795121000000016,39.818056200000015,40.35092184444446,1703226863.0182803
INFO:root:9,40.795121000000016,39.818056200000015,40.35092184444446,1703226863.7089298
INFO:root:9,40.795121000000016,39.818056200000015,40.35092184444446,1703226864.4087825
INFO:root:9,40.795121000000016,39.818056200000015,40.35092184444446,1703226865.0205138
INFO:root:9,40.795121000000016,39.818056200000015,40.35092184444446,1703226865.7099876
INFO:root:9,40.795121000000016,39.818056200000015,40.35092184444446,1703226866.406271
INFO:root:9,40.795121000000016,39.818056200000015,40.35092184444446,1703226867.31125
INFO:root:9,40.97987720000001,39.47925280000002,40.19717402222224,1703226867.9238226
INFO:root:9,40.97987720000001,39.47925280000002,40.19717402222224,1703226868.5208461
INFO:root:9,40.97987720000001,39.47925280000002,40.19717402222224,1703226869.2082317
INFO:root:9,40.97987720000001,39.47925280000002,40.19717402222224,1703226869.8222632
INFO:root:9,40.97987720000001,39.47925280000002,40.19717402222224,1703226870.4239829
INFO:root:9,40.97987720000001,39.47925280000002,40.19717402222224,1703226871.0186186
INFO:root:9,40.97987720000001,39.47925280000002,40.19717402222224,1703226871.6202774
INFO:root:9,40.97987720000001,39.47925280000002,40.19717402222224,1703226872.310588
INFO:root:9,40.97987720000001,39.47925280000002,40.19717402222224,1703226873.009642
INFO:root:9,40.97987720000001,39.47925280000002,40.19717402222224,1703226873.6254525
INFO:root:9,40.97987720000001,39.47925280000002,40.19717402222224,1703226874.3061717
INFO:root:9,40.97987720000001,39.47925280000002,40.19717402222224,1703226875.0077794
INFO:root:9,40.97987720000001,39.47925280000002,40.19717402222224,1703226875.6200979
INFO:root:9,40.97987720000001,39.47925280000002,40.19717402222224,1703226876.3075747
INFO:root:9,40.97987720000001,39.47925280000002,40.19717402222224,1703226877.0080168
INFO:root:9,40.97987720000001,39.47925280000002,40.19717402222224,1703226877.6152468
INFO:root:9,40.97987720000001,39.47925280000002,40.19717402222224,1703226878.225679
INFO:root:9,40.97987720000001,39.47925280000002,40.19717402222224,1703226878.906932
INFO:root:9,40.97987720000001,39.47925280000002,40.19717402222224,1703226879.5210125
INFO:root:9,40.97987720000001,39.47925280000002,40.19717402222224,1703226880.1193275
INFO:root:9,40.97987720000001,39.47925280000002,40.19717402222224,1703226880.720546
INFO:root:9,40.97987720000001,39.47925280000002,40.19717402222224,1703226881.4099486
INFO:root:9,40.97987720000001,39.47925280000002,40.19717402222224,1703226882.2152073
INFO:root:9,42.01627860000002,39.82064540000002,40.728380333333355,1703226882.9094877
INFO:root:9,42.01627860000002,39.82064540000002,40.728380333333355,1703226883.6067855
INFO:root:9,42.01627860000002,39.82064540000002,40.728380333333355,1703226884.3101141
INFO:root:9,42.01627860000002,39.82064540000002,40.728380333333355,1703226885.0090528
INFO:root:9,42.01627860000002,39.82064540000002,40.728380333333355,1703226885.6210399
INFO:root:9,42.01627860000002,39.82064540000002,40.728380333333355,1703226886.3099875
INFO:root:9,42.01627860000002,39.82064540000002,40.728380333333355,1703226887.0099218
INFO:root:9,42.01627860000002,39.82064540000002,40.728380333333355,1703226887.7169187
INFO:root:9,42.01627860000002,39.82064540000002,40.728380333333355,1703226888.320585
INFO:root:9,42.01627860000002,39.82064540000002,40.728380333333355,1703226888.9200335
INFO:root:9,42.01627860000002,39.82064540000002,40.728380333333355,1703226889.5242772
INFO:root:9,42.01627860000002,39.82064540000002,40.728380333333355,1703226890.209122
INFO:root:9,42.01627860000002,39.82064540000002,40.728380333333355,1703226890.8195786
INFO:root:9,42.01627860000002,39.82064540000002,40.728380333333355,1703226891.422974
INFO:root:9,42.01627860000002,39.82064540000002,40.728380333333355,1703226892.020581
INFO:root:9,42.01627860000002,39.82064540000002,40.728380333333355,1703226892.6232119
INFO:root:9,42.01627860000002,39.82064540000002,40.728380333333355,1703226893.3097272
INFO:root:9,42.01627860000002,39.82064540000002,40.728380333333355,1703226893.9186304
INFO:root:9,42.01627860000002,39.82064540000002,40.728380333333355,1703226894.6092045
INFO:root:9,42.01627860000002,39.82064540000002,40.728380333333355,1703226895.3103232
INFO:root:9,42.01627860000002,39.82064540000002,40.728380333333355,1703226896.0074747
INFO:root:9,42.01627860000002,39.82064540000002,40.728380333333355,1703226896.7063568
INFO:root:9,42.01627860000002,39.82064540000002,40.728380333333355,1703226897.409842
INFO:root:9,40.42738120000001,38.96674120000001,39.812525044444456,1703226898.0182989
INFO:root:9,40.42738120000001,38.96674120000001,39.812525044444456,1703226898.6228843
INFO:root:9,40.42738120000001,38.96674120000001,39.812525044444456,1703226899.309413
INFO:root:9,40.42738120000001,38.96674120000001,39.812525044444456,1703226900.0093281
INFO:root:9,40.42738120000001,38.96674120000001,39.812525044444456,1703226900.6198483
INFO:root:9,40.42738120000001,38.96674120000001,39.812525044444456,1703226901.2249231
INFO:root:9,40.42738120000001,38.96674120000001,39.812525044444456,1703226901.8244045
INFO:root:9,40.42738120000001,38.96674120000001,39.812525044444456,1703226902.5092616
INFO:root:9,40.42738120000001,38.96674120000001,39.812525044444456,1703226903.1244538
INFO:root:9,40.42738120000001,38.96674120000001,39.812525044444456,1703226903.7248244
INFO:root:9,40.42738120000001,38.96674120000001,39.812525044444456,1703226904.40851
INFO:root:9,40.42738120000001,38.96674120000001,39.812525044444456,1703226905.2090151
INFO:root:9,40.42738120000001,38.96674120000001,39.812525044444456,1703226905.8187354
INFO:root:9,40.42738120000001,38.96674120000001,39.812525044444456,1703226906.4253833
INFO:root:9,40.42738120000001,38.96674120000001,39.812525044444456,1703226907.0251887
INFO:root:9,40.42738120000001,38.96674120000001,39.812525044444456,1703226907.6199644
INFO:root:9,40.42738120000001,38.96674120000001,39.812525044444456,1703226908.2208061
INFO:root:9,40.42738120000001,38.96674120000001,39.812525044444456,1703226908.9094439
INFO:root:9,40.42738120000001,38.96674120000001,39.812525044444456,1703226909.5251582
INFO:root:9,40.42738120000001,38.96674120000001,39.812525044444456,1703226910.1249356
INFO:root:9,40.42738120000001,38.96674120000001,39.812525044444456,1703226910.807324
INFO:root:9,40.42738120000001,38.96674120000001,39.812525044444456,1703226911.5070999
INFO:root:9,40.42738120000001,38.96674120000001,39.812525044444456,1703226912.308858
INFO:root:9,40.984375600000014,39.58865020000002,40.54934946666668,1703226912.9179525
INFO:root:9,40.984375600000014,39.58865020000002,40.54934946666668,1703226913.520844
INFO:root:9,40.984375600000014,39.58865020000002,40.54934946666668,1703226914.2088022
INFO:root:9,40.984375600000014,39.58865020000002,40.54934946666668,1703226914.8099031
INFO:root:9,40.984375600000014,39.58865020000002,40.54934946666668,1703226915.5187194
INFO:root:9,40.984375600000014,39.58865020000002,40.54934946666668,1703226916.1246443
INFO:root:9,40.984375600000014,39.58865020000002,40.54934946666668,1703226916.8098652
INFO:root:9,40.984375600000014,39.58865020000002,40.54934946666668,1703226917.506974
INFO:root:9,40.984375600000014,39.58865020000002,40.54934946666668,1703226918.1163568
INFO:root:9,40.984375600000014,39.58865020000002,40.54934946666668,1703226918.7225482
INFO:root:9,40.984375600000014,39.58865020000002,40.54934946666668,1703226919.4098892
INFO:root:9,40.984375600000014,39.58865020000002,40.54934946666668,1703226920.1082404
INFO:root:9,40.984375600000014,39.58865020000002,40.54934946666668,1703226920.7216344
INFO:root:9,40.984375600000014,39.58865020000002,40.54934946666668,1703226921.40639
INFO:root:9,40.984375600000014,39.58865020000002,40.54934946666668,1703226922.0225945
INFO:root:9,40.984375600000014,39.58865020000002,40.54934946666668,1703226922.7082129
INFO:root:9,40.984375600000014,39.58865020000002,40.54934946666668,1703226923.309927
INFO:root:9,40.984375600000014,39.58865020000002,40.54934946666668,1703226923.9222746
INFO:root:9,40.984375600000014,39.58865020000002,40.54934946666668,1703226924.6067953
INFO:root:9,40.984375600000014,39.58865020000002,40.54934946666668,1703226925.2211251
INFO:root:9,40.984375600000014,39.58865020000002,40.54934946666668,1703226925.908143
INFO:root:9,40.984375600000014,39.58865020000002,40.54934946666668,1703226926.520022
INFO:root:9,40.984375600000014,39.58865020000002,40.54934946666668,1703226927.3179338
INFO:root:9,41.04587160000002,39.83972480000001,40.43584524444446,1703226928.0087435
INFO:root:9,41.04587160000002,39.83972480000001,40.43584524444446,1703226928.6134493
INFO:root:9,41.04587160000002,39.83972480000001,40.43584524444446,1703226929.2236686
INFO:root:9,41.04587160000002,39.83972480000001,40.43584524444446,1703226929.9097314
INFO:root:9,41.04587160000002,39.83972480000001,40.43584524444446,1703226930.5150464
INFO:root:9,41.04587160000002,39.83972480000001,40.43584524444446,1703226931.210401
INFO:root:9,41.04587160000002,39.83972480000001,40.43584524444446,1703226931.9086623
INFO:root:9,41.04587160000002,39.83972480000001,40.43584524444446,1703226932.5185285
INFO:root:9,41.04587160000002,39.83972480000001,40.43584524444446,1703226933.1205554
INFO:root:9,41.04587160000002,39.83972480000001,40.43584524444446,1703226933.7250717
INFO:root:9,41.04587160000002,39.83972480000001,40.43584524444446,1703226934.409928
INFO:root:9,41.04587160000002,39.83972480000001,40.43584524444446,1703226935.0198057
INFO:root:9,41.04587160000002,39.83972480000001,40.43584524444446,1703226935.7084024
INFO:root:9,41.04587160000002,39.83972480000001,40.43584524444446,1703226936.419095
INFO:root:9,41.04587160000002,39.83972480000001,40.43584524444446,1703226937.1068356
INFO:root:9,41.04587160000002,39.83972480000001,40.43584524444446,1703226937.8079288
INFO:root:9,41.04587160000002,39.83972480000001,40.43584524444446,1703226938.5071187
INFO:root:9,41.04587160000002,39.83972480000001,40.43584524444446,1703226939.1198046
INFO:root:9,41.04587160000002,39.83972480000001,40.43584524444446,1703226939.8096404
INFO:root:9,41.04587160000002,39.83972480000001,40.43584524444446,1703226940.4172618
INFO:root:9,41.04587160000002,39.83972480000001,40.43584524444446,1703226941.1090338
INFO:root:9,41.04587160000002,39.83972480000001,40.43584524444446,1703226941.9077883
INFO:root:9,41.04587160000002,39.83972480000001,40.43584524444446,1703226942.61294
INFO:root:9,40.954842200000016,39.751541400000015,40.25446257777779,1703226943.2200887
INFO:root:9,40.954842200000016,39.751541400000015,40.25446257777779,1703226943.910578
INFO:root:9,40.954842200000016,39.751541400000015,40.25446257777779,1703226944.523964
INFO:root:9,40.954842200000016,39.751541400000015,40.25446257777779,1703226945.2095358
INFO:root:9,40.954842200000016,39.751541400000015,40.25446257777779,1703226945.8096259
INFO:root:9,40.954842200000016,39.751541400000015,40.25446257777779,1703226946.5112505
INFO:root:9,40.954842200000016,39.751541400000015,40.25446257777779,1703226947.217467
INFO:root:9,40.954842200000016,39.751541400000015,40.25446257777779,1703226947.9125657
INFO:root:9,40.954842200000016,39.751541400000015,40.25446257777779,1703226948.6063457
INFO:root:9,40.954842200000016,39.751541400000015,40.25446257777779,1703226949.3090885
INFO:root:9,40.954842200000016,39.751541400000015,40.25446257777779,1703226949.9209335
INFO:root:9,40.954842200000016,39.751541400000015,40.25446257777779,1703226950.5209517
INFO:root:9,40.954842200000016,39.751541400000015,40.25446257777779,1703226951.2107904
INFO:root:9,40.954842200000016,39.751541400000015,40.25446257777779,1703226951.819015
INFO:root:9,40.954842200000016,39.751541400000015,40.25446257777779,1703226952.50876
INFO:root:9,40.954842200000016,39.751541400000015,40.25446257777779,1703226953.2084816
INFO:root:9,40.954842200000016,39.751541400000015,40.25446257777779,1703226953.8197482
INFO:root:9,40.954842200000016,39.751541400000015,40.25446257777779,1703226954.5085094
INFO:root:9,40.954842200000016,39.751541400000015,40.25446257777779,1703226955.1092932
INFO:root:9,40.954842200000016,39.751541400000015,40.25446257777779,1703226955.7236414
INFO:root:9,40.954842200000016,39.751541400000015,40.25446257777779,1703226956.3249774
INFO:root:9,40.954842200000016,39.751541400000015,40.25446257777779,1703226957.0116656
INFO:root:9,41.647652600000015,39.16594400000001,40.464085022222235,1703226957.7096605
INFO:root:9,41.647652600000015,39.16594400000001,40.464085022222235,1703226958.4103613
INFO:root:9,41.647652600000015,39.16594400000001,40.464085022222235,1703226959.02042
INFO:root:9,41.647652600000015,39.16594400000001,40.464085022222235,1703226959.7104354
INFO:root:9,41.647652600000015,39.16594400000001,40.464085022222235,1703226960.4088993
INFO:root:9,41.647652600000015,39.16594400000001,40.464085022222235,1703226961.111005
INFO:root:9,41.647652600000015,39.16594400000001,40.464085022222235,1703226961.8102686
INFO:root:9,41.647652600000015,39.16594400000001,40.464085022222235,1703226962.5096672
INFO:root:9,41.647652600000015,39.16594400000001,40.464085022222235,1703226963.2088692
INFO:root:9,41.647652600000015,39.16594400000001,40.464085022222235,1703226963.820386
INFO:root:9,41.647652600000015,39.16594400000001,40.464085022222235,1703226964.509265
INFO:root:9,41.647652600000015,39.16594400000001,40.464085022222235,1703226965.115306
INFO:root:9,41.647652600000015,39.16594400000001,40.464085022222235,1703226965.8104224
INFO:root:9,41.647652600000015,39.16594400000001,40.464085022222235,1703226966.4185028
INFO:root:9,41.647652600000015,39.16594400000001,40.464085022222235,1703226967.1097672
INFO:root:9,41.647652600000015,39.16594400000001,40.464085022222235,1703226967.7109673
INFO:root:9,41.647652600000015,39.16594400000001,40.464085022222235,1703226968.409572
INFO:root:9,41.647652600000015,39.16594400000001,40.464085022222235,1703226969.0221128
INFO:root:9,41.647652600000015,39.16594400000001,40.464085022222235,1703226969.7093875
INFO:root:9,41.647652600000015,39.16594400000001,40.464085022222235,1703226970.409235
INFO:root:9,41.647652600000015,39.16594400000001,40.464085022222235,1703226971.0251484
INFO:root:9,41.647652600000015,39.16594400000001,40.464085022222235,1703226971.708749
INFO:root:9,40.96592600000001,39.469105800000015,40.17456184444446,1703226972.4069202
INFO:root:9,40.96592600000001,39.469105800000015,40.17456184444446,1703226973.0184429
INFO:root:9,40.96592600000001,39.469105800000015,40.17456184444446,1703226973.7066689
INFO:root:9,40.96592600000001,39.469105800000015,40.17456184444446,1703226974.3240848
INFO:root:9,40.96592600000001,39.469105800000015,40.17456184444446,1703226974.9196575
INFO:root:9,40.96592600000001,39.469105800000015,40.17456184444446,1703226975.521322
INFO:root:9,40.96592600000001,39.469105800000015,40.17456184444446,1703226976.1262794
INFO:root:9,40.96592600000001,39.469105800000015,40.17456184444446,1703226976.8124928
INFO:root:9,40.96592600000001,39.469105800000015,40.17456184444446,1703226977.508808
INFO:root:9,40.96592600000001,39.469105800000015,40.17456184444446,1703226978.2077742
INFO:root:9,40.96592600000001,39.469105800000015,40.17456184444446,1703226978.820114
INFO:root:9,40.96592600000001,39.469105800000015,40.17456184444446,1703226979.6077387
INFO:root:9,40.96592600000001,39.469105800000015,40.17456184444446,1703226980.2204132
INFO:root:9,40.96592600000001,39.469105800000015,40.17456184444446,1703226980.9083345
INFO:root:9,40.96592600000001,39.469105800000015,40.17456184444446,1703226981.5201297
INFO:root:9,40.96592600000001,39.469105800000015,40.17456184444446,1703226982.209669
INFO:root:9,40.96592600000001,39.469105800000015,40.17456184444446,1703226982.9101586
INFO:root:9,40.96592600000001,39.469105800000015,40.17456184444446,1703226983.6072435
INFO:root:9,40.96592600000001,39.469105800000015,40.17456184444446,1703226984.2216861
INFO:root:9,40.96592600000001,39.469105800000015,40.17456184444446,1703226984.8216064
INFO:root:9,40.96592600000001,39.469105800000015,40.17456184444446,1703226985.5087752
INFO:root:9,40.96592600000001,39.469105800000015,40.17456184444446,1703226986.1188054
INFO:root:9,40.96592600000001,39.469105800000015,40.17456184444446,1703226986.7319767
INFO:root:9,40.96592600000001,39.469105800000015,40.17456184444446,1703226987.4102283
INFO:root:9,41.111276400000015,39.86522560000002,40.58228882222224,1703226988.0210764
INFO:root:9,41.111276400000015,39.86522560000002,40.58228882222224,1703226988.7102811
INFO:root:9,41.111276400000015,39.86522560000002,40.58228882222224,1703226989.4091272
INFO:root:9,41.111276400000015,39.86522560000002,40.58228882222224,1703226990.121394
INFO:root:9,41.111276400000015,39.86522560000002,40.58228882222224,1703226990.809493
INFO:root:9,41.111276400000015,39.86522560000002,40.58228882222224,1703226991.5081825
INFO:root:9,41.111276400000015,39.86522560000002,40.58228882222224,1703226992.1243374
INFO:root:9,41.111276400000015,39.86522560000002,40.58228882222224,1703226992.7211406
INFO:root:9,41.111276400000015,39.86522560000002,40.58228882222224,1703226993.4099197
INFO:root:9,41.111276400000015,39.86522560000002,40.58228882222224,1703226994.0203462
INFO:root:9,41.111276400000015,39.86522560000002,40.58228882222224,1703226994.7103667
INFO:root:9,41.111276400000015,39.86522560000002,40.58228882222224,1703226995.3213534
INFO:root:9,41.111276400000015,39.86522560000002,40.58228882222224,1703226996.0081184
INFO:root:9,41.111276400000015,39.86522560000002,40.58228882222224,1703226996.6229866
INFO:root:9,41.111276400000015,39.86522560000002,40.58228882222224,1703226997.3097718
INFO:root:9,41.111276400000015,39.86522560000002,40.58228882222224,1703226998.0082185
INFO:root:9,41.111276400000015,39.86522560000002,40.58228882222224,1703226998.7065969
INFO:root:9,41.111276400000015,39.86522560000002,40.58228882222224,1703226999.320287
INFO:root:9,41.111276400000015,39.86522560000002,40.58228882222224,1703227000.0089302
INFO:root:9,41.111276400000015,39.86522560000002,40.58228882222224,1703227000.8100317
INFO:root:9,41.111276400000015,39.86522560000002,40.58228882222224,1703227001.5066624
INFO:root:9,41.111276400000015,39.86522560000002,40.58228882222224,1703227002.3076308
INFO:root:9,41.43294560000002,39.345745000000015,40.069941000000014,1703227003.0075116
INFO:root:9,41.43294560000002,39.345745000000015,40.069941000000014,1703227003.6162791
INFO:root:9,41.43294560000002,39.345745000000015,40.069941000000014,1703227004.2217987
INFO:root:9,41.43294560000002,39.345745000000015,40.069941000000014,1703227004.822499
INFO:root:9,41.43294560000002,39.345745000000015,40.069941000000014,1703227005.418209
INFO:root:9,41.43294560000002,39.345745000000015,40.069941000000014,1703227006.10665
INFO:root:9,41.43294560000002,39.345745000000015,40.069941000000014,1703227006.8097086
INFO:root:9,41.43294560000002,39.345745000000015,40.069941000000014,1703227007.5083125
INFO:root:9,41.43294560000002,39.345745000000015,40.069941000000014,1703227008.212478
INFO:root:9,41.43294560000002,39.345745000000015,40.069941000000014,1703227008.9081213
INFO:root:9,41.43294560000002,39.345745000000015,40.069941000000014,1703227009.524861
INFO:root:9,41.43294560000002,39.345745000000015,40.069941000000014,1703227010.209244
INFO:root:9,41.43294560000002,39.345745000000015,40.069941000000014,1703227010.909647
INFO:root:9,41.43294560000002,39.345745000000015,40.069941000000014,1703227011.6076775
INFO:root:9,41.43294560000002,39.345745000000015,40.069941000000014,1703227012.2206123
INFO:root:9,41.43294560000002,39.345745000000015,40.069941000000014,1703227012.9095228
INFO:root:9,41.43294560000002,39.345745000000015,40.069941000000014,1703227013.6086702
INFO:root:9,41.43294560000002,39.345745000000015,40.069941000000014,1703227014.2203205
INFO:root:9,41.43294560000002,39.345745000000015,40.069941000000014,1703227014.8181806
INFO:root:9,41.43294560000002,39.345745000000015,40.069941000000014,1703227015.5133104
INFO:root:9,41.43294560000002,39.345745000000015,40.069941000000014,1703227016.1227348
INFO:root:9,41.43294560000002,39.345745000000015,40.069941000000014,1703227016.8094656
INFO:root:9,41.43294560000002,39.345745000000015,40.069941000000014,1703227017.423242
INFO:root:9,41.08796000000002,39.778893400000015,40.38879066666668,1703227018.019681
INFO:root:9,41.08796000000002,39.778893400000015,40.38879066666668,1703227018.7081628
INFO:root:9,41.08796000000002,39.778893400000015,40.38879066666668,1703227019.3204713
INFO:root:9,41.08796000000002,39.778893400000015,40.38879066666668,1703227020.0094059
INFO:root:9,41.08796000000002,39.778893400000015,40.38879066666668,1703227020.6189957
INFO:root:9,41.08796000000002,39.778893400000015,40.38879066666668,1703227021.22471
INFO:root:9,41.08796000000002,39.778893400000015,40.38879066666668,1703227021.9150987
INFO:root:9,41.08796000000002,39.778893400000015,40.38879066666668,1703227022.5233033
INFO:root:9,41.08796000000002,39.778893400000015,40.38879066666668,1703227023.2100642
INFO:root:9,41.08796000000002,39.778893400000015,40.38879066666668,1703227023.820078
INFO:root:9,41.08796000000002,39.778893400000015,40.38879066666668,1703227024.4191918
INFO:root:9,41.08796000000002,39.778893400000015,40.38879066666668,1703227025.1084979
INFO:root:9,41.08796000000002,39.778893400000015,40.38879066666668,1703227025.7199175
INFO:root:9,41.08796000000002,39.778893400000015,40.38879066666668,1703227026.4101136
INFO:root:9,41.08796000000002,39.778893400000015,40.38879066666668,1703227027.0193133
INFO:root:9,41.08796000000002,39.778893400000015,40.38879066666668,1703227027.7108388
INFO:root:9,41.08796000000002,39.778893400000015,40.38879066666668,1703227028.406414
INFO:root:9,41.08796000000002,39.778893400000015,40.38879066666668,1703227029.1069522
INFO:root:9,41.08796000000002,39.778893400000015,40.38879066666668,1703227029.7233982
INFO:root:9,41.08796000000002,39.778893400000015,40.38879066666668,1703227030.4071565
INFO:root:9,41.08796000000002,39.778893400000015,40.38879066666668,1703227031.008577
INFO:root:9,41.08796000000002,39.778893400000015,40.38879066666668,1703227031.619197
INFO:root:9,41.08796000000002,39.778893400000015,40.38879066666668,1703227032.31653
INFO:root:9,40.99076920000002,39.49350240000002,40.3504984888889,1703227032.918409
INFO:root:9,40.99076920000002,39.49350240000002,40.3504984888889,1703227033.6150842
INFO:root:9,40.99076920000002,39.49350240000002,40.3504984888889,1703227034.3078926
INFO:root:9,40.99076920000002,39.49350240000002,40.3504984888889,1703227035.0135887
INFO:root:9,40.99076920000002,39.49350240000002,40.3504984888889,1703227035.618665
INFO:root:9,40.99076920000002,39.49350240000002,40.3504984888889,1703227036.225031
INFO:root:9,40.99076920000002,39.49350240000002,40.3504984888889,1703227036.9076364
INFO:root:9,40.99076920000002,39.49350240000002,40.3504984888889,1703227037.5202916
INFO:root:9,40.99076920000002,39.49350240000002,40.3504984888889,1703227038.2105796
INFO:root:9,40.99076920000002,39.49350240000002,40.3504984888889,1703227038.8210514
INFO:root:9,40.99076920000002,39.49350240000002,40.3504984888889,1703227039.5171194
INFO:root:9,40.99076920000002,39.49350240000002,40.3504984888889,1703227040.2074518
INFO:root:9,40.99076920000002,39.49350240000002,40.3504984888889,1703227040.8212063
INFO:root:9,40.99076920000002,39.49350240000002,40.3504984888889,1703227041.5095115
INFO:root:9,40.99076920000002,39.49350240000002,40.3504984888889,1703227042.1205986
INFO:root:9,40.99076920000002,39.49350240000002,40.3504984888889,1703227042.8077407
INFO:root:9,40.99076920000002,39.49350240000002,40.3504984888889,1703227043.5193858
INFO:root:9,40.99076920000002,39.49350240000002,40.3504984888889,1703227044.2152593
INFO:root:9,40.99076920000002,39.49350240000002,40.3504984888889,1703227044.8203263
INFO:root:9,40.99076920000002,39.49350240000002,40.3504984888889,1703227045.4191914
INFO:root:9,40.99076920000002,39.49350240000002,40.3504984888889,1703227046.0246527
INFO:root:9,40.99076920000002,39.49350240000002,40.3504984888889,1703227046.7148566
INFO:root:9,41.50052880000002,39.696817400000015,40.37689320000001,1703227047.4102006
INFO:root:9,41.50052880000002,39.696817400000015,40.37689320000001,1703227048.024993
INFO:root:9,41.50052880000002,39.696817400000015,40.37689320000001,1703227048.7077084
INFO:root:9,41.50052880000002,39.696817400000015,40.37689320000001,1703227049.415252
INFO:root:9,41.50052880000002,39.696817400000015,40.37689320000001,1703227050.1065605
INFO:root:9,41.50052880000002,39.696817400000015,40.37689320000001,1703227050.708883
INFO:root:9,41.50052880000002,39.696817400000015,40.37689320000001,1703227051.4082592
INFO:root:9,41.50052880000002,39.696817400000015,40.37689320000001,1703227052.1088717
INFO:root:9,41.50052880000002,39.696817400000015,40.37689320000001,1703227052.809952
INFO:root:9,41.50052880000002,39.696817400000015,40.37689320000001,1703227053.418506
INFO:root:9,41.50052880000002,39.696817400000015,40.37689320000001,1703227054.1077216
INFO:root:9,41.50052880000002,39.696817400000015,40.37689320000001,1703227054.809984
INFO:root:9,41.50052880000002,39.696817400000015,40.37689320000001,1703227055.4185364
INFO:root:9,41.50052880000002,39.696817400000015,40.37689320000001,1703227056.0209105
INFO:root:9,41.50052880000002,39.696817400000015,40.37689320000001,1703227056.6230624
INFO:root:9,41.50052880000002,39.696817400000015,40.37689320000001,1703227057.3079565
INFO:root:9,41.50052880000002,39.696817400000015,40.37689320000001,1703227057.8388739
INFO:root:9,41.50052880000002,39.696817400000015,40.37689320000001,1703227058.3688152
INFO:root:9,41.50052880000002,39.696817400000015,40.37689320000001,1703227058.898399
INFO:root:9,41.50052880000002,39.696817400000015,40.37689320000001,1703227059.4257817
INFO:root:9,41.50052880000002,39.696817400000015,40.37689320000001,1703227059.9559479
INFO:root:9,41.50052880000002,39.696817400000015,40.37689320000001,1703227060.4840267
INFO:root:9,41.50052880000002,39.696817400000015,40.37689320000001,1703227061.013418
INFO:root:9,41.50052880000002,39.696817400000015,40.37689320000001,1703227061.543537
INFO:root:9,30.627163200000012,27.30828580000001,29.072068222222235,1703227062.0694492
INFO:root:9,30.627163200000012,27.30828580000001,29.072068222222235,1703227062.5972238
INFO:root:9,30.627163200000012,27.30828580000001,29.072068222222235,1703227063.132097
INFO:root:9,30.627163200000012,27.30828580000001,29.072068222222235,1703227063.66231
INFO:root:9,30.627163200000012,27.30828580000001,29.072068222222235,1703227064.1916034
INFO:root:9,30.627163200000012,27.30828580000001,29.072068222222235,1703227064.7218199
INFO:root:9,30.627163200000012,27.30828580000001,29.072068222222235,1703227065.2501988
INFO:root:9,30.627163200000012,27.30828580000001,29.072068222222235,1703227065.7803674
INFO:root:9,30.627163200000012,27.30828580000001,29.072068222222235,1703227066.3105671
INFO:root:9,30.627163200000012,27.30828580000001,29.072068222222235,1703227066.8386369
INFO:root:9,30.627163200000012,27.30828580000001,29.072068222222235,1703227067.3644989
INFO:root:9,30.627163200000012,27.30828580000001,29.072068222222235,1703227067.8930783
INFO:root:9,30.627163200000012,27.30828580000001,29.072068222222235,1703227068.4282212
INFO:root:9,30.627163200000012,27.30828580000001,29.072068222222235,1703227068.955385
INFO:root:9,30.627163200000012,27.30828580000001,29.072068222222235,1703227069.4855022
INFO:root:9,30.627163200000012,27.30828580000001,29.072068222222235,1703227070.0156474
INFO:root:9,30.627163200000012,27.30828580000001,29.072068222222235,1703227070.543647
INFO:root:9,30.627163200000012,27.30828580000001,29.072068222222235,1703227071.074483
