INFO:root:0,0,0,0,1703214384.4848359
INFO:root:1,0.0,0.0,0.0,1703214384.5114877
INFO:root:1,0.0,0.0,0.0,1703214385.039839
INFO:root:1,0.0,0.0,0.0,1703214385.5639455
INFO:root:1,0.0,0.0,0.0,1703214386.0924287
INFO:root:1,0.0,0.0,0.0,1703214386.620914
INFO:root:1,0.0,0.0,0.0,1703214387.1530166
INFO:root:1,0.0,0.0,0.0,1703214387.6817
INFO:root:1,0.0,0.0,0.0,1703214388.208209
INFO:root:1,0.0,0.0,0.0,1703214388.7413938
INFO:root:1,0.0,0.0,0.0,1703214389.2709012
INFO:root:1,0.0,0.0,0.0,1703214389.7989094
INFO:root:1,0.0,0.0,0.0,1703214390.3295019
INFO:root:1,0.0,0.0,0.0,1703214390.8586397
INFO:root:1,0.0,0.0,0.0,1703214391.3885453
INFO:root:1,0.0,0.0,0.0,1703214391.9198601
INFO:root:1,0.0,0.0,0.0,1703214392.4518924
INFO:root:1,52.23150340000002,52.23150340000002,52.23150340000002,1703214392.9801342
INFO:root:1,52.23150340000002,52.23150340000002,52.23150340000002,1703214393.509568
INFO:root:1,52.23150340000002,52.23150340000002,52.23150340000002,1703214394.0402884
INFO:root:1,52.23150340000002,52.23150340000002,52.23150340000002,1703214394.5685468
INFO:root:1,52.23150340000002,52.23150340000002,52.23150340000002,1703214395.1017532
INFO:root:1,52.23150340000002,52.23150340000002,52.23150340000002,1703214395.6276705
INFO:root:1,52.23150340000002,52.23150340000002,52.23150340000002,1703214396.1591203
INFO:root:1,52.23150340000002,52.23150340000002,52.23150340000002,1703214396.6868951
INFO:root:1,52.23150340000002,52.23150340000002,52.23150340000002,1703214397.2200813
INFO:root:1,52.23150340000002,52.23150340000002,52.23150340000002,1703214397.7444303
INFO:root:1,52.23150340000002,52.23150340000002,52.23150340000002,1703214398.2723186
INFO:root:1,52.23150340000002,52.23150340000002,52.23150340000002,1703214398.8015893
INFO:root:1,52.23150340000002,52.23150340000002,52.23150340000002,1703214399.3285134
INFO:root:1,52.23150340000002,52.23150340000002,52.23150340000002,1703214399.8586926
INFO:root:1,52.23150340000002,52.23150340000002,52.23150340000002,1703214400.3855052
INFO:root:1,52.23150340000002,52.23150340000002,52.23150340000002,1703214400.9143667
INFO:root:1,52.23150340000002,52.23150340000002,52.23150340000002,1703214401.4433732
INFO:root:1,52.23150340000002,52.23150340000002,52.23150340000002,1703214401.9772592
INFO:root:1,52.23150340000002,52.23150340000002,52.23150340000002,1703214402.5042868
INFO:root:1,52.23150340000002,52.23150340000002,52.23150340000002,1703214403.0362175
INFO:root:1,52.23150340000002,52.23150340000002,52.23150340000002,1703214403.5619957
INFO:root:1,52.23150340000002,52.23150340000002,52.23150340000002,1703214404.0965385
INFO:root:1,52.23150340000002,52.23150340000002,52.23150340000002,1703214404.6263654
INFO:root:1,52.23150340000002,52.23150340000002,52.23150340000002,1703214405.1564972
INFO:root:1,52.23150340000002,52.23150340000002,52.23150340000002,1703214405.684138
INFO:root:1,52.23150340000002,52.23150340000002,52.23150340000002,1703214406.2158847
INFO:root:1,52.23150340000002,52.23150340000002,52.23150340000002,1703214406.7441506
INFO:root:1,52.23150340000002,52.23150340000002,52.23150340000002,1703214407.2721262
INFO:root:1,52.23150340000002,52.23150340000002,52.23150340000002,1703214407.882372
INFO:root:1,99.77465960000004,99.77465960000004,99.77465960000004,1703214408.4105308
INFO:root:1,99.77465960000004,99.77465960000004,99.77465960000004,1703214408.9391475
INFO:root:1,99.77465960000004,99.77465960000004,99.77465960000004,1703214409.466432
INFO:root:1,99.77465960000004,99.77465960000004,99.77465960000004,1703214409.9974442
INFO:root:1,99.77465960000004,99.77465960000004,99.77465960000004,1703214410.5225925
INFO:root:1,99.77465960000004,99.77465960000004,99.77465960000004,1703214411.052342
INFO:root:1,99.77465960000004,99.77465960000004,99.77465960000004,1703214411.583054
INFO:root:1,99.77465960000004,99.77465960000004,99.77465960000004,1703214412.1149168
INFO:root:1,99.77465960000004,99.77465960000004,99.77465960000004,1703214412.6444724
INFO:root:1,99.77465960000004,99.77465960000004,99.77465960000004,1703214413.167559
INFO:root:1,99.77465960000004,99.77465960000004,99.77465960000004,1703214413.6957574
INFO:root:1,99.77465960000004,99.77465960000004,99.77465960000004,1703214414.2221558
INFO:root:1,99.77465960000004,99.77465960000004,99.77465960000004,1703214414.7488444
INFO:root:1,99.77465960000004,99.77465960000004,99.77465960000004,1703214415.2808874
INFO:root:1,99.77465960000004,99.77465960000004,99.77465960000004,1703214415.8066897
INFO:root:1,99.77465960000004,99.77465960000004,99.77465960000004,1703214416.3379724
INFO:root:1,99.77465960000004,99.77465960000004,99.77465960000004,1703214416.8670726
INFO:root:1,99.77465960000004,99.77465960000004,99.77465960000004,1703214417.3960116
INFO:root:1,99.77465960000004,99.77465960000004,99.77465960000004,1703214417.9189365
INFO:root:1,99.77465960000004,99.77465960000004,99.77465960000004,1703214418.4474132
INFO:root:1,99.77465960000004,99.77465960000004,99.77465960000004,1703214418.9759355
INFO:root:1,99.77465960000004,99.77465960000004,99.77465960000004,1703214419.5049634
INFO:root:1,99.77465960000004,99.77465960000004,99.77465960000004,1703214420.035062
INFO:root:1,99.77465960000004,99.77465960000004,99.77465960000004,1703214420.5615952
INFO:root:1,99.77465960000004,99.77465960000004,99.77465960000004,1703214421.0879455
INFO:root:1,99.77465960000004,99.77465960000004,99.77465960000004,1703214421.618453
INFO:root:1,99.77465960000004,99.77465960000004,99.77465960000004,1703214422.1476011
INFO:root:1,99.77465960000004,99.77465960000004,99.77465960000004,1703214422.6751614
INFO:root:1,99.74899460000005,99.74899460000005,99.74899460000005,1703214423.2046447
INFO:root:1,99.74899460000005,99.74899460000005,99.74899460000005,1703214423.7337525
INFO:root:1,99.74899460000005,99.74899460000005,99.74899460000005,1703214424.2627149
INFO:root:1,99.74899460000005,99.74899460000005,99.74899460000005,1703214424.7929168
INFO:root:1,99.74899460000005,99.74899460000005,99.74899460000005,1703214425.325181
INFO:root:1,99.74899460000005,99.74899460000005,99.74899460000005,1703214425.8533115
INFO:root:1,99.74899460000005,99.74899460000005,99.74899460000005,1703214426.3860102
INFO:root:1,99.74899460000005,99.74899460000005,99.74899460000005,1703214426.916327
INFO:root:1,99.74899460000005,99.74899460000005,99.74899460000005,1703214427.4449503
INFO:root:1,99.74899460000005,99.74899460000005,99.74899460000005,1703214427.9755833
INFO:root:1,99.74899460000005,99.74899460000005,99.74899460000005,1703214428.5046325
INFO:root:1,99.74899460000005,99.74899460000005,99.74899460000005,1703214429.0343852
INFO:root:1,99.74899460000005,99.74899460000005,99.74899460000005,1703214429.5620778
INFO:root:1,99.74899460000005,99.74899460000005,99.74899460000005,1703214430.0958166
INFO:root:1,99.74899460000005,99.74899460000005,99.74899460000005,1703214430.6215959
INFO:root:1,99.74899460000005,99.74899460000005,99.74899460000005,1703214431.149402
INFO:root:1,99.74899460000005,99.74899460000005,99.74899460000005,1703214431.678218
INFO:root:1,99.74899460000005,99.74899460000005,99.74899460000005,1703214432.209659
INFO:root:1,99.74899460000005,99.74899460000005,99.74899460000005,1703214432.7390532
INFO:root:1,99.74899460000005,99.74899460000005,99.74899460000005,1703214433.26107
INFO:root:1,99.74899460000005,99.74899460000005,99.74899460000005,1703214433.7907567
INFO:root:1,99.74899460000005,99.74899460000005,99.74899460000005,1703214434.3200686
INFO:root:1,99.74899460000005,99.74899460000005,99.74899460000005,1703214434.850459
INFO:root:1,99.74899460000005,99.74899460000005,99.74899460000005,1703214435.382422
INFO:root:1,99.74899460000005,99.74899460000005,99.74899460000005,1703214435.9177556
INFO:root:1,99.74899460000005,99.74899460000005,99.74899460000005,1703214436.453974
INFO:root:1,99.74899460000005,99.74899460000005,99.74899460000005,1703214436.9846716
INFO:root:1,99.74899460000005,99.74899460000005,99.74899460000005,1703214437.5128968
INFO:root:2,100.26276220000003,0.2474892000000001,50.255125700000015,1703214438.0424006
INFO:root:2,100.26276220000003,0.2474892000000001,50.255125700000015,1703214438.5687795
INFO:root:2,100.26276220000003,0.2474892000000001,50.255125700000015,1703214439.1001747
INFO:root:2,100.26276220000003,0.2474892000000001,50.255125700000015,1703214439.6282818
INFO:root:2,100.26276220000003,0.2474892000000001,50.255125700000015,1703214440.1559505
INFO:root:2,100.26276220000003,0.2474892000000001,50.255125700000015,1703214440.6822748
INFO:root:2,100.26276220000003,0.2474892000000001,50.255125700000015,1703214441.209506
INFO:root:2,100.26276220000003,0.2474892000000001,50.255125700000015,1703214441.73847
INFO:root:2,100.26276220000003,0.2474892000000001,50.255125700000015,1703214442.2657862
INFO:root:2,100.26276220000003,0.2474892000000001,50.255125700000015,1703214442.793197
INFO:root:2,100.26276220000003,0.2474892000000001,50.255125700000015,1703214443.320984
INFO:root:2,100.26276220000003,0.2474892000000001,50.255125700000015,1703214443.8510473
INFO:root:2,100.26276220000003,0.2474892000000001,50.255125700000015,1703214444.3876917
INFO:root:2,100.26276220000003,0.2474892000000001,50.255125700000015,1703214444.914238
INFO:root:2,100.26276220000003,0.2474892000000001,50.255125700000015,1703214445.4438944
INFO:root:2,100.26276220000003,0.2474892000000001,50.255125700000015,1703214445.9711285
INFO:root:2,100.26276220000003,0.2474892000000001,50.255125700000015,1703214446.4976883
INFO:root:2,100.26276220000003,0.2474892000000001,50.255125700000015,1703214447.03047
INFO:root:2,100.26276220000003,0.2474892000000001,50.255125700000015,1703214447.558364
INFO:root:2,100.26276220000003,0.2474892000000001,50.255125700000015,1703214448.0869372
INFO:root:2,100.26276220000003,0.2474892000000001,50.255125700000015,1703214448.6165795
INFO:root:2,100.26276220000003,0.2474892000000001,50.255125700000015,1703214449.1455185
INFO:root:2,100.26276220000003,0.2474892000000001,50.255125700000015,1703214449.6751266
INFO:root:2,100.26276220000003,0.2474892000000001,50.255125700000015,1703214450.2090757
INFO:root:2,100.26276220000003,0.2474892000000001,50.255125700000015,1703214450.7354517
INFO:root:2,100.26276220000003,0.2474892000000001,50.255125700000015,1703214451.263818
INFO:root:2,100.26276220000003,0.2474892000000001,50.255125700000015,1703214451.7940586
INFO:root:2,100.26276220000003,0.2474892000000001,50.255125700000015,1703214452.3217397
INFO:root:2,100.26276220000003,0.2474892000000001,50.255125700000015,1703214452.8868797
INFO:root:2,99.18022520000004,92.98288560000003,96.08155540000004,1703214453.4129272
INFO:root:2,99.18022520000004,92.98288560000003,96.08155540000004,1703214453.9424105
INFO:root:2,99.18022520000004,92.98288560000003,96.08155540000004,1703214454.4877734
INFO:root:2,99.18022520000004,92.98288560000003,96.08155540000004,1703214455.0214396
INFO:root:2,99.18022520000004,92.98288560000003,96.08155540000004,1703214455.550817
INFO:root:2,99.18022520000004,92.98288560000003,96.08155540000004,1703214456.082805
INFO:root:2,99.18022520000004,92.98288560000003,96.08155540000004,1703214456.6095603
INFO:root:2,99.18022520000004,92.98288560000003,96.08155540000004,1703214457.1382759
INFO:root:2,99.18022520000004,92.98288560000003,96.08155540000004,1703214457.6711013
INFO:root:2,99.18022520000004,92.98288560000003,96.08155540000004,1703214458.2029202
INFO:root:2,99.18022520000004,92.98288560000003,96.08155540000004,1703214458.7307043
INFO:root:2,99.18022520000004,92.98288560000003,96.08155540000004,1703214459.2600448
INFO:root:2,99.18022520000004,92.98288560000003,96.08155540000004,1703214459.7920575
INFO:root:2,99.18022520000004,92.98288560000003,96.08155540000004,1703214460.3202276
INFO:root:2,99.18022520000004,92.98288560000003,96.08155540000004,1703214460.8518474
INFO:root:2,99.18022520000004,92.98288560000003,96.08155540000004,1703214461.381283
INFO:root:2,99.18022520000004,92.98288560000003,96.08155540000004,1703214461.9108107
INFO:root:2,99.18022520000004,92.98288560000003,96.08155540000004,1703214462.4336946
INFO:root:2,99.18022520000004,92.98288560000003,96.08155540000004,1703214462.962485
INFO:root:2,99.18022520000004,92.98288560000003,96.08155540000004,1703214463.4939475
INFO:root:2,99.18022520000004,92.98288560000003,96.08155540000004,1703214464.028903
INFO:root:2,99.18022520000004,92.98288560000003,96.08155540000004,1703214464.5902443
INFO:root:2,99.18022520000004,92.98288560000003,96.08155540000004,1703214465.1206295
INFO:root:2,99.18022520000004,92.98288560000003,96.08155540000004,1703214465.644163
INFO:root:2,99.18022520000004,92.98288560000003,96.08155540000004,1703214466.173729
INFO:root:2,99.18022520000004,92.98288560000003,96.08155540000004,1703214466.6998453
INFO:root:2,99.18022520000004,92.98288560000003,96.08155540000004,1703214467.2339413
INFO:root:2,99.18022520000004,92.98288560000003,96.08155540000004,1703214467.761023
INFO:root:2,99.40975320000004,99.37230000000004,99.39102660000003,1703214468.2897584
INFO:root:2,99.40975320000004,99.37230000000004,99.39102660000003,1703214468.8168936
INFO:root:2,99.40975320000004,99.37230000000004,99.39102660000003,1703214469.3469572
INFO:root:2,99.40975320000004,99.37230000000004,99.39102660000003,1703214469.8771508
INFO:root:2,99.40975320000004,99.37230000000004,99.39102660000003,1703214470.4026306
INFO:root:2,99.40975320000004,99.37230000000004,99.39102660000003,1703214470.9361928
INFO:root:2,99.40975320000004,99.37230000000004,99.39102660000003,1703214471.4632566
INFO:root:2,99.40975320000004,99.37230000000004,99.39102660000003,1703214471.9941015
INFO:root:2,99.40975320000004,99.37230000000004,99.39102660000003,1703214472.5250585
INFO:root:2,99.40975320000004,99.37230000000004,99.39102660000003,1703214473.0555866
INFO:root:2,99.40975320000004,99.37230000000004,99.39102660000003,1703214473.5844243
INFO:root:2,99.40975320000004,99.37230000000004,99.39102660000003,1703214474.114055
INFO:root:2,99.40975320000004,99.37230000000004,99.39102660000003,1703214474.6899745
INFO:root:2,99.40975320000004,99.37230000000004,99.39102660000003,1703214475.2177591
INFO:root:2,99.40975320000004,99.37230000000004,99.39102660000003,1703214475.7471762
INFO:root:2,99.40975320000004,99.37230000000004,99.39102660000003,1703214476.273584
INFO:root:2,99.40975320000004,99.37230000000004,99.39102660000003,1703214476.8035502
INFO:root:2,99.40975320000004,99.37230000000004,99.39102660000003,1703214477.332348
INFO:root:2,99.40975320000004,99.37230000000004,99.39102660000003,1703214477.8812761
INFO:root:2,99.40975320000004,99.37230000000004,99.39102660000003,1703214478.4062822
INFO:root:2,99.40975320000004,99.37230000000004,99.39102660000003,1703214478.935897
INFO:root:2,99.40975320000004,99.37230000000004,99.39102660000003,1703214479.4637783
INFO:root:2,99.40975320000004,99.37230000000004,99.39102660000003,1703214479.9962404
INFO:root:2,99.40975320000004,99.37230000000004,99.39102660000003,1703214480.5234442
INFO:root:2,99.40975320000004,99.37230000000004,99.39102660000003,1703214481.0507586
INFO:root:2,99.40975320000004,99.37230000000004,99.39102660000003,1703214481.5792296
INFO:root:2,99.40975320000004,99.37230000000004,99.39102660000003,1703214482.1130028
INFO:root:2,99.40975320000004,99.37230000000004,99.39102660000003,1703214482.636429
INFO:root:3,99.03655300000004,96.84182660000003,98.25056993333335,1703214483.1938102
INFO:root:3,99.03655300000004,96.84182660000003,98.25056993333335,1703214483.7289667
INFO:root:3,99.03655300000004,96.84182660000003,98.25056993333335,1703214484.2569342
INFO:root:3,99.03655300000004,96.84182660000003,98.25056993333335,1703214484.7907753
INFO:root:3,99.03655300000004,96.84182660000003,98.25056993333335,1703214485.3135488
INFO:root:3,99.03655300000004,96.84182660000003,98.25056993333335,1703214485.844178
INFO:root:3,99.03655300000004,96.84182660000003,98.25056993333335,1703214486.37309
INFO:root:3,99.03655300000004,96.84182660000003,98.25056993333335,1703214486.9030173
INFO:root:3,99.03655300000004,96.84182660000003,98.25056993333335,1703214487.4351223
INFO:root:3,99.03655300000004,96.84182660000003,98.25056993333335,1703214487.962937
INFO:root:3,99.03655300000004,96.84182660000003,98.25056993333335,1703214488.4952826
INFO:root:3,99.03655300000004,96.84182660000003,98.25056993333335,1703214489.02443
INFO:root:3,99.03655300000004,96.84182660000003,98.25056993333335,1703214489.553781
INFO:root:3,99.03655300000004,96.84182660000003,98.25056993333335,1703214490.0852349
INFO:root:3,99.03655300000004,96.84182660000003,98.25056993333335,1703214490.6142125
INFO:root:3,99.03655300000004,96.84182660000003,98.25056993333335,1703214491.1857157
INFO:root:3,99.03655300000004,96.84182660000003,98.25056993333335,1703214491.7132242
INFO:root:3,99.03655300000004,96.84182660000003,98.25056993333335,1703214492.2865138
INFO:root:3,99.03655300000004,96.84182660000003,98.25056993333335,1703214492.8767047
INFO:root:3,99.03655300000004,96.84182660000003,98.25056993333335,1703214493.4058197
INFO:root:3,99.03655300000004,96.84182660000003,98.25056993333335,1703214493.9365778
INFO:root:3,99.03655300000004,96.84182660000003,98.25056993333335,1703214494.4641945
INFO:root:3,99.03655300000004,96.84182660000003,98.25056993333335,1703214494.994988
INFO:root:3,99.03655300000004,96.84182660000003,98.25056993333335,1703214495.523979
INFO:root:3,99.03655300000004,96.84182660000003,98.25056993333335,1703214496.0741906
INFO:root:3,99.03655300000004,96.84182660000003,98.25056993333335,1703214496.6072283
INFO:root:3,99.03655300000004,96.84182660000003,98.25056993333335,1703214497.1349669
INFO:root:3,99.03655300000004,96.84182660000003,98.25056993333335,1703214497.664319
INFO:root:4,97.78408020000003,17.794283400000005,59.52410145000002,1703214498.1922617
INFO:root:4,97.78408020000003,17.794283400000005,59.52410145000002,1703214498.7203596
INFO:root:4,97.78408020000003,17.794283400000005,59.52410145000002,1703214499.2510846
INFO:root:4,97.78408020000003,17.794283400000005,59.52410145000002,1703214499.7810998
INFO:root:4,97.78408020000003,17.794283400000005,59.52410145000002,1703214500.3125772
INFO:root:4,97.78408020000003,17.794283400000005,59.52410145000002,1703214500.8418536
INFO:root:4,97.78408020000003,17.794283400000005,59.52410145000002,1703214501.3699305
INFO:root:4,97.78408020000003,17.794283400000005,59.52410145000002,1703214501.901682
INFO:root:4,97.78408020000003,17.794283400000005,59.52410145000002,1703214502.4267097
INFO:root:4,97.78408020000003,17.794283400000005,59.52410145000002,1703214502.9586496
INFO:root:4,97.78408020000003,17.794283400000005,59.52410145000002,1703214503.4881537
INFO:root:4,97.78408020000003,17.794283400000005,59.52410145000002,1703214504.017316
INFO:root:4,97.78408020000003,17.794283400000005,59.52410145000002,1703214504.545368
INFO:root:4,97.78408020000003,17.794283400000005,59.52410145000002,1703214505.0860534
INFO:root:4,97.78408020000003,17.794283400000005,59.52410145000002,1703214505.618716
INFO:root:4,97.78408020000003,17.794283400000005,59.52410145000002,1703214506.1474462
INFO:root:4,97.78408020000003,17.794283400000005,59.52410145000002,1703214506.683815
INFO:root:4,97.78408020000003,17.794283400000005,59.52410145000002,1703214507.2202387
INFO:root:4,97.78408020000003,17.794283400000005,59.52410145000002,1703214507.786446
INFO:root:4,97.78408020000003,17.794283400000005,59.52410145000002,1703214508.30982
INFO:root:4,97.78408020000003,17.794283400000005,59.52410145000002,1703214508.8398795
INFO:root:4,97.78408020000003,17.794283400000005,59.52410145000002,1703214509.385218
INFO:root:4,97.78408020000003,17.794283400000005,59.52410145000002,1703214509.913297
INFO:root:4,97.78408020000003,17.794283400000005,59.52410145000002,1703214510.4729173
INFO:root:4,97.78408020000003,17.794283400000005,59.52410145000002,1703214510.9983203
INFO:root:4,97.78408020000003,17.794283400000005,59.52410145000002,1703214511.575909
INFO:root:4,97.78408020000003,17.794283400000005,59.52410145000002,1703214512.1033423
INFO:root:4,97.78408020000003,17.794283400000005,59.52410145000002,1703214512.6323626
INFO:root:5,99.21525720000004,0.003522600000000001,58.95385752000002,1703214513.161287
INFO:root:5,99.21525720000004,0.003522600000000001,58.95385752000002,1703214513.6908169
INFO:root:5,99.21525720000004,0.003522600000000001,58.95385752000002,1703214514.221491
INFO:root:5,99.21525720000004,0.003522600000000001,58.95385752000002,1703214514.7500517
INFO:root:5,99.21525720000004,0.003522600000000001,58.95385752000002,1703214515.285275
INFO:root:5,99.21525720000004,0.003522600000000001,58.95385752000002,1703214515.8127687
INFO:root:5,99.21525720000004,0.003522600000000001,58.95385752000002,1703214516.33831
INFO:root:5,99.21525720000004,0.003522600000000001,58.95385752000002,1703214516.8684173
INFO:root:5,99.21525720000004,0.003522600000000001,58.95385752000002,1703214517.3985062
INFO:root:5,99.21525720000004,0.003522600000000001,58.95385752000002,1703214517.9286995
INFO:root:5,99.21525720000004,0.003522600000000001,58.95385752000002,1703214518.4570735
INFO:root:5,99.21525720000004,0.003522600000000001,58.95385752000002,1703214518.9855025
INFO:root:5,99.21525720000004,0.003522600000000001,58.95385752000002,1703214519.5138812
INFO:root:5,99.21525720000004,0.003522600000000001,58.95385752000002,1703214520.0449114
INFO:root:5,99.21525720000004,0.003522600000000001,58.95385752000002,1703214520.5718317
INFO:root:5,99.21525720000004,0.003522600000000001,58.95385752000002,1703214521.1017756
INFO:root:5,99.21525720000004,0.003522600000000001,58.95385752000002,1703214521.6299908
INFO:root:5,99.21525720000004,0.003522600000000001,58.95385752000002,1703214522.1568112
INFO:root:5,99.21525720000004,0.003522600000000001,58.95385752000002,1703214522.68248
INFO:root:5,99.21525720000004,0.003522600000000001,58.95385752000002,1703214523.2168028
INFO:root:5,99.21525720000004,0.003522600000000001,58.95385752000002,1703214523.7392628
INFO:root:5,99.21525720000004,0.003522600000000001,58.95385752000002,1703214524.2686114
INFO:root:5,99.21525720000004,0.003522600000000001,58.95385752000002,1703214524.7974977
INFO:root:5,99.21525720000004,0.003522600000000001,58.95385752000002,1703214525.4805171
INFO:root:5,99.21525720000004,0.003522600000000001,58.95385752000002,1703214526.013985
INFO:root:5,99.21525720000004,0.003522600000000001,58.95385752000002,1703214526.5403488
INFO:root:5,99.21525720000004,0.003522600000000001,58.95385752000002,1703214527.0664222
INFO:root:5,99.21525720000004,0.003522600000000001,58.95385752000002,1703214527.5962675
INFO:root:5,98.63766180000003,0.0,44.78654628000002,1703214528.1268609
INFO:root:5,98.63766180000003,0.0,44.78654628000002,1703214528.6552927
INFO:root:5,98.63766180000003,0.0,44.78654628000002,1703214529.1830287
INFO:root:5,98.63766180000003,0.0,44.78654628000002,1703214529.7118616
INFO:root:5,98.63766180000003,0.0,44.78654628000002,1703214530.2452438
INFO:root:5,98.63766180000003,0.0,44.78654628000002,1703214530.7736268
INFO:root:5,98.63766180000003,0.0,44.78654628000002,1703214531.3029637
INFO:root:5,98.63766180000003,0.0,44.78654628000002,1703214531.831762
INFO:root:5,98.63766180000003,0.0,44.78654628000002,1703214532.3597322
INFO:root:5,98.63766180000003,0.0,44.78654628000002,1703214532.8889768
INFO:root:5,98.63766180000003,0.0,44.78654628000002,1703214533.4129984
INFO:root:5,98.63766180000003,0.0,44.78654628000002,1703214533.9437923
INFO:root:5,98.63766180000003,0.0,44.78654628000002,1703214534.4729047
INFO:root:5,98.63766180000003,0.0,44.78654628000002,1703214534.999533
INFO:root:5,98.63766180000003,0.0,44.78654628000002,1703214535.6781044
INFO:root:5,98.63766180000003,0.0,44.78654628000002,1703214536.2106128
INFO:root:5,98.63766180000003,0.0,44.78654628000002,1703214536.7392774
INFO:root:5,98.63766180000003,0.0,44.78654628000002,1703214537.2686763
INFO:root:5,98.63766180000003,0.0,44.78654628000002,1703214537.7971642
INFO:root:5,98.63766180000003,0.0,44.78654628000002,1703214538.329547
INFO:root:5,98.63766180000003,0.0,44.78654628000002,1703214538.8581946
INFO:root:5,98.63766180000003,0.0,44.78654628000002,1703214539.3872268
INFO:root:5,98.63766180000003,0.0,44.78654628000002,1703214539.916145
INFO:root:5,98.63766180000003,0.0,44.78654628000002,1703214540.4431193
INFO:root:5,98.63766180000003,0.0,44.78654628000002,1703214540.9737363
INFO:root:5,98.63766180000003,0.0,44.78654628000002,1703214541.5017006
INFO:root:5,98.63766180000003,0.0,44.78654628000002,1703214542.032866
INFO:root:5,98.63766180000003,0.0,44.78654628000002,1703214542.5607512
INFO:root:6,99.29568740000005,0.0,38.675207233333346,1703214543.0881867
INFO:root:6,99.29568740000005,0.0,38.675207233333346,1703214543.617284
INFO:root:6,99.29568740000005,0.0,38.675207233333346,1703214544.1467676
INFO:root:6,99.29568740000005,0.0,38.675207233333346,1703214544.6761074
INFO:root:6,99.29568740000005,0.0,38.675207233333346,1703214545.2114408
INFO:root:6,99.29568740000005,0.0,38.675207233333346,1703214545.7893522
INFO:root:6,99.29568740000005,0.0,38.675207233333346,1703214546.3128946
INFO:root:6,99.29568740000005,0.0,38.675207233333346,1703214546.8441043
INFO:root:6,99.29568740000005,0.0,38.675207233333346,1703214547.3715255
INFO:root:6,99.29568740000005,0.0,38.675207233333346,1703214547.9036326
INFO:root:6,99.29568740000005,0.0,38.675207233333346,1703214548.4309375
INFO:root:6,99.29568740000005,0.0,38.675207233333346,1703214548.9592855
INFO:root:6,99.29568740000005,0.0,38.675207233333346,1703214549.4864979
INFO:root:6,99.29568740000005,0.0,38.675207233333346,1703214550.0149908
INFO:root:6,99.29568740000005,0.0,38.675207233333346,1703214550.5441015
INFO:root:6,99.29568740000005,0.0,38.675207233333346,1703214551.0781476
INFO:root:6,99.29568740000005,0.0,38.675207233333346,1703214551.6040764
INFO:root:6,99.29568740000005,0.0,38.675207233333346,1703214552.1353948
INFO:root:6,99.29568740000005,0.0,38.675207233333346,1703214552.66347
INFO:root:6,99.29568740000005,0.0,38.675207233333346,1703214553.193056
INFO:root:6,99.29568740000005,0.0,38.675207233333346,1703214553.723379
INFO:root:6,99.29568740000005,0.0,38.675207233333346,1703214554.2545462
INFO:root:6,99.29568740000005,0.0,38.675207233333346,1703214554.7866085
INFO:root:6,99.29568740000005,0.0,38.675207233333346,1703214555.3155055
INFO:root:6,99.29568740000005,0.0,38.675207233333346,1703214555.8843634
INFO:root:6,99.29568740000005,0.0,38.675207233333346,1703214556.4196784
INFO:root:6,99.29568740000005,0.0,38.675207233333346,1703214556.9490485
INFO:root:6,99.29568740000005,0.0,38.675207233333346,1703214557.4803863
INFO:root:6,99.29807300000003,0.0,35.716091800000015,1703214558.011403
INFO:root:6,99.29807300000003,0.0,35.716091800000015,1703214558.5381927
INFO:root:6,99.29807300000003,0.0,35.716091800000015,1703214559.068882
INFO:root:6,99.29807300000003,0.0,35.716091800000015,1703214559.5952232
INFO:root:6,99.29807300000003,0.0,35.716091800000015,1703214560.1284976
INFO:root:6,99.29807300000003,0.0,35.716091800000015,1703214560.6544614
INFO:root:6,99.29807300000003,0.0,35.716091800000015,1703214561.1854382
INFO:root:6,99.29807300000003,0.0,35.716091800000015,1703214561.7113378
INFO:root:6,99.29807300000003,0.0,35.716091800000015,1703214562.239208
INFO:root:6,99.29807300000003,0.0,35.716091800000015,1703214562.7685933
INFO:root:6,99.29807300000003,0.0,35.716091800000015,1703214563.294102
INFO:root:6,99.29807300000003,0.0,35.716091800000015,1703214563.823524
INFO:root:6,99.29807300000003,0.0,35.716091800000015,1703214564.3539057
INFO:root:6,99.29807300000003,0.0,35.716091800000015,1703214564.8842328
INFO:root:6,99.29807300000003,0.0,35.716091800000015,1703214565.4121428
INFO:root:6,99.29807300000003,0.0,35.716091800000015,1703214565.9386017
INFO:root:6,99.29807300000003,0.0,35.716091800000015,1703214566.4694953
INFO:root:6,99.29807300000003,0.0,35.716091800000015,1703214567.001586
INFO:root:6,99.29807300000003,0.0,35.716091800000015,1703214567.528679
INFO:root:6,99.29807300000003,0.0,35.716091800000015,1703214568.0565312
INFO:root:6,99.29807300000003,0.0,35.716091800000015,1703214568.584617
INFO:root:6,99.29807300000003,0.0,35.716091800000015,1703214569.1148942
INFO:root:6,99.29807300000003,0.0,35.716091800000015,1703214569.642525
INFO:root:6,99.29807300000003,0.0,35.716091800000015,1703214570.1724257
INFO:root:6,99.29807300000003,0.0,35.716091800000015,1703214570.6996746
INFO:root:6,99.29807300000003,0.0,35.716091800000015,1703214571.2310193
INFO:root:6,99.29807300000003,0.0,35.716091800000015,1703214571.758902
INFO:root:6,99.29807300000003,0.0,35.716091800000015,1703214572.2884603
INFO:root:6,99.29807300000003,0.0,35.716091800000015,1703214572.8865776
INFO:root:6,98.96806600000004,0.0,41.02814320000002,1703214573.4083369
INFO:root:6,98.96806600000004,0.0,41.02814320000002,1703214573.938076
INFO:root:6,98.96806600000004,0.0,41.02814320000002,1703214574.4644938
INFO:root:6,98.96806600000004,0.0,41.02814320000002,1703214574.9960513
INFO:root:6,98.96806600000004,0.0,41.02814320000002,1703214575.525558
INFO:root:6,98.96806600000004,0.0,41.02814320000002,1703214576.053437
INFO:root:6,98.96806600000004,0.0,41.02814320000002,1703214576.5814881
INFO:root:6,98.96806600000004,0.0,41.02814320000002,1703214577.1105218
INFO:root:6,98.96806600000004,0.0,41.02814320000002,1703214577.6375535
INFO:root:6,98.96806600000004,0.0,41.02814320000002,1703214578.1632855
INFO:root:6,98.96806600000004,0.0,41.02814320000002,1703214578.6947408
INFO:root:6,98.96806600000004,0.0,41.02814320000002,1703214579.2228372
INFO:root:6,98.96806600000004,0.0,41.02814320000002,1703214579.7571642
INFO:root:6,98.96806600000004,0.0,41.02814320000002,1703214580.2855573
INFO:root:6,98.96806600000004,0.0,41.02814320000002,1703214580.8115563
INFO:root:6,98.96806600000004,0.0,41.02814320000002,1703214581.3444438
INFO:root:5,98.96806600000004,0.0,49.23377184000002,1703214581.872722
INFO:root:5,98.96806600000004,0.0,49.23377184000002,1703214582.402945
INFO:root:5,98.96806600000004,0.0,49.23377184000002,1703214582.9320958
INFO:root:5,98.96806600000004,0.0,49.23377184000002,1703214583.461183
INFO:root:5,98.96806600000004,0.0,49.23377184000002,1703214583.9909866
INFO:root:5,98.96806600000004,0.0,49.23377184000002,1703214584.5232549
INFO:root:5,98.96806600000004,0.0,49.23377184000002,1703214585.0507226
INFO:root:5,98.96806600000004,0.0,49.23377184000002,1703214585.5810406
INFO:root:5,98.96806600000004,0.0,49.23377184000002,1703214586.1101637
INFO:root:5,98.96806600000004,0.0,49.23377184000002,1703214586.638667
INFO:root:5,98.96806600000004,0.0,49.23377184000002,1703214587.1666214
INFO:root:5,98.96806600000004,0.0,49.23377184000002,1703214587.6947563
INFO:root:5,94.04517000000003,0.003933200000000001,41.65699880000001,1703214588.2248437
INFO:root:5,94.04517000000003,0.003933200000000001,41.65699880000001,1703214588.7497668
INFO:root:5,94.04517000000003,0.003933200000000001,41.65699880000001,1703214589.2800837
INFO:root:5,94.04517000000003,0.003933200000000001,41.65699880000001,1703214589.80905
INFO:root:5,94.04517000000003,0.003933200000000001,41.65699880000001,1703214590.3374066
INFO:root:5,94.04517000000003,0.003933200000000001,41.65699880000001,1703214590.8647304
INFO:root:5,94.04517000000003,0.003933200000000001,41.65699880000001,1703214591.3952482
INFO:root:5,94.04517000000003,0.003933200000000001,41.65699880000001,1703214591.9268274
INFO:root:5,94.04517000000003,0.003933200000000001,41.65699880000001,1703214592.4557574
INFO:root:5,94.04517000000003,0.003933200000000001,41.65699880000001,1703214592.9839323
INFO:root:5,94.04517000000003,0.003933200000000001,41.65699880000001,1703214593.5180488
INFO:root:5,94.04517000000003,0.003933200000000001,41.65699880000001,1703214594.0415568
INFO:root:5,94.04517000000003,0.003933200000000001,41.65699880000001,1703214594.5695314
INFO:root:5,94.04517000000003,0.003933200000000001,41.65699880000001,1703214595.0992734
INFO:root:5,94.04517000000003,0.003933200000000001,41.65699880000001,1703214595.6272879
INFO:root:5,94.04517000000003,0.003933200000000001,41.65699880000001,1703214596.1520054
INFO:root:5,94.04517000000003,0.003933200000000001,41.65699880000001,1703214596.683601
INFO:root:5,94.04517000000003,0.003933200000000001,41.65699880000001,1703214597.2095695
INFO:root:5,94.04517000000003,0.003933200000000001,41.65699880000001,1703214597.7397308
INFO:root:5,94.04517000000003,0.003933200000000001,41.65699880000001,1703214598.2690167
INFO:root:5,94.04517000000003,0.003933200000000001,41.65699880000001,1703214598.7990468
INFO:root:5,94.04517000000003,0.003933200000000001,41.65699880000001,1703214599.3231335
INFO:root:5,94.04517000000003,0.003933200000000001,41.65699880000001,1703214599.8509836
INFO:root:5,94.04517000000003,0.003933200000000001,41.65699880000001,1703214600.37845
INFO:root:5,94.04517000000003,0.003933200000000001,41.65699880000001,1703214600.9092016
INFO:root:5,94.04517000000003,0.003933200000000001,41.65699880000001,1703214601.4365313
INFO:root:5,94.04517000000003,0.003933200000000001,41.65699880000001,1703214601.9647355
INFO:root:5,94.04517000000003,0.003933200000000001,41.65699880000001,1703214602.4945035
INFO:root:5,86.28069980000004,0.0039130000000000015,46.72878988000002,1703214603.0220282
INFO:root:5,86.28069980000004,0.0039130000000000015,46.72878988000002,1703214603.5516422
INFO:root:5,86.28069980000004,0.0039130000000000015,46.72878988000002,1703214604.0841174
INFO:root:5,86.28069980000004,0.0039130000000000015,46.72878988000002,1703214604.611976
INFO:root:5,86.28069980000004,0.0039130000000000015,46.72878988000002,1703214605.143429
INFO:root:5,86.28069980000004,0.0039130000000000015,46.72878988000002,1703214605.6687808
INFO:root:5,86.28069980000004,0.0039130000000000015,46.72878988000002,1703214606.196428
INFO:root:5,86.28069980000004,0.0039130000000000015,46.72878988000002,1703214606.7829385
INFO:root:5,86.28069980000004,0.0039130000000000015,46.72878988000002,1703214607.316901
INFO:root:5,86.28069980000004,0.0039130000000000015,46.72878988000002,1703214607.845929
INFO:root:5,86.28069980000004,0.0039130000000000015,46.72878988000002,1703214608.3751445
INFO:root:5,86.28069980000004,0.0039130000000000015,46.72878988000002,1703214608.9054484
INFO:root:5,86.28069980000004,0.0039130000000000015,46.72878988000002,1703214609.433999
INFO:root:5,86.28069980000004,0.0039130000000000015,46.72878988000002,1703214609.9644105
INFO:root:5,86.28069980000004,0.0039130000000000015,46.72878988000002,1703214610.4927485
INFO:root:5,86.28069980000004,0.0039130000000000015,46.72878988000002,1703214611.020198
INFO:root:5,86.28069980000004,0.0039130000000000015,46.72878988000002,1703214611.5486255
INFO:root:5,86.28069980000004,0.0039130000000000015,46.72878988000002,1703214612.0794656
INFO:root:5,86.28069980000004,0.0039130000000000015,46.72878988000002,1703214612.6056411
INFO:root:5,86.28069980000004,0.0039130000000000015,46.72878988000002,1703214613.1750097
INFO:root:5,86.28069980000004,0.0039130000000000015,46.72878988000002,1703214613.7056603
INFO:root:5,86.28069980000004,0.0039130000000000015,46.72878988000002,1703214614.2333686
INFO:root:5,86.28069980000004,0.0039130000000000015,46.72878988000002,1703214614.7612317
INFO:root:5,86.28069980000004,0.0039130000000000015,46.72878988000002,1703214615.2897313
INFO:root:5,86.28069980000004,0.0039130000000000015,46.72878988000002,1703214615.8173308
INFO:root:5,86.28069980000004,0.0039130000000000015,46.72878988000002,1703214616.3469112
INFO:root:5,86.28069980000004,0.0039130000000000015,46.72878988000002,1703214616.8835435
INFO:root:5,86.28069980000004,0.0039130000000000015,46.72878988000002,1703214617.4097648
INFO:root:5,61.76234340000002,24.756803800000007,43.85268608000001,1703214617.981117
INFO:root:5,61.76234340000002,24.756803800000007,43.85268608000001,1703214618.5115712
INFO:root:5,61.76234340000002,24.756803800000007,43.85268608000001,1703214619.0415971
INFO:root:5,61.76234340000002,24.756803800000007,43.85268608000001,1703214619.5740392
INFO:root:5,61.76234340000002,24.756803800000007,43.85268608000001,1703214620.105011
INFO:root:5,61.76234340000002,24.756803800000007,43.85268608000001,1703214620.6323159
INFO:root:5,61.76234340000002,24.756803800000007,43.85268608000001,1703214621.1614518
INFO:root:5,61.76234340000002,24.756803800000007,43.85268608000001,1703214621.693603
INFO:root:5,61.76234340000002,24.756803800000007,43.85268608000001,1703214622.2200391
INFO:root:5,61.76234340000002,24.756803800000007,43.85268608000001,1703214622.7507713
INFO:root:5,61.76234340000002,24.756803800000007,43.85268608000001,1703214623.284748
INFO:root:5,61.76234340000002,24.756803800000007,43.85268608000001,1703214623.811422
INFO:root:5,61.76234340000002,24.756803800000007,43.85268608000001,1703214624.3358915
INFO:root:5,61.76234340000002,24.756803800000007,43.85268608000001,1703214624.8692644
INFO:root:5,61.76234340000002,24.756803800000007,43.85268608000001,1703214625.3953388
INFO:root:5,61.76234340000002,24.756803800000007,43.85268608000001,1703214625.9255452
INFO:root:5,61.76234340000002,24.756803800000007,43.85268608000001,1703214626.4551528
INFO:root:5,61.76234340000002,24.756803800000007,43.85268608000001,1703214626.9861372
INFO:root:5,61.76234340000002,24.756803800000007,43.85268608000001,1703214627.5124197
INFO:root:5,61.76234340000002,24.756803800000007,43.85268608000001,1703214628.041684
INFO:root:5,61.76234340000002,24.756803800000007,43.85268608000001,1703214628.5807629
INFO:root:5,61.76234340000002,24.756803800000007,43.85268608000001,1703214629.115806
INFO:root:5,61.76234340000002,24.756803800000007,43.85268608000001,1703214629.64426
INFO:root:5,61.76234340000002,24.756803800000007,43.85268608000001,1703214630.17329
INFO:root:5,61.76234340000002,24.756803800000007,43.85268608000001,1703214630.7035048
INFO:root:5,61.76234340000002,24.756803800000007,43.85268608000001,1703214631.2249753
INFO:root:5,61.76234340000002,24.756803800000007,43.85268608000001,1703214631.7573452
INFO:root:5,61.76234340000002,24.756803800000007,43.85268608000001,1703214632.2888803
INFO:root:5,61.76234340000002,24.756803800000007,43.85268608000001,1703214632.8896837
INFO:root:5,72.08686800000002,0.003234000000000001,45.885292000000014,1703214633.420511
INFO:root:5,72.08686800000002,0.003234000000000001,45.885292000000014,1703214633.9499576
INFO:root:5,72.08686800000002,0.003234000000000001,45.885292000000014,1703214634.477798
INFO:root:5,72.08686800000002,0.003234000000000001,45.885292000000014,1703214635.0085852
INFO:root:5,72.08686800000002,0.003234000000000001,45.885292000000014,1703214635.53649
INFO:root:5,72.08686800000002,0.003234000000000001,45.885292000000014,1703214636.0651357
INFO:root:5,72.08686800000002,0.003234000000000001,45.885292000000014,1703214636.596445
INFO:root:5,72.08686800000002,0.003234000000000001,45.885292000000014,1703214637.1847198
INFO:root:5,72.08686800000002,0.003234000000000001,45.885292000000014,1703214637.7128322
INFO:root:5,72.08686800000002,0.003234000000000001,45.885292000000014,1703214638.2443092
INFO:root:5,72.08686800000002,0.003234000000000001,45.885292000000014,1703214638.7740762
INFO:root:5,72.08686800000002,0.003234000000000001,45.885292000000014,1703214639.3041713
INFO:root:5,72.08686800000002,0.003234000000000001,45.885292000000014,1703214639.835877
INFO:root:5,72.08686800000002,0.003234000000000001,45.885292000000014,1703214640.3607626
INFO:root:5,72.08686800000002,0.003234000000000001,45.885292000000014,1703214640.888714
INFO:root:5,72.08686800000002,0.003234000000000001,45.885292000000014,1703214641.4192927
INFO:root:5,72.08686800000002,0.003234000000000001,45.885292000000014,1703214641.9434001
INFO:root:5,72.08686800000002,0.003234000000000001,45.885292000000014,1703214642.4690475
INFO:root:5,72.08686800000002,0.003234000000000001,45.885292000000014,1703214642.9997756
INFO:root:5,72.08686800000002,0.003234000000000001,45.885292000000014,1703214643.5307176
INFO:root:5,72.08686800000002,0.003234000000000001,45.885292000000014,1703214644.0608544
INFO:root:5,72.08686800000002,0.003234000000000001,45.885292000000014,1703214644.6000397
INFO:root:5,72.08686800000002,0.003234000000000001,45.885292000000014,1703214645.134356
INFO:root:5,72.08686800000002,0.003234000000000001,45.885292000000014,1703214645.6605856
INFO:root:5,72.08686800000002,0.003234000000000001,45.885292000000014,1703214646.1885283
INFO:root:5,72.08686800000002,0.003234000000000001,45.885292000000014,1703214646.714672
INFO:root:5,72.08686800000002,0.003234000000000001,45.885292000000014,1703214647.286558
INFO:root:5,72.08686800000002,0.003234000000000001,45.885292000000014,1703214647.8869562
INFO:root:5,87.59246520000003,0.004342200000000002,47.00835740000001,1703214648.4161925
INFO:root:5,87.59246520000003,0.004342200000000002,47.00835740000001,1703214648.9447362
INFO:root:5,87.59246520000003,0.004342200000000002,47.00835740000001,1703214649.4737132
INFO:root:5,87.59246520000003,0.004342200000000002,47.00835740000001,1703214650.0050304
INFO:root:5,87.59246520000003,0.004342200000000002,47.00835740000001,1703214650.5333796
INFO:root:5,87.59246520000003,0.004342200000000002,47.00835740000001,1703214651.0609956
INFO:root:5,87.59246520000003,0.004342200000000002,47.00835740000001,1703214651.5893428
INFO:root:5,87.59246520000003,0.004342200000000002,47.00835740000001,1703214652.1216183
INFO:root:5,87.59246520000003,0.004342200000000002,47.00835740000001,1703214652.6474586
INFO:root:5,87.59246520000003,0.004342200000000002,47.00835740000001,1703214653.1764038
INFO:root:5,87.59246520000003,0.004342200000000002,47.00835740000001,1703214653.704315
INFO:root:5,87.59246520000003,0.004342200000000002,47.00835740000001,1703214654.2313616
INFO:root:5,87.59246520000003,0.004342200000000002,47.00835740000001,1703214654.7723129
INFO:root:5,87.59246520000003,0.004342200000000002,47.00835740000001,1703214655.30394
INFO:root:5,87.59246520000003,0.004342200000000002,47.00835740000001,1703214655.834442
INFO:root:5,87.59246520000003,0.004342200000000002,47.00835740000001,1703214656.3633668
INFO:root:5,87.59246520000003,0.004342200000000002,47.00835740000001,1703214656.8939526
INFO:root:5,87.59246520000003,0.004342200000000002,47.00835740000001,1703214657.485377
INFO:root:5,87.59246520000003,0.004342200000000002,47.00835740000001,1703214658.0144987
INFO:root:5,87.59246520000003,0.004342200000000002,47.00835740000001,1703214658.544103
INFO:root:5,87.59246520000003,0.004342200000000002,47.00835740000001,1703214659.0714443
INFO:root:5,87.59246520000003,0.004342200000000002,47.00835740000001,1703214659.6035528
INFO:root:5,87.59246520000003,0.004342200000000002,47.00835740000001,1703214660.1341367
INFO:root:5,87.59246520000003,0.004342200000000002,47.00835740000001,1703214660.6618493
INFO:root:5,87.59246520000003,0.004342200000000002,47.00835740000001,1703214661.191024
INFO:root:5,87.59246520000003,0.004342200000000002,47.00835740000001,1703214661.7236605
INFO:root:5,87.59246520000003,0.004342200000000002,47.00835740000001,1703214662.2524457
INFO:root:5,87.59246520000003,0.004342200000000002,47.00835740000001,1703214662.8901854
INFO:root:5,89.01766660000004,0.0,46.511885960000015,1703214663.4217403
INFO:root:5,89.01766660000004,0.0,46.511885960000015,1703214663.9539585
INFO:root:5,89.01766660000004,0.0,46.511885960000015,1703214664.4815068
INFO:root:5,89.01766660000004,0.0,46.511885960000015,1703214665.010592
INFO:root:5,89.01766660000004,0.0,46.511885960000015,1703214665.5390158
INFO:root:5,89.01766660000004,0.0,46.511885960000015,1703214666.067463
INFO:root:5,89.01766660000004,0.0,46.511885960000015,1703214666.6011977
INFO:root:5,89.01766660000004,0.0,46.511885960000015,1703214667.1268191
INFO:root:5,89.01766660000004,0.0,46.511885960000015,1703214667.680862
INFO:root:5,89.01766660000004,0.0,46.511885960000015,1703214668.2092905
INFO:root:5,89.01766660000004,0.0,46.511885960000015,1703214668.7399654
INFO:root:5,89.01766660000004,0.0,46.511885960000015,1703214669.2681332
INFO:root:5,89.01766660000004,0.0,46.511885960000015,1703214669.794926
INFO:root:5,89.01766660000004,0.0,46.511885960000015,1703214670.323495
INFO:root:5,89.01766660000004,0.0,46.511885960000015,1703214670.8504887
INFO:root:5,89.01766660000004,0.0,46.511885960000015,1703214671.3805747
INFO:root:5,89.01766660000004,0.0,46.511885960000015,1703214671.908242
INFO:root:5,89.01766660000004,0.0,46.511885960000015,1703214672.4358463
INFO:root:5,89.01766660000004,0.0,46.511885960000015,1703214672.9627979
INFO:root:5,89.01766660000004,0.0,46.511885960000015,1703214673.490554
INFO:root:5,89.01766660000004,0.0,46.511885960000015,1703214674.0191987
INFO:root:5,89.01766660000004,0.0,46.511885960000015,1703214674.5477586
INFO:root:5,89.01766660000004,0.0,46.511885960000015,1703214675.0740998
INFO:root:5,89.01766660000004,0.0,46.511885960000015,1703214675.6016252
INFO:root:5,89.01766660000004,0.0,46.511885960000015,1703214676.1279943
INFO:root:5,89.01766660000004,0.0,46.511885960000015,1703214676.656202
INFO:root:5,89.01766660000004,0.0,46.511885960000015,1703214677.1838863
INFO:root:5,89.01766660000004,0.0,46.511885960000015,1703214677.7121344
INFO:root:5,76.86958120000003,0.0,38.131477120000014,1703214678.2424192
INFO:root:5,76.86958120000003,0.0,38.131477120000014,1703214678.7734094
INFO:root:5,76.86958120000003,0.0,38.131477120000014,1703214679.2996988
INFO:root:5,76.86958120000003,0.0,38.131477120000014,1703214679.829498
INFO:root:5,76.86958120000003,0.0,38.131477120000014,1703214680.3558419
INFO:root:5,76.86958120000003,0.0,38.131477120000014,1703214680.8867607
INFO:root:5,76.86958120000003,0.0,38.131477120000014,1703214681.413739
INFO:root:5,76.86958120000003,0.0,38.131477120000014,1703214681.9732814
INFO:root:5,76.86958120000003,0.0,38.131477120000014,1703214682.500814
INFO:root:5,76.86958120000003,0.0,38.131477120000014,1703214683.0323126
INFO:root:5,76.86958120000003,0.0,38.131477120000014,1703214683.5620549
INFO:root:5,76.86958120000003,0.0,38.131477120000014,1703214684.0904174
INFO:root:5,76.86958120000003,0.0,38.131477120000014,1703214684.6189952
INFO:root:5,76.86958120000003,0.0,38.131477120000014,1703214685.1464763
INFO:root:5,76.86958120000003,0.0,38.131477120000014,1703214685.6755085
INFO:root:5,76.86958120000003,0.0,38.131477120000014,1703214686.2047944
INFO:root:5,76.86958120000003,0.0,38.131477120000014,1703214686.73214
INFO:root:5,76.86958120000003,0.0,38.131477120000014,1703214687.256981
INFO:root:5,76.86958120000003,0.0,38.131477120000014,1703214687.8745425
INFO:root:5,76.86958120000003,0.0,38.131477120000014,1703214688.4082024
INFO:root:5,76.86958120000003,0.0,38.131477120000014,1703214688.9394863
INFO:root:5,76.86958120000003,0.0,38.131477120000014,1703214689.4656327
INFO:root:5,76.86958120000003,0.0,38.131477120000014,1703214689.9962916
INFO:root:5,76.86958120000003,0.0,38.131477120000014,1703214690.5232136
INFO:root:5,76.86958120000003,0.0,38.131477120000014,1703214691.0532792
INFO:root:5,76.86958120000003,0.0,38.131477120000014,1703214691.581565
INFO:root:5,76.86958120000003,0.0,38.131477120000014,1703214692.113126
INFO:root:5,76.86958120000003,0.0,38.131477120000014,1703214692.6404805
INFO:root:5,86.78983880000003,0.0,45.32005568000002,1703214693.1670854
INFO:root:5,86.78983880000003,0.0,45.32005568000002,1703214693.696914
INFO:root:5,86.78983880000003,0.0,45.32005568000002,1703214694.2256775
INFO:root:5,86.78983880000003,0.0,45.32005568000002,1703214694.7547646
INFO:root:5,86.78983880000003,0.0,45.32005568000002,1703214695.2850688
INFO:root:5,86.78983880000003,0.0,45.32005568000002,1703214695.8131285
INFO:root:5,86.78983880000003,0.0,45.32005568000002,1703214696.3414152
INFO:root:5,86.78983880000003,0.0,45.32005568000002,1703214696.8694735
INFO:root:5,86.78983880000003,0.0,45.32005568000002,1703214697.3974936
INFO:root:5,86.78983880000003,0.0,45.32005568000002,1703214698.0716777
INFO:root:5,86.78983880000003,0.0,45.32005568000002,1703214698.597157
INFO:root:5,86.78983880000003,0.0,45.32005568000002,1703214699.1226583
INFO:root:5,86.78983880000003,0.0,45.32005568000002,1703214699.6517766
INFO:root:5,86.78983880000003,0.0,45.32005568000002,1703214700.1862025
INFO:root:5,86.78983880000003,0.0,45.32005568000002,1703214700.70877
INFO:root:5,86.78983880000003,0.0,45.32005568000002,1703214701.280748
INFO:root:5,86.78983880000003,0.0,45.32005568000002,1703214701.8135946
INFO:root:5,86.78983880000003,0.0,45.32005568000002,1703214702.3432438
INFO:root:5,86.78983880000003,0.0,45.32005568000002,1703214702.8810246
INFO:root:5,86.78983880000003,0.0,45.32005568000002,1703214703.415829
INFO:root:5,86.78983880000003,0.0,45.32005568000002,1703214703.981094
INFO:root:5,86.78983880000003,0.0,45.32005568000002,1703214704.5101714
INFO:root:5,86.78983880000003,0.0,45.32005568000002,1703214705.039658
INFO:root:5,86.78983880000003,0.0,45.32005568000002,1703214705.566726
INFO:root:5,86.78983880000003,0.0,45.32005568000002,1703214706.0933695
INFO:root:5,86.78983880000003,0.0,45.32005568000002,1703214706.622367
INFO:root:5,86.78983880000003,0.0,45.32005568000002,1703214707.1487722
INFO:root:5,86.78983880000003,0.0,45.32005568000002,1703214707.6834795
INFO:root:5,88.55972000000004,30.71316520000001,45.90115420000002,1703214708.2131844
INFO:root:5,88.55972000000004,30.71316520000001,45.90115420000002,1703214708.7435396
INFO:root:5,88.55972000000004,30.71316520000001,45.90115420000002,1703214709.2737467
INFO:root:5,88.55972000000004,30.71316520000001,45.90115420000002,1703214709.8027797
INFO:root:5,88.55972000000004,30.71316520000001,45.90115420000002,1703214710.3354352
INFO:root:5,88.55972000000004,30.71316520000001,45.90115420000002,1703214710.8598387
INFO:root:5,88.55972000000004,30.71316520000001,45.90115420000002,1703214711.3878503
INFO:root:5,88.55972000000004,30.71316520000001,45.90115420000002,1703214711.9172611
INFO:root:5,88.55972000000004,30.71316520000001,45.90115420000002,1703214712.4481304
INFO:root:5,88.55972000000004,30.71316520000001,45.90115420000002,1703214712.9751666
INFO:root:5,88.55972000000004,30.71316520000001,45.90115420000002,1703214713.503688
INFO:root:5,88.55972000000004,30.71316520000001,45.90115420000002,1703214714.0340974
INFO:root:5,88.55972000000004,30.71316520000001,45.90115420000002,1703214714.5629323
INFO:root:5,88.55972000000004,30.71316520000001,45.90115420000002,1703214715.095429
INFO:root:5,88.55972000000004,30.71316520000001,45.90115420000002,1703214715.6193178
INFO:root:5,88.55972000000004,30.71316520000001,45.90115420000002,1703214716.1450727
INFO:root:5,88.55972000000004,30.71316520000001,45.90115420000002,1703214716.6738377
INFO:root:4,88.55972000000004,30.71316520000001,48.10830080000002,1703214717.2048965
INFO:root:4,88.55972000000004,30.71316520000001,48.10830080000002,1703214717.7315357
INFO:root:4,88.55972000000004,30.71316520000001,48.10830080000002,1703214718.2883043
INFO:root:4,88.55972000000004,30.71316520000001,48.10830080000002,1703214718.8203669
INFO:root:4,88.55972000000004,30.71316520000001,48.10830080000002,1703214719.3495953
INFO:root:4,88.55972000000004,30.71316520000001,48.10830080000002,1703214719.8819351
INFO:root:4,88.55972000000004,30.71316520000001,48.10830080000002,1703214720.4101775
INFO:root:4,88.55972000000004,30.71316520000001,48.10830080000002,1703214720.9398737
INFO:root:4,88.55972000000004,30.71316520000001,48.10830080000002,1703214721.468491
INFO:root:4,88.55972000000004,30.71316520000001,48.10830080000002,1703214721.9980326
INFO:root:4,88.55972000000004,30.71316520000001,48.10830080000002,1703214722.5288787
INFO:root:4,58.4,0.002624600000000001,14.045401950001,1703214723.0590067
INFO:root:4,58.4,0.002624600000000001,14.045401950001,1703214723.5892198
INFO:root:4,58.4,0.002624600000000001,14.045401950001,1703214724.1195714
INFO:root:4,58.4,0.002624600000000001,14.045401950001,1703214724.6455486
INFO:root:4,58.4,0.002624600000000001,14.045401950001,1703214725.1796267
INFO:root:4,58.4,0.002624600000000001,14.045401950001,1703214725.7079237
INFO:root:4,58.4,0.002624600000000001,14.045401950001,1703214726.2349572
INFO:root:4,58.4,0.002624600000000001,14.045401950001,1703214726.7627172
INFO:root:4,58.4,0.002624600000000001,14.045401950001,1703214727.292171
INFO:root:4,58.4,0.002624600000000001,14.045401950001,1703214727.8219242
INFO:root:4,58.4,0.002624600000000001,14.045401950001,1703214728.3894417
INFO:root:4,58.4,0.002624600000000001,14.045401950001,1703214728.912
INFO:root:4,58.4,0.002624600000000001,14.045401950001,1703214729.4439247
INFO:root:4,58.4,0.002624600000000001,14.045401950001,1703214729.9753356
INFO:root:4,58.4,0.002624600000000001,14.045401950001,1703214730.4996173
INFO:root:4,58.4,0.002624600000000001,14.045401950001,1703214731.0247116
INFO:root:4,58.4,0.002624600000000001,14.045401950001,1703214731.55158
INFO:root:4,58.4,0.002624600000000001,14.045401950001,1703214732.0800774
INFO:root:4,58.4,0.002624600000000001,14.045401950001,1703214732.6073477
INFO:root:4,58.4,0.002624600000000001,14.045401950001,1703214733.136775
INFO:root:4,58.4,0.002624600000000001,14.045401950001,1703214733.6656647
INFO:root:4,58.4,0.002624600000000001,14.045401950001,1703214734.1962404
