INFO:root:0,0,0,0,1703219651.4670353
INFO:root:9,0.0,0.0,0.0,1703219651.4957578
INFO:root:9,0.0,0.0,0.0,1703219652.083779
INFO:root:9,0.0,0.0,0.0,1703219652.6137683
INFO:root:9,0.0,0.0,0.0,1703219653.1489828
INFO:root:9,0.0,0.0,0.0,1703219653.6730757
INFO:root:9,0.0,0.0,0.0,1703219654.207337
INFO:root:9,0.0,0.0,0.0,1703219654.7282126
INFO:root:9,0.0,0.0,0.0,1703219655.2669387
INFO:root:9,0.0,0.0,0.0,1703219655.8050814
INFO:root:9,0.0,0.0,0.0,1703219656.3374112
INFO:root:9,0.0,0.0,0.0,1703219656.8743937
INFO:root:9,0.0,0.0,0.0,1703219657.3971932
INFO:root:9,0.0,0.0,0.0,1703219658.0676744
INFO:root:9,0.0,0.0,0.0,1703219658.5950866
INFO:root:9,0.0,0.0,0.0,1703219659.116148
INFO:root:9,50.80479600000002,0.0,14.53369944444445,1703219659.6773446
INFO:root:9,50.80479600000002,0.0,14.53369944444445,1703219660.2094092
INFO:root:9,50.80479600000002,0.0,14.53369944444445,1703219660.7315466
INFO:root:9,50.80479600000002,0.0,14.53369944444445,1703219661.2664988
INFO:root:9,50.80479600000002,0.0,14.53369944444445,1703219661.8078492
INFO:root:9,50.80479600000002,0.0,14.53369944444445,1703219662.3373523
INFO:root:9,50.80479600000002,0.0,14.53369944444445,1703219662.857873
INFO:root:9,50.80479600000002,0.0,14.53369944444445,1703219663.3803754
INFO:root:9,50.80479600000002,0.0,14.53369944444445,1703219663.9196403
INFO:root:9,50.80479600000002,0.0,14.53369944444445,1703219664.4649065
INFO:root:9,50.80479600000002,0.0,14.53369944444445,1703219664.9894414
INFO:root:9,50.80479600000002,0.0,14.53369944444445,1703219665.5132115
INFO:root:9,50.80479600000002,0.0,14.53369944444445,1703219666.054982
INFO:root:9,50.80479600000002,0.0,14.53369944444445,1703219666.592735
INFO:root:9,50.80479600000002,0.0,14.53369944444445,1703219667.1278024
INFO:root:9,50.80479600000002,0.0,14.53369944444445,1703219667.6659145
INFO:root:9,50.80479600000002,0.0,14.53369944444445,1703219668.2795694
INFO:root:9,50.80479600000002,0.0,14.53369944444445,1703219668.808383
INFO:root:9,50.80479600000002,0.0,14.53369944444445,1703219669.3325462
INFO:root:9,50.80479600000002,0.0,14.53369944444445,1703219669.8705432
INFO:root:9,50.80479600000002,0.0,14.53369944444445,1703219670.4023597
INFO:root:9,50.80479600000002,0.0,14.53369944444445,1703219670.9250903
INFO:root:9,50.80479600000002,0.0,14.53369944444445,1703219671.4459138
INFO:root:9,50.80479600000002,0.0,14.53369944444445,1703219671.9675581
INFO:root:9,50.80479600000002,0.0,14.53369944444445,1703219672.4897032
INFO:root:9,50.80479600000002,0.0,14.53369944444445,1703219673.0241716
INFO:root:9,50.80479600000002,0.0,14.53369944444445,1703219673.5617626
INFO:root:9,50.80479600000002,0.0,14.53369944444445,1703219674.0974114
INFO:root:9,80.75832120000004,0.0,21.10018404444445,1703219674.676305
INFO:root:9,80.75832120000004,0.0,21.10018404444445,1703219675.2046916
INFO:root:9,80.75832120000004,0.0,21.10018404444445,1703219675.7411332
INFO:root:9,80.75832120000004,0.0,21.10018404444445,1703219676.2744846
INFO:root:9,80.75832120000004,0.0,21.10018404444445,1703219676.8160439
INFO:root:9,80.75832120000004,0.0,21.10018404444445,1703219677.3812423
INFO:root:9,80.75832120000004,0.0,21.10018404444445,1703219677.9709995
INFO:root:9,80.75832120000004,0.0,21.10018404444445,1703219678.666202
INFO:root:9,80.75832120000004,0.0,21.10018404444445,1703219679.2001128
INFO:root:9,80.75832120000004,0.0,21.10018404444445,1703219679.7823305
INFO:root:9,80.75832120000004,0.0,21.10018404444445,1703219680.3795457
INFO:root:9,80.75832120000004,0.0,21.10018404444445,1703219680.9805415
INFO:root:9,80.75832120000004,0.0,21.10018404444445,1703219681.583338
INFO:root:9,80.75832120000004,0.0,21.10018404444445,1703219682.1812737
INFO:root:9,80.75832120000004,0.0,21.10018404444445,1703219682.7828195
INFO:root:8,80.75832120000004,0.0,23.737707050000008,1703219683.3826659
INFO:root:8,80.75832120000004,0.0,23.737707050000008,1703219683.981386
INFO:root:8,80.75832120000004,0.0,23.737707050000008,1703219684.5839107
INFO:root:8,80.75832120000004,0.0,23.737707050000008,1703219685.1806717
INFO:root:8,80.75832120000004,0.0,23.737707050000008,1703219685.7828572
INFO:root:8,80.75832120000004,0.0,23.737707050000008,1703219686.3799002
INFO:root:8,80.75832120000004,0.0,23.737707050000008,1703219686.9806948
INFO:root:8,80.75832120000004,0.0,23.737707050000008,1703219687.5795171
INFO:root:7,69.04504460000003,0.0,15.591905028571436,1703219688.1793478
INFO:root:6,69.04504460000003,0.0,18.190555866666674,1703219688.7824326
INFO:root:6,69.04504460000003,0.0,18.190555866666674,1703219689.314404
INFO:root:6,61.79425380000002,11.668327600000005,40.25075243333334,1703219689.8760087
INFO:root:6,61.79425380000002,11.668327600000005,40.25075243333334,1703219690.4079444
INFO:root:6,61.79425380000002,11.668327600000005,40.25075243333334,1703219690.9315414
INFO:root:6,61.79425380000002,11.668327600000005,40.25075243333334,1703219691.465722
INFO:root:6,61.79425380000002,11.668327600000005,40.25075243333334,1703219691.9887013
INFO:root:6,61.79425380000002,11.668327600000005,40.25075243333334,1703219692.5089405
INFO:root:6,61.79425380000002,11.668327600000005,40.25075243333334,1703219693.0318434
INFO:root:6,61.79425380000002,11.668327600000005,40.25075243333334,1703219693.5536127
INFO:root:6,61.79425380000002,11.668327600000005,40.25075243333334,1703219694.0750628
INFO:root:6,61.79425380000002,11.668327600000005,40.25075243333334,1703219694.61361
INFO:root:6,61.79425380000002,11.668327600000005,40.25075243333334,1703219695.1351852
INFO:root:6,61.79425380000002,11.668327600000005,40.25075243333334,1703219695.6565006
INFO:root:6,61.79425380000002,11.668327600000005,40.25075243333334,1703219696.1778553
INFO:root:6,61.79425380000002,11.668327600000005,40.25075243333334,1703219696.7150288
INFO:root:6,61.79425380000002,11.668327600000005,40.25075243333334,1703219697.2494118
INFO:root:6,61.79425380000002,11.668327600000005,40.25075243333334,1703219697.7707527
INFO:root:6,61.79425380000002,11.668327600000005,40.25075243333334,1703219698.2962193
INFO:root:6,61.79425380000002,11.668327600000005,40.25075243333334,1703219698.971567
INFO:root:6,61.79425380000002,11.668327600000005,40.25075243333334,1703219699.563029
INFO:root:6,61.79425380000002,11.668327600000005,40.25075243333334,1703219700.1665525
INFO:root:6,61.79425380000002,11.668327600000005,40.25075243333334,1703219700.6921303
INFO:root:6,61.79425380000002,11.668327600000005,40.25075243333334,1703219701.2123132
INFO:root:6,61.79425380000002,11.668327600000005,40.25075243333334,1703219701.7487752
INFO:root:6,61.79425380000002,11.668327600000005,40.25075243333334,1703219702.2860255
INFO:root:6,61.79425380000002,11.668327600000005,40.25075243333334,1703219702.8202696
INFO:root:6,61.79425380000002,11.668327600000005,40.25075243333334,1703219703.3660128
INFO:root:6,61.79425380000002,11.668327600000005,40.25075243333334,1703219703.8962395
INFO:root:6,61.79425380000002,11.668327600000005,40.25075243333334,1703219704.4302657
INFO:root:6,75.52742420000003,4.669932600000002,33.42934046666668,1703219704.9527771
INFO:root:6,75.52742420000003,4.669932600000002,33.42934046666668,1703219705.4795818
INFO:root:6,75.52742420000003,4.669932600000002,33.42934046666668,1703219706.0140917
INFO:root:6,75.52742420000003,4.669932600000002,33.42934046666668,1703219706.553099
INFO:root:6,75.52742420000003,4.669932600000002,33.42934046666668,1703219707.0870392
INFO:root:6,75.52742420000003,4.669932600000002,33.42934046666668,1703219707.609846
INFO:root:6,75.52742420000003,4.669932600000002,33.42934046666668,1703219708.1477787
INFO:root:6,75.52742420000003,4.669932600000002,33.42934046666668,1703219708.68145
INFO:root:6,75.52742420000003,4.669932600000002,33.42934046666668,1703219709.2809296
INFO:root:6,75.52742420000003,4.669932600000002,33.42934046666668,1703219709.80377
INFO:root:6,75.52742420000003,4.669932600000002,33.42934046666668,1703219710.3365161
INFO:root:6,75.52742420000003,4.669932600000002,33.42934046666668,1703219710.8567038
INFO:root:6,75.52742420000003,4.669932600000002,33.42934046666668,1703219711.3948832
INFO:root:6,75.52742420000003,4.669932600000002,33.42934046666668,1703219711.9742162
INFO:root:6,75.52742420000003,4.669932600000002,33.42934046666668,1703219712.5066226
INFO:root:6,75.52742420000003,4.669932600000002,33.42934046666668,1703219713.0370417
INFO:root:6,75.52742420000003,4.669932600000002,33.42934046666668,1703219713.5719478
INFO:root:6,75.52742420000003,4.669932600000002,33.42934046666668,1703219714.0975442
INFO:root:6,75.52742420000003,4.669932600000002,33.42934046666668,1703219714.6658442
INFO:root:6,75.52742420000003,4.669932600000002,33.42934046666668,1703219715.1989102
INFO:root:6,75.52742420000003,4.669932600000002,33.42934046666668,1703219715.7227027
INFO:root:6,75.52742420000003,4.669932600000002,33.42934046666668,1703219716.2444556
INFO:root:6,75.52742420000003,4.669932600000002,33.42934046666668,1703219716.7802434
INFO:root:6,75.52742420000003,4.669932600000002,33.42934046666668,1703219717.303253
INFO:root:6,75.52742420000003,4.669932600000002,33.42934046666668,1703219717.8266213
INFO:root:6,75.52742420000003,4.669932600000002,33.42934046666668,1703219718.3765202
INFO:root:6,75.52742420000003,4.669932600000002,33.42934046666668,1703219718.8992457
INFO:root:6,75.52742420000003,4.669932600000002,33.42934046666668,1703219719.5689313
INFO:root:6,88.12723100000002,0.0032854000000000013,32.739592600000016,1703219720.100305
INFO:root:6,88.12723100000002,0.0032854000000000013,32.739592600000016,1703219720.6229036
INFO:root:6,88.12723100000002,0.0032854000000000013,32.739592600000016,1703219721.1480079
INFO:root:6,88.12723100000002,0.0032854000000000013,32.739592600000016,1703219721.6870816
INFO:root:6,88.12723100000002,0.0032854000000000013,32.739592600000016,1703219722.2185404
INFO:root:6,88.12723100000002,0.0032854000000000013,32.739592600000016,1703219722.7412007
INFO:root:6,88.12723100000002,0.0032854000000000013,32.739592600000016,1703219723.2772286
INFO:root:6,88.12723100000002,0.0032854000000000013,32.739592600000016,1703219723.8066635
INFO:root:6,88.12723100000002,0.0032854000000000013,32.739592600000016,1703219724.3714173
INFO:root:6,88.12723100000002,0.0032854000000000013,32.739592600000016,1703219724.8986163
INFO:root:6,88.12723100000002,0.0032854000000000013,32.739592600000016,1703219725.4797614
INFO:root:6,88.12723100000002,0.0032854000000000013,32.739592600000016,1703219726.069382
INFO:root:6,88.12723100000002,0.0032854000000000013,32.739592600000016,1703219726.6001377
INFO:root:6,88.12723100000002,0.0032854000000000013,32.739592600000016,1703219727.1786358
INFO:root:6,88.12723100000002,0.0032854000000000013,32.739592600000016,1703219727.7051783
INFO:root:6,88.12723100000002,0.0032854000000000013,32.739592600000016,1703219728.2264252
INFO:root:6,88.12723100000002,0.0032854000000000013,32.739592600000016,1703219728.7492516
INFO:root:6,88.12723100000002,0.0032854000000000013,32.739592600000016,1703219729.2851431
INFO:root:6,88.12723100000002,0.0032854000000000013,32.739592600000016,1703219729.8630023
INFO:root:6,88.12723100000002,0.0032854000000000013,32.739592600000016,1703219730.392976
INFO:root:6,88.12723100000002,0.0032854000000000013,32.739592600000016,1703219730.968896
INFO:root:6,88.12723100000002,0.0032854000000000013,32.739592600000016,1703219731.4998486
INFO:root:6,88.12723100000002,0.0032854000000000013,32.739592600000016,1703219732.025421
INFO:root:6,88.12723100000002,0.0032854000000000013,32.739592600000016,1703219732.5576398
INFO:root:6,88.12723100000002,0.0032854000000000013,32.739592600000016,1703219733.0903153
INFO:root:6,88.12723100000002,0.0032854000000000013,32.739592600000016,1703219733.612522
INFO:root:6,88.12723100000002,0.0032854000000000013,32.739592600000016,1703219734.1469438
INFO:root:6,83.80860700000002,0.0,38.55207326666668,1703219734.6755586
INFO:root:6,83.80860700000002,0.0,38.55207326666668,1703219735.2104537
INFO:root:6,83.80860700000002,0.0,38.55207326666668,1703219735.7432053
INFO:root:6,83.80860700000002,0.0,38.55207326666668,1703219736.2658665
INFO:root:6,83.80860700000002,0.0,38.55207326666668,1703219736.7928967
INFO:root:6,83.80860700000002,0.0,38.55207326666668,1703219737.3244474
INFO:root:6,83.80860700000002,0.0,38.55207326666668,1703219737.8600786
INFO:root:6,83.80860700000002,0.0,38.55207326666668,1703219738.398097
INFO:root:6,83.80860700000002,0.0,38.55207326666668,1703219738.9703612
INFO:root:6,83.80860700000002,0.0,38.55207326666668,1703219739.4991908
INFO:root:6,83.80860700000002,0.0,38.55207326666668,1703219740.07608
INFO:root:6,83.80860700000002,0.0,38.55207326666668,1703219740.6108196
INFO:root:6,83.80860700000002,0.0,38.55207326666668,1703219741.147714
INFO:root:6,83.80860700000002,0.0,38.55207326666668,1703219741.6877782
INFO:root:6,83.80860700000002,0.0,38.55207326666668,1703219742.224443
INFO:root:6,83.80860700000002,0.0,38.55207326666668,1703219742.754552
INFO:root:6,83.80860700000002,0.0,38.55207326666668,1703219743.277073
INFO:root:6,83.80860700000002,0.0,38.55207326666668,1703219743.8010623
INFO:root:6,83.80860700000002,0.0,38.55207326666668,1703219744.3361695
INFO:root:6,83.80860700000002,0.0,38.55207326666668,1703219744.8696144
INFO:root:6,83.80860700000002,0.0,38.55207326666668,1703219745.406278
INFO:root:6,83.80860700000002,0.0,38.55207326666668,1703219745.9407625
INFO:root:6,83.80860700000002,0.0,38.55207326666668,1703219746.46385
INFO:root:6,83.80860700000002,0.0,38.55207326666668,1703219747.0013318
INFO:root:6,83.80860700000002,0.0,38.55207326666668,1703219747.5362058
INFO:root:6,83.80860700000002,0.0,38.55207326666668,1703219748.0591586
INFO:root:6,83.80860700000002,0.0,38.55207326666668,1703219748.5815935
INFO:root:6,83.80860700000002,0.0,38.55207326666668,1703219749.11532
INFO:root:6,69.42584480000002,0.0,30.806503300000013,1703219749.6784773
INFO:root:6,69.42584480000002,0.0,30.806503300000013,1703219750.204157
INFO:root:6,69.42584480000002,0.0,30.806503300000013,1703219750.7391179
INFO:root:6,69.42584480000002,0.0,30.806503300000013,1703219751.26029
INFO:root:6,69.42584480000002,0.0,30.806503300000013,1703219751.799545
INFO:root:6,69.42584480000002,0.0,30.806503300000013,1703219752.3318923
INFO:root:6,69.42584480000002,0.0,30.806503300000013,1703219752.8529575
INFO:root:6,69.42584480000002,0.0,30.806503300000013,1703219753.3729408
INFO:root:6,69.42584480000002,0.0,30.806503300000013,1703219753.8956506
INFO:root:6,69.42584480000002,0.0,30.806503300000013,1703219754.46536
INFO:root:6,69.42584480000002,0.0,30.806503300000013,1703219754.9939017
INFO:root:6,69.42584480000002,0.0,30.806503300000013,1703219755.5719814
INFO:root:6,69.42584480000002,0.0,30.806503300000013,1703219756.1637762
INFO:root:6,69.42584480000002,0.0,30.806503300000013,1703219756.6934268
INFO:root:6,69.42584480000002,0.0,30.806503300000013,1703219757.2810225
INFO:root:6,69.42584480000002,0.0,30.806503300000013,1703219757.8745637
INFO:root:6,69.42584480000002,0.0,30.806503300000013,1703219758.4657812
INFO:root:6,69.42584480000002,0.0,30.806503300000013,1703219758.9955437
INFO:root:6,69.42584480000002,0.0,30.806503300000013,1703219759.517733
INFO:root:6,69.42584480000002,0.0,30.806503300000013,1703219760.0815008
INFO:root:6,69.42584480000002,0.0,30.806503300000013,1703219760.6632648
INFO:root:6,69.42584480000002,0.0,30.806503300000013,1703219761.197292
INFO:root:6,69.42584480000002,0.0,30.806503300000013,1703219761.7655458
INFO:root:6,69.42584480000002,0.0,30.806503300000013,1703219762.3015373
INFO:root:6,69.42584480000002,0.0,30.806503300000013,1703219762.8231199
INFO:root:6,69.42584480000002,0.0,30.806503300000013,1703219763.3589723
INFO:root:6,69.42584480000002,0.0,30.806503300000013,1703219763.8954473
INFO:root:6,69.42584480000002,0.0,30.806503300000013,1703219764.4174502
INFO:root:6,72.43506280000003,2.313728200000001,38.318435700000016,1703219764.9738576
INFO:root:6,72.43506280000003,2.313728200000001,38.318435700000016,1703219765.509688
INFO:root:6,72.43506280000003,2.313728200000001,38.318435700000016,1703219766.077891
INFO:root:6,72.43506280000003,2.313728200000001,38.318435700000016,1703219766.6140537
INFO:root:6,72.43506280000003,2.313728200000001,38.318435700000016,1703219767.1757538
INFO:root:6,72.43506280000003,2.313728200000001,38.318435700000016,1703219767.7048714
INFO:root:6,72.43506280000003,2.313728200000001,38.318435700000016,1703219768.241768
INFO:root:6,72.43506280000003,2.313728200000001,38.318435700000016,1703219768.7794194
INFO:root:6,72.43506280000003,2.313728200000001,38.318435700000016,1703219769.3159664
INFO:root:6,72.43506280000003,2.313728200000001,38.318435700000016,1703219769.8754756
INFO:root:6,72.43506280000003,2.313728200000001,38.318435700000016,1703219770.4761055
INFO:root:6,72.43506280000003,2.313728200000001,38.318435700000016,1703219771.0109878
INFO:root:6,72.43506280000003,2.313728200000001,38.318435700000016,1703219771.5776513
INFO:root:6,72.43506280000003,2.313728200000001,38.318435700000016,1703219772.1635745
INFO:root:6,72.43506280000003,2.313728200000001,38.318435700000016,1703219772.696504
INFO:root:6,72.43506280000003,2.313728200000001,38.318435700000016,1703219773.2786472
INFO:root:6,72.43506280000003,2.313728200000001,38.318435700000016,1703219773.8776886
INFO:root:6,72.43506280000003,2.313728200000001,38.318435700000016,1703219774.477227
INFO:root:6,72.43506280000003,2.313728200000001,38.318435700000016,1703219775.0809648
INFO:root:6,72.43506280000003,2.313728200000001,38.318435700000016,1703219775.6773531
INFO:root:6,72.43506280000003,2.313728200000001,38.318435700000016,1703219776.2820156
INFO:root:6,72.43506280000003,2.313728200000001,38.318435700000016,1703219776.882833
INFO:root:6,72.43506280000003,2.313728200000001,38.318435700000016,1703219777.4823308
INFO:root:6,72.43506280000003,2.313728200000001,38.318435700000016,1703219778.0802047
INFO:root:6,72.43506280000003,2.313728200000001,38.318435700000016,1703219778.674918
INFO:root:6,72.43506280000003,2.313728200000001,38.318435700000016,1703219779.265081
INFO:root:6,80.42080840000003,23.27821440000001,51.357115700000016,1703219779.8691683
INFO:root:6,80.42080840000003,23.27821440000001,51.357115700000016,1703219780.3999677
INFO:root:6,80.42080840000003,23.27821440000001,51.357115700000016,1703219780.9354765
INFO:root:6,80.42080840000003,23.27821440000001,51.357115700000016,1703219781.4699852
INFO:root:6,80.42080840000003,23.27821440000001,51.357115700000016,1703219781.9934597
INFO:root:6,80.42080840000003,23.27821440000001,51.357115700000016,1703219782.5181482
INFO:root:6,80.42080840000003,23.27821440000001,51.357115700000016,1703219783.049141
INFO:root:6,80.42080840000003,23.27821440000001,51.357115700000016,1703219783.5729995
INFO:root:6,80.42080840000003,23.27821440000001,51.357115700000016,1703219784.1096685
INFO:root:6,80.42080840000003,23.27821440000001,51.357115700000016,1703219784.6455634
INFO:root:6,80.42080840000003,23.27821440000001,51.357115700000016,1703219785.1793532
INFO:root:6,80.42080840000003,23.27821440000001,51.357115700000016,1703219785.7159986
INFO:root:6,80.42080840000003,23.27821440000001,51.357115700000016,1703219786.2378395
INFO:root:6,80.42080840000003,23.27821440000001,51.357115700000016,1703219786.761849
INFO:root:6,80.42080840000003,23.27821440000001,51.357115700000016,1703219787.284885
INFO:root:6,80.42080840000003,23.27821440000001,51.357115700000016,1703219787.8205686
INFO:root:6,80.42080840000003,23.27821440000001,51.357115700000016,1703219788.3679476
INFO:root:6,80.42080840000003,23.27821440000001,51.357115700000016,1703219788.8964
INFO:root:6,80.42080840000003,23.27821440000001,51.357115700000016,1703219789.4186745
INFO:root:6,80.42080840000003,23.27821440000001,51.357115700000016,1703219789.9632645
INFO:root:6,80.42080840000003,23.27821440000001,51.357115700000016,1703219790.495459
INFO:root:6,80.42080840000003,23.27821440000001,51.357115700000016,1703219791.0647366
INFO:root:6,80.42080840000003,23.27821440000001,51.357115700000016,1703219791.6025577
INFO:root:6,80.42080840000003,23.27821440000001,51.357115700000016,1703219792.135363
INFO:root:6,80.42080840000003,23.27821440000001,51.357115700000016,1703219792.65802
INFO:root:6,80.42080840000003,23.27821440000001,51.357115700000016,1703219793.1802177
INFO:root:6,80.42080840000003,23.27821440000001,51.357115700000016,1703219793.7030048
INFO:root:6,80.42080840000003,23.27821440000001,51.357115700000016,1703219794.2386084
INFO:root:6,93.95125560000004,0.011575800000000004,37.38344470000002,1703219794.7624927
INFO:root:6,93.95125560000004,0.011575800000000004,37.38344470000002,1703219795.2860863
INFO:root:6,93.95125560000004,0.011575800000000004,37.38344470000002,1703219795.8104944
INFO:root:6,93.95125560000004,0.011575800000000004,37.38344470000002,1703219796.333763
INFO:root:6,93.95125560000004,0.011575800000000004,37.38344470000002,1703219796.8699062
INFO:root:6,93.95125560000004,0.011575800000000004,37.38344470000002,1703219797.409533
INFO:root:6,93.95125560000004,0.011575800000000004,37.38344470000002,1703219797.9423506
INFO:root:6,93.95125560000004,0.011575800000000004,37.38344470000002,1703219798.4786959
INFO:root:6,93.95125560000004,0.011575800000000004,37.38344470000002,1703219799.013727
INFO:root:6,93.95125560000004,0.011575800000000004,37.38344470000002,1703219799.5776944
INFO:root:6,93.95125560000004,0.011575800000000004,37.38344470000002,1703219800.1065881
INFO:root:6,93.95125560000004,0.011575800000000004,37.38344470000002,1703219800.6767929
INFO:root:6,93.95125560000004,0.011575800000000004,37.38344470000002,1703219801.2644844
INFO:root:6,93.95125560000004,0.011575800000000004,37.38344470000002,1703219801.792583
INFO:root:6,93.95125560000004,0.011575800000000004,37.38344470000002,1703219802.3650212
INFO:root:6,93.95125560000004,0.011575800000000004,37.38344470000002,1703219802.8963063
INFO:root:6,93.95125560000004,0.011575800000000004,37.38344470000002,1703219803.4175634
INFO:root:6,93.95125560000004,0.011575800000000004,37.38344470000002,1703219803.9645677
INFO:root:6,93.95125560000004,0.011575800000000004,37.38344470000002,1703219804.4967947
INFO:root:6,93.95125560000004,0.011575800000000004,37.38344470000002,1703219805.0750687
INFO:root:6,93.95125560000004,0.011575800000000004,37.38344470000002,1703219805.6002376
INFO:root:6,93.95125560000004,0.011575800000000004,37.38344470000002,1703219806.123422
INFO:root:6,93.95125560000004,0.011575800000000004,37.38344470000002,1703219806.6616058
INFO:root:6,93.95125560000004,0.011575800000000004,37.38344470000002,1703219807.1968694
INFO:root:6,93.95125560000004,0.011575800000000004,37.38344470000002,1703219807.7308614
INFO:root:6,93.95125560000004,0.011575800000000004,37.38344470000002,1703219808.2758574
INFO:root:6,93.95125560000004,0.011575800000000004,37.38344470000002,1703219808.8093185
INFO:root:6,93.95125560000004,0.011575800000000004,37.38344470000002,1703219809.3427026
INFO:root:6,82.89875100000003,0.0,37.184963900000014,1703219809.8668327
INFO:root:6,82.89875100000003,0.0,37.184963900000014,1703219810.3888476
INFO:root:6,82.89875100000003,0.0,37.184963900000014,1703219810.9810796
INFO:root:6,82.89875100000003,0.0,37.184963900000014,1703219811.511801
INFO:root:6,82.89875100000003,0.0,37.184963900000014,1703219812.048259
INFO:root:6,82.89875100000003,0.0,37.184963900000014,1703219812.5889442
INFO:root:6,82.89875100000003,0.0,37.184963900000014,1703219813.12258
INFO:root:6,82.89875100000003,0.0,37.184963900000014,1703219813.6644962
INFO:root:6,82.89875100000003,0.0,37.184963900000014,1703219814.198056
INFO:root:6,82.89875100000003,0.0,37.184963900000014,1703219814.77992
INFO:root:6,82.89875100000003,0.0,37.184963900000014,1703219815.3168025
INFO:root:6,82.89875100000003,0.0,37.184963900000014,1703219815.8771408
INFO:root:6,82.89875100000003,0.0,37.184963900000014,1703219816.402524
INFO:root:6,82.89875100000003,0.0,37.184963900000014,1703219816.9282885
INFO:root:6,82.89875100000003,0.0,37.184963900000014,1703219817.4712236
INFO:root:6,82.89875100000003,0.0,37.184963900000014,1703219817.9984825
INFO:root:6,82.89875100000003,0.0,37.184963900000014,1703219818.565248
INFO:root:6,82.89875100000003,0.0,37.184963900000014,1703219819.0886228
INFO:root:6,82.89875100000003,0.0,37.184963900000014,1703219819.6109138
INFO:root:6,82.89875100000003,0.0,37.184963900000014,1703219820.1702254
INFO:root:6,82.89875100000003,0.0,37.184963900000014,1703219820.6994257
INFO:root:6,82.89875100000003,0.0,37.184963900000014,1703219821.271118
INFO:root:6,82.89875100000003,0.0,37.184963900000014,1703219821.807942
INFO:root:6,82.89875100000003,0.0,37.184963900000014,1703219822.3413103
INFO:root:6,82.89875100000003,0.0,37.184963900000014,1703219822.8635237
INFO:root:6,82.89875100000003,0.0,37.184963900000014,1703219823.38634
INFO:root:6,82.89875100000003,0.0,37.184963900000014,1703219823.9203322
INFO:root:6,82.89875100000003,0.0,37.184963900000014,1703219824.4426932
INFO:root:6,81.31915080000003,0.0,37.40696100000002,1703219824.9789748
INFO:root:6,81.31915080000003,0.0,37.40696100000002,1703219825.5043247
INFO:root:6,81.31915080000003,0.0,37.40696100000002,1703219826.0386043
INFO:root:6,81.31915080000003,0.0,37.40696100000002,1703219826.5622275
INFO:root:6,81.31915080000003,0.0,37.40696100000002,1703219827.1007733
INFO:root:6,81.31915080000003,0.0,37.40696100000002,1703219827.6363707
INFO:root:6,81.31915080000003,0.0,37.40696100000002,1703219828.176255
INFO:root:6,81.31915080000003,0.0,37.40696100000002,1703219828.7652788
INFO:root:6,81.31915080000003,0.0,37.40696100000002,1703219829.29884
INFO:root:6,81.31915080000003,0.0,37.40696100000002,1703219829.8242128
INFO:root:6,81.31915080000003,0.0,37.40696100000002,1703219830.3467817
INFO:root:6,81.31915080000003,0.0,37.40696100000002,1703219830.87729
INFO:root:6,81.31915080000003,0.0,37.40696100000002,1703219831.4110312
INFO:root:6,81.31915080000003,0.0,37.40696100000002,1703219831.977182
INFO:root:6,81.31915080000003,0.0,37.40696100000002,1703219832.5770304
INFO:root:6,81.31915080000003,0.0,37.40696100000002,1703219833.1120844
INFO:root:6,81.31915080000003,0.0,37.40696100000002,1703219833.6335833
INFO:root:6,81.31915080000003,0.0,37.40696100000002,1703219834.1772923
INFO:root:6,81.31915080000003,0.0,37.40696100000002,1703219834.7638304
INFO:root:6,81.31915080000003,0.0,37.40696100000002,1703219835.2973452
INFO:root:6,81.31915080000003,0.0,37.40696100000002,1703219835.8712976
INFO:root:6,81.31915080000003,0.0,37.40696100000002,1703219836.401965
INFO:root:6,81.31915080000003,0.0,37.40696100000002,1703219836.978849
INFO:root:6,81.31915080000003,0.0,37.40696100000002,1703219837.50725
INFO:root:6,81.31915080000003,0.0,37.40696100000002,1703219838.0402937
INFO:root:6,81.31915080000003,0.0,37.40696100000002,1703219838.5639014
INFO:root:6,81.31915080000003,0.0,37.40696100000002,1703219839.09807
INFO:root:6,86.15650520000003,0.0,42.600243700000014,1703219839.6790338
INFO:root:6,86.15650520000003,0.0,42.600243700000014,1703219840.2034938
INFO:root:6,86.15650520000003,0.0,42.600243700000014,1703219840.7265742
INFO:root:6,86.15650520000003,0.0,42.600243700000014,1703219841.2479014
INFO:root:6,86.15650520000003,0.0,42.600243700000014,1703219841.7722034
INFO:root:6,86.15650520000003,0.0,42.600243700000014,1703219842.306849
INFO:root:6,86.15650520000003,0.0,42.600243700000014,1703219842.8297226
INFO:root:6,86.15650520000003,0.0,42.600243700000014,1703219843.371479
INFO:root:6,86.15650520000003,0.0,42.600243700000014,1703219843.9032521
INFO:root:6,86.15650520000003,0.0,42.600243700000014,1703219844.4376059
INFO:root:6,86.15650520000003,0.0,42.600243700000014,1703219844.958816
INFO:root:6,86.15650520000003,0.0,42.600243700000014,1703219845.4872186
INFO:root:6,86.15650520000003,0.0,42.600243700000014,1703219846.018545
INFO:root:6,86.15650520000003,0.0,42.600243700000014,1703219846.582142
INFO:root:6,86.15650520000003,0.0,42.600243700000014,1703219847.115967
INFO:root:6,86.15650520000003,0.0,42.600243700000014,1703219847.6471453
INFO:root:6,86.15650520000003,0.0,42.600243700000014,1703219848.1753857
INFO:root:6,86.15650520000003,0.0,42.600243700000014,1703219848.7037253
INFO:root:6,86.15650520000003,0.0,42.600243700000014,1703219849.227088
INFO:root:6,86.15650520000003,0.0,42.600243700000014,1703219849.7784293
INFO:root:6,86.15650520000003,0.0,42.600243700000014,1703219850.2997792
INFO:root:6,86.15650520000003,0.0,42.600243700000014,1703219850.8240302
INFO:root:6,86.15650520000003,0.0,42.600243700000014,1703219851.3571253
INFO:root:6,86.15650520000003,0.0,42.600243700000014,1703219851.8872805
INFO:root:6,86.15650520000003,0.0,42.600243700000014,1703219852.4191966
INFO:root:6,86.15650520000003,0.0,42.600243700000014,1703219852.9408827
INFO:root:6,86.15650520000003,0.0,42.600243700000014,1703219853.4648166
INFO:root:6,86.15650520000003,0.0,42.600243700000014,1703219853.9987335
INFO:root:6,86.15650520000003,0.0,42.600243700000014,1703219854.5816622
INFO:root:6,83.94234660000002,0.0,35.81000766666668,1703219855.1091008
INFO:root:6,83.94234660000002,0.0,35.81000766666668,1703219855.6420796
INFO:root:6,83.94234660000002,0.0,35.81000766666668,1703219856.1725278
INFO:root:6,83.94234660000002,0.0,35.81000766666668,1703219856.7044027
INFO:root:6,83.94234660000002,0.0,35.81000766666668,1703219857.2269034
INFO:root:6,83.94234660000002,0.0,35.81000766666668,1703219857.7717109
INFO:root:6,83.94234660000002,0.0,35.81000766666668,1703219858.3006182
INFO:root:6,83.94234660000002,0.0,35.81000766666668,1703219858.8351393
INFO:root:6,83.94234660000002,0.0,35.81000766666668,1703219859.3768418
INFO:root:6,83.94234660000002,0.0,35.81000766666668,1703219859.9658654
INFO:root:6,83.94234660000002,0.0,35.81000766666668,1703219860.4980147
INFO:root:6,83.94234660000002,0.0,35.81000766666668,1703219861.077557
INFO:root:6,83.94234660000002,0.0,35.81000766666668,1703219861.6090891
INFO:root:6,83.94234660000002,0.0,35.81000766666668,1703219862.179508
INFO:root:6,83.94234660000002,0.0,35.81000766666668,1703219862.704465
INFO:root:6,83.94234660000002,0.0,35.81000766666668,1703219863.2725515
INFO:root:6,83.94234660000002,0.0,35.81000766666668,1703219863.802788
INFO:root:6,83.94234660000002,0.0,35.81000766666668,1703219864.3779418
INFO:root:6,83.94234660000002,0.0,35.81000766666668,1703219864.903423
INFO:root:6,83.94234660000002,0.0,35.81000766666668,1703219865.4252822
INFO:root:6,83.94234660000002,0.0,35.81000766666668,1703219865.9629061
INFO:root:6,83.94234660000002,0.0,35.81000766666668,1703219866.485848
INFO:root:6,83.94234660000002,0.0,35.81000766666668,1703219867.0115044
INFO:root:6,83.94234660000002,0.0,35.81000766666668,1703219867.5502615
INFO:root:6,83.94234660000002,0.0,35.81000766666668,1703219868.0872066
INFO:root:6,83.94234660000002,0.0,35.81000766666668,1703219868.6242309
INFO:root:6,83.94234660000002,0.0,35.81000766666668,1703219869.1547914
INFO:root:6,82.31890040000003,0.0,41.65818910000001,1703219869.6861157
INFO:root:6,82.31890040000003,0.0,41.65818910000001,1703219870.2193558
INFO:root:6,82.31890040000003,0.0,41.65818910000001,1703219870.7411447
INFO:root:6,82.31890040000003,0.0,41.65818910000001,1703219871.2620518
INFO:root:6,82.31890040000003,0.0,41.65818910000001,1703219871.7868586
INFO:root:6,82.31890040000003,0.0,41.65818910000001,1703219872.3094344
INFO:root:6,82.31890040000003,0.0,41.65818910000001,1703219872.8461611
INFO:root:6,82.31890040000003,0.0,41.65818910000001,1703219873.3795578
INFO:root:6,82.31890040000003,0.0,41.65818910000001,1703219873.9758983
INFO:root:6,82.31890040000003,0.0,41.65818910000001,1703219874.5071378
INFO:root:6,82.31890040000003,0.0,41.65818910000001,1703219875.0654936
INFO:root:6,82.31890040000003,0.0,41.65818910000001,1703219875.5944517
INFO:root:6,82.31890040000003,0.0,41.65818910000001,1703219876.173298
INFO:root:6,82.31890040000003,0.0,41.65818910000001,1703219876.7019758
INFO:root:6,82.31890040000003,0.0,41.65818910000001,1703219877.2351627
INFO:root:6,82.31890040000003,0.0,41.65818910000001,1703219877.7679012
INFO:root:6,82.31890040000003,0.0,41.65818910000001,1703219878.2990825
INFO:root:6,82.31890040000003,0.0,41.65818910000001,1703219878.8817065
INFO:root:6,82.31890040000003,0.0,41.65818910000001,1703219879.479519
INFO:root:6,82.31890040000003,0.0,41.65818910000001,1703219880.0793464
INFO:root:6,82.31890040000003,0.0,41.65818910000001,1703219880.6828814
INFO:root:6,82.31890040000003,0.0,41.65818910000001,1703219881.2775576
INFO:root:6,82.31890040000003,0.0,41.65818910000001,1703219881.8071573
INFO:root:6,82.31890040000003,0.0,41.65818910000001,1703219882.3779614
INFO:root:6,82.31890040000003,0.0,41.65818910000001,1703219882.9110732
INFO:root:6,82.31890040000003,0.0,41.65818910000001,1703219883.4351501
INFO:root:6,82.31890040000003,0.0,41.65818910000001,1703219883.9703314
INFO:root:6,82.31890040000003,0.0,41.65818910000001,1703219884.5748289
INFO:root:6,64.46340280000003,9.793255000000004,39.88570110000001,1703219885.0983155
INFO:root:6,64.46340280000003,9.793255000000004,39.88570110000001,1703219885.6625388
INFO:root:6,64.46340280000003,9.793255000000004,39.88570110000001,1703219886.2008145
INFO:root:6,64.46340280000003,9.793255000000004,39.88570110000001,1703219886.7811408
INFO:root:6,64.46340280000003,9.793255000000004,39.88570110000001,1703219887.3120983
INFO:root:6,64.46340280000003,9.793255000000004,39.88570110000001,1703219887.8461363
INFO:root:6,64.46340280000003,9.793255000000004,39.88570110000001,1703219888.3679903
INFO:root:6,64.46340280000003,9.793255000000004,39.88570110000001,1703219888.889918
INFO:root:6,64.46340280000003,9.793255000000004,39.88570110000001,1703219889.4254458
INFO:root:6,64.46340280000003,9.793255000000004,39.88570110000001,1703219889.9596963
INFO:root:6,64.46340280000003,9.793255000000004,39.88570110000001,1703219890.4949565
INFO:root:6,64.46340280000003,9.793255000000004,39.88570110000001,1703219891.0192714
INFO:root:6,64.46340280000003,9.793255000000004,39.88570110000001,1703219891.5568204
INFO:root:6,64.46340280000003,9.793255000000004,39.88570110000001,1703219892.0920472
INFO:root:6,64.46340280000003,9.793255000000004,39.88570110000001,1703219892.6145627
INFO:root:6,64.46340280000003,9.793255000000004,39.88570110000001,1703219893.1787617
INFO:root:6,64.46340280000003,9.793255000000004,39.88570110000001,1703219893.7659829
INFO:root:6,64.46340280000003,9.793255000000004,39.88570110000001,1703219894.365642
INFO:root:6,64.46340280000003,9.793255000000004,39.88570110000001,1703219894.8940108
INFO:root:6,64.46340280000003,9.793255000000004,39.88570110000001,1703219895.4793148
INFO:root:6,64.46340280000003,9.793255000000004,39.88570110000001,1703219896.0141304
INFO:root:6,64.46340280000003,9.793255000000004,39.88570110000001,1703219896.538531
INFO:root:6,64.46340280000003,9.793255000000004,39.88570110000001,1703219897.062272
INFO:root:6,64.46340280000003,9.793255000000004,39.88570110000001,1703219897.6018822
INFO:root:6,64.46340280000003,9.793255000000004,39.88570110000001,1703219898.1366208
INFO:root:6,64.46340280000003,9.793255000000004,39.88570110000001,1703219898.659723
INFO:root:6,64.46340280000003,9.793255000000004,39.88570110000001,1703219899.1809824
INFO:root:6,81.02245240000003,0.005722800000000002,38.71227036666668,1703219899.706066
INFO:root:6,81.02245240000003,0.005722800000000002,38.71227036666668,1703219900.242186
INFO:root:6,81.02245240000003,0.005722800000000002,38.71227036666668,1703219900.7647836
INFO:root:6,81.02245240000003,0.005722800000000002,38.71227036666668,1703219901.28596
INFO:root:6,81.02245240000003,0.005722800000000002,38.71227036666668,1703219901.810221
INFO:root:6,81.02245240000003,0.005722800000000002,38.71227036666668,1703219902.3437564
INFO:root:6,81.02245240000003,0.005722800000000002,38.71227036666668,1703219902.877019
INFO:root:6,81.02245240000003,0.005722800000000002,38.71227036666668,1703219903.4049516
INFO:root:6,81.02245240000003,0.005722800000000002,38.71227036666668,1703219903.9254248
INFO:root:6,81.02245240000003,0.005722800000000002,38.71227036666668,1703219904.4794414
INFO:root:6,81.02245240000003,0.005722800000000002,38.71227036666668,1703219905.0137782
INFO:root:6,81.02245240000003,0.005722800000000002,38.71227036666668,1703219905.5403924
INFO:root:6,81.02245240000003,0.005722800000000002,38.71227036666668,1703219906.0767217
INFO:root:6,81.02245240000003,0.005722800000000002,38.71227036666668,1703219906.6003716
INFO:root:6,81.02245240000003,0.005722800000000002,38.71227036666668,1703219907.1628933
INFO:root:6,81.02245240000003,0.005722800000000002,38.71227036666668,1703219907.6944568
INFO:root:6,81.02245240000003,0.005722800000000002,38.71227036666668,1703219908.2171502
INFO:root:6,81.02245240000003,0.005722800000000002,38.71227036666668,1703219908.7392664
INFO:root:6,81.02245240000003,0.005722800000000002,38.71227036666668,1703219909.2626278
INFO:root:6,81.02245240000003,0.005722800000000002,38.71227036666668,1703219909.8005526
INFO:root:6,81.02245240000003,0.005722800000000002,38.71227036666668,1703219910.3338354
INFO:root:6,81.02245240000003,0.005722800000000002,38.71227036666668,1703219910.8780932
INFO:root:6,81.02245240000003,0.005722800000000002,38.71227036666668,1703219911.4078765
INFO:root:6,81.02245240000003,0.005722800000000002,38.71227036666668,1703219911.9780688
INFO:root:6,81.02245240000003,0.005722800000000002,38.71227036666668,1703219912.5120356
INFO:root:6,81.02245240000003,0.005722800000000002,38.71227036666668,1703219913.0344005
INFO:root:6,81.02245240000003,0.005722800000000002,38.71227036666668,1703219913.5555902
INFO:root:6,81.02245240000003,0.005722800000000002,38.71227036666668,1703219914.0761666
INFO:root:6,76.21230180000003,0.0,39.854575033333354,1703219914.603064
INFO:root:6,76.21230180000003,0.0,39.854575033333354,1703219915.1727762
INFO:root:6,76.21230180000003,0.0,39.854575033333354,1703219915.7049775
INFO:root:6,76.21230180000003,0.0,39.854575033333354,1703219916.2269197
INFO:root:6,76.21230180000003,0.0,39.854575033333354,1703219916.7631736
INFO:root:6,76.21230180000003,0.0,39.854575033333354,1703219917.2898822
INFO:root:6,76.21230180000003,0.0,39.854575033333354,1703219917.8649054
INFO:root:6,76.21230180000003,0.0,39.854575033333354,1703219918.395088
INFO:root:6,76.21230180000003,0.0,39.854575033333354,1703219918.9801953
INFO:root:6,76.21230180000003,0.0,39.854575033333354,1703219919.5803974
INFO:root:6,76.21230180000003,0.0,39.854575033333354,1703219920.1822512
INFO:root:6,76.21230180000003,0.0,39.854575033333354,1703219920.777635
INFO:root:6,76.21230180000003,0.0,39.854575033333354,1703219921.3769903
INFO:root:6,76.21230180000003,0.0,39.854575033333354,1703219921.9813466
INFO:root:6,76.21230180000003,0.0,39.854575033333354,1703219922.578442
INFO:root:6,76.21230180000003,0.0,39.854575033333354,1703219923.1779864
INFO:root:6,76.21230180000003,0.0,39.854575033333354,1703219923.777941
INFO:root:6,76.21230180000003,0.0,39.854575033333354,1703219924.3815966
INFO:root:6,76.21230180000003,0.0,39.854575033333354,1703219924.9794126
INFO:root:6,76.21230180000003,0.0,39.854575033333354,1703219925.5790505
INFO:root:6,76.21230180000003,0.0,39.854575033333354,1703219926.1127117
INFO:root:6,76.21230180000003,0.0,39.854575033333354,1703219926.6792326
INFO:root:6,76.21230180000003,0.0,39.854575033333354,1703219927.2023373
INFO:root:6,76.21230180000003,0.0,39.854575033333354,1703219927.7248886
INFO:root:6,76.21230180000003,0.0,39.854575033333354,1703219928.246609
INFO:root:6,76.21230180000003,0.0,39.854575033333354,1703219928.7863922
INFO:root:6,76.21230180000003,0.0,39.854575033333354,1703219929.3182497
INFO:root:6,73.37692740000003,20.46112220000001,42.252564833333345,1703219929.842486
INFO:root:6,73.37692740000003,20.46112220000001,42.252564833333345,1703219930.3782902
INFO:root:6,73.37692740000003,20.46112220000001,42.252564833333345,1703219930.9004962
INFO:root:6,73.37692740000003,20.46112220000001,42.252564833333345,1703219931.4220028
INFO:root:6,73.37692740000003,20.46112220000001,42.252564833333345,1703219931.9443898
INFO:root:6,73.37692740000003,20.46112220000001,42.252564833333345,1703219932.4817333
INFO:root:6,73.37692740000003,20.46112220000001,42.252564833333345,1703219933.0043044
INFO:root:6,73.37692740000003,20.46112220000001,42.252564833333345,1703219933.5269022
INFO:root:6,73.37692740000003,20.46112220000001,42.252564833333345,1703219934.0774071
INFO:root:6,73.37692740000003,20.46112220000001,42.252564833333345,1703219934.6057918
INFO:root:6,73.37692740000003,20.46112220000001,42.252564833333345,1703219935.1286957
INFO:root:6,73.37692740000003,20.46112220000001,42.252564833333345,1703219935.667817
INFO:root:6,73.37692740000003,20.46112220000001,42.252564833333345,1703219936.2046747
INFO:root:6,73.37692740000003,20.46112220000001,42.252564833333345,1703219936.742088
INFO:root:6,73.37692740000003,20.46112220000001,42.252564833333345,1703219937.2759538
INFO:root:6,73.37692740000003,20.46112220000001,42.252564833333345,1703219937.8016942
INFO:root:6,73.37692740000003,20.46112220000001,42.252564833333345,1703219938.376613
INFO:root:6,73.37692740000003,20.46112220000001,42.252564833333345,1703219938.9035425
INFO:root:6,73.37692740000003,20.46112220000001,42.252564833333345,1703219939.4290154
INFO:root:6,73.37692740000003,20.46112220000001,42.252564833333345,1703219939.976197
INFO:root:6,73.37692740000003,20.46112220000001,42.252564833333345,1703219940.5006175
INFO:root:6,73.37692740000003,20.46112220000001,42.252564833333345,1703219941.0249875
INFO:root:6,73.37692740000003,20.46112220000001,42.252564833333345,1703219941.547799
INFO:root:6,73.37692740000003,20.46112220000001,42.252564833333345,1703219942.0826514
INFO:root:6,73.37692740000003,20.46112220000001,42.252564833333345,1703219942.6062794
INFO:root:6,73.37692740000003,20.46112220000001,42.252564833333345,1703219943.1416116
INFO:root:6,73.37692740000003,20.46112220000001,42.252564833333345,1703219943.6668317
INFO:root:6,73.37692740000003,20.46112220000001,42.252564833333345,1703219944.2018566
INFO:root:6,93.82079460000003,0.0036238000000000017,32.87911383333334,1703219944.7275603
INFO:root:6,93.82079460000003,0.0036238000000000017,32.87911383333334,1703219945.2630196
INFO:root:6,93.82079460000003,0.0036238000000000017,32.87911383333334,1703219945.8007572
INFO:root:6,93.82079460000003,0.0036238000000000017,32.87911383333334,1703219946.3364391
INFO:root:6,93.82079460000003,0.0036238000000000017,32.87911383333334,1703219946.8793185
INFO:root:6,93.82079460000003,0.0036238000000000017,32.87911383333334,1703219947.4782445
INFO:root:6,93.82079460000003,0.0036238000000000017,32.87911383333334,1703219948.0653427
INFO:root:6,93.82079460000003,0.0036238000000000017,32.87911383333334,1703219948.6657245
INFO:root:6,93.82079460000003,0.0036238000000000017,32.87911383333334,1703219949.2636065
INFO:root:6,93.82079460000003,0.0036238000000000017,32.87911383333334,1703219949.7955048
INFO:root:6,93.82079460000003,0.0036238000000000017,32.87911383333334,1703219950.3316991
INFO:root:6,93.82079460000003,0.0036238000000000017,32.87911383333334,1703219950.879242
INFO:root:6,93.82079460000003,0.0036238000000000017,32.87911383333334,1703219951.4069843
INFO:root:6,93.82079460000003,0.0036238000000000017,32.87911383333334,1703219951.9321504
INFO:root:6,93.82079460000003,0.0036238000000000017,32.87911383333334,1703219952.4720225
INFO:root:6,93.82079460000003,0.0036238000000000017,32.87911383333334,1703219953.0022783
INFO:root:6,93.82079460000003,0.0036238000000000017,32.87911383333334,1703219953.6664839
INFO:root:6,93.82079460000003,0.0036238000000000017,32.87911383333334,1703219954.1927164
INFO:root:6,93.82079460000003,0.0036238000000000017,32.87911383333334,1703219954.7655785
INFO:root:6,93.82079460000003,0.0036238000000000017,32.87911383333334,1703219955.300119
INFO:root:6,93.82079460000003,0.0036238000000000017,32.87911383333334,1703219955.8335006
INFO:root:6,93.82079460000003,0.0036238000000000017,32.87911383333334,1703219956.3764794
INFO:root:6,93.82079460000003,0.0036238000000000017,32.87911383333334,1703219956.9084053
INFO:root:6,93.82079460000003,0.0036238000000000017,32.87911383333334,1703219957.443807
INFO:root:6,93.82079460000003,0.0036238000000000017,32.87911383333334,1703219957.9671612
INFO:root:6,93.82079460000003,0.0036238000000000017,32.87911383333334,1703219958.4946775
INFO:root:6,93.82079460000003,0.0036238000000000017,32.87911383333334,1703219959.0279572
INFO:root:6,93.82079460000003,0.0036238000000000017,32.87911383333334,1703219959.5825598
INFO:root:6,91.43617720000003,1.1361942000000005,40.620927133333346,1703219960.1046042
INFO:root:6,91.43617720000003,1.1361942000000005,40.620927133333346,1703219960.6259449
INFO:root:6,91.43617720000003,1.1361942000000005,40.620927133333346,1703219961.14935
INFO:root:6,91.43617720000003,1.1361942000000005,40.620927133333346,1703219961.6712906
INFO:root:6,91.43617720000003,1.1361942000000005,40.620927133333346,1703219962.207359
INFO:root:6,91.43617720000003,1.1361942000000005,40.620927133333346,1703219962.7346227
INFO:root:6,91.43617720000003,1.1361942000000005,40.620927133333346,1703219963.2692091
INFO:root:6,91.43617720000003,1.1361942000000005,40.620927133333346,1703219963.8786924
INFO:root:6,91.43617720000003,1.1361942000000005,40.620927133333346,1703219964.4047894
INFO:root:6,91.43617720000003,1.1361942000000005,40.620927133333346,1703219964.971352
INFO:root:6,91.43617720000003,1.1361942000000005,40.620927133333346,1703219965.4950995
INFO:root:6,91.43617720000003,1.1361942000000005,40.620927133333346,1703219966.0303974
INFO:root:6,91.43617720000003,1.1361942000000005,40.620927133333346,1703219966.582945
INFO:root:6,91.43617720000003,1.1361942000000005,40.620927133333346,1703219967.173496
INFO:root:6,91.43617720000003,1.1361942000000005,40.620927133333346,1703219967.7777338
INFO:root:6,91.43617720000003,1.1361942000000005,40.620927133333346,1703219968.3803701
INFO:root:6,91.43617720000003,1.1361942000000005,40.620927133333346,1703219968.982618
INFO:root:6,91.43617720000003,1.1361942000000005,40.620927133333346,1703219969.5797694
INFO:root:6,91.43617720000003,1.1361942000000005,40.620927133333346,1703219970.1795418
INFO:root:6,91.43617720000003,1.1361942000000005,40.620927133333346,1703219970.783263
INFO:root:6,91.43617720000003,1.1361942000000005,40.620927133333346,1703219971.3746748
INFO:root:6,91.43617720000003,1.1361942000000005,40.620927133333346,1703219971.9088979
INFO:root:6,91.43617720000003,1.1361942000000005,40.620927133333346,1703219972.4403124
INFO:root:6,91.43617720000003,1.1361942000000005,40.620927133333346,1703219972.9621725
INFO:root:6,91.43617720000003,1.1361942000000005,40.620927133333346,1703219973.4849296
INFO:root:6,91.43617720000003,1.1361942000000005,40.620927133333346,1703219974.0772953
INFO:root:6,70.05674320000003,10.087898400000004,40.845011233333345,1703219974.6715472
INFO:root:6,70.05674320000003,10.087898400000004,40.845011233333345,1703219975.202972
INFO:root:6,70.05674320000003,10.087898400000004,40.845011233333345,1703219975.7376533
INFO:root:6,70.05674320000003,10.087898400000004,40.845011233333345,1703219976.2574372
INFO:root:6,70.05674320000003,10.087898400000004,40.845011233333345,1703219976.7814415
INFO:root:6,70.05674320000003,10.087898400000004,40.845011233333345,1703219977.3142807
INFO:root:6,70.05674320000003,10.087898400000004,40.845011233333345,1703219977.8404207
INFO:root:6,70.05674320000003,10.087898400000004,40.845011233333345,1703219978.375484
INFO:root:6,70.05674320000003,10.087898400000004,40.845011233333345,1703219978.9679928
INFO:root:6,70.05674320000003,10.087898400000004,40.845011233333345,1703219979.4940176
INFO:root:6,70.05674320000003,10.087898400000004,40.845011233333345,1703219980.0152028
INFO:root:6,70.05674320000003,10.087898400000004,40.845011233333345,1703219980.5363407
INFO:root:6,70.05674320000003,10.087898400000004,40.845011233333345,1703219981.0774047
INFO:root:6,70.05674320000003,10.087898400000004,40.845011233333345,1703219981.6643023
INFO:root:6,70.05674320000003,10.087898400000004,40.845011233333345,1703219982.1931076
INFO:root:6,70.05674320000003,10.087898400000004,40.845011233333345,1703219982.7301157
INFO:root:6,70.05674320000003,10.087898400000004,40.845011233333345,1703219983.2531712
INFO:root:6,70.05674320000003,10.087898400000004,40.845011233333345,1703219983.7763438
INFO:root:6,70.05674320000003,10.087898400000004,40.845011233333345,1703219984.3001301
INFO:root:6,70.05674320000003,10.087898400000004,40.845011233333345,1703219984.8636715
INFO:root:6,70.05674320000003,10.087898400000004,40.845011233333345,1703219985.388124
INFO:root:6,70.05674320000003,10.087898400000004,40.845011233333345,1703219985.915296
INFO:root:6,70.05674320000003,10.087898400000004,40.845011233333345,1703219986.4484067
INFO:root:6,70.05674320000003,10.087898400000004,40.845011233333345,1703219986.982806
INFO:root:6,70.05674320000003,10.087898400000004,40.845011233333345,1703219987.503676
INFO:root:6,70.05674320000003,10.087898400000004,40.845011233333345,1703219988.0248423
INFO:root:6,70.05674320000003,10.087898400000004,40.845011233333345,1703219988.551382
INFO:root:6,70.05674320000003,10.087898400000004,40.845011233333345,1703219989.0835147
INFO:root:6,92.51353060000004,0.008386200000000003,35.60145643333335,1703219989.6061707
INFO:root:6,92.51353060000004,0.008386200000000003,35.60145643333335,1703219990.1422074
INFO:root:6,92.51353060000004,0.008386200000000003,35.60145643333335,1703219990.6763868
INFO:root:6,92.51353060000004,0.008386200000000003,35.60145643333335,1703219991.1973734
INFO:root:6,92.51353060000004,0.008386200000000003,35.60145643333335,1703219991.7230449
INFO:root:6,92.51353060000004,0.008386200000000003,35.60145643333335,1703219992.259727
INFO:root:6,92.51353060000004,0.008386200000000003,35.60145643333335,1703219992.7969298
INFO:root:6,92.51353060000004,0.008386200000000003,35.60145643333335,1703219993.3309946
INFO:root:6,92.51353060000004,0.008386200000000003,35.60145643333335,1703219993.85257
INFO:root:6,92.51353060000004,0.008386200000000003,35.60145643333335,1703219994.377949
INFO:root:6,92.51353060000004,0.008386200000000003,35.60145643333335,1703219994.91161
INFO:root:6,92.51353060000004,0.008386200000000003,35.60145643333335,1703219995.434089
INFO:root:6,92.51353060000004,0.008386200000000003,35.60145643333335,1703219995.9715319
INFO:root:6,92.51353060000004,0.008386200000000003,35.60145643333335,1703219996.5094347
INFO:root:6,92.51353060000004,0.008386200000000003,35.60145643333335,1703219997.040459
INFO:root:6,92.51353060000004,0.008386200000000003,35.60145643333335,1703219997.564517
INFO:root:6,92.51353060000004,0.008386200000000003,35.60145643333335,1703219998.0976665
INFO:root:6,92.51353060000004,0.008386200000000003,35.60145643333335,1703219998.6207955
INFO:root:6,92.51353060000004,0.008386200000000003,35.60145643333335,1703219999.155534
INFO:root:6,92.51353060000004,0.008386200000000003,35.60145643333335,1703219999.6766431
INFO:root:6,92.51353060000004,0.008386200000000003,35.60145643333335,1703220000.2125344
INFO:root:6,92.51353060000004,0.008386200000000003,35.60145643333335,1703220000.7412326
INFO:root:6,92.51353060000004,0.008386200000000003,35.60145643333335,1703220001.2698514
