INFO:root:0,0,0,0,1703215358.7971237
INFO:root:5,0.0005584000000000002,0.0,0.00011168000000000004,1703215358.8284862
INFO:root:5,0.0005584000000000002,0.0,0.00011168000000000004,1703215359.363579
INFO:root:5,0.0005584000000000002,0.0,0.00011168000000000004,1703215359.8950784
INFO:root:5,0.0005584000000000002,0.0,0.00011168000000000004,1703215360.4190624
INFO:root:5,0.0005584000000000002,0.0,0.00011168000000000004,1703215360.9494102
INFO:root:5,0.0005584000000000002,0.0,0.00011168000000000004,1703215361.4787264
INFO:root:5,0.0005584000000000002,0.0,0.00011168000000000004,1703215362.0067933
INFO:root:5,0.0005584000000000002,0.0,0.00011168000000000004,1703215362.5826416
INFO:root:4,0.0005584000000000002,0.0,0.00013960000000000006,1703215363.1166906
INFO:root:4,0.0005584000000000002,0.0,0.00013960000000000006,1703215363.6422863
INFO:root:4,0.0005584000000000002,0.0,0.00013960000000000006,1703215364.1731718
INFO:root:4,0.0005584000000000002,0.0,0.00013960000000000006,1703215364.7033994
INFO:root:4,0.0005584000000000002,0.0,0.00013960000000000006,1703215365.239946
INFO:root:4,0.0005584000000000002,0.0,0.00013960000000000006,1703215365.7625144
INFO:root:4,0.0005584000000000002,0.0,0.00013960000000000006,1703215366.292294
INFO:root:4,0.0005584000000000002,0.0,0.00013960000000000006,1703215366.8224988
INFO:root:4,0.0005584000000000002,0.0,0.00013960000000000006,1703215367.352786
INFO:root:4,0.0005584000000000002,0.0,0.00013960000000000006,1703215367.8891897
INFO:root:4,63.89366260000002,0.0,47.05431390000002,1703215368.4269211
INFO:root:4,63.89366260000002,0.0,47.05431390000002,1703215368.9502716
INFO:root:4,63.89366260000002,0.0,47.05431390000002,1703215369.4818509
INFO:root:4,63.89366260000002,0.0,47.05431390000002,1703215370.0170186
INFO:root:4,63.89366260000002,0.0,47.05431390000002,1703215370.5413604
INFO:root:4,63.89366260000002,0.0,47.05431390000002,1703215371.0685863
INFO:root:4,63.89366260000002,0.0,47.05431390000002,1703215371.598738
INFO:root:4,63.89366260000002,0.0,47.05431390000002,1703215372.1303303
INFO:root:4,63.89366260000002,0.0,47.05431390000002,1703215372.6579561
INFO:root:4,63.89366260000002,0.0,47.05431390000002,1703215373.1885178
INFO:root:4,63.89366260000002,0.0,47.05431390000002,1703215373.7191248
INFO:root:4,63.89366260000002,0.0,47.05431390000002,1703215374.2462294
INFO:root:4,63.89366260000002,0.0,47.05431390000002,1703215374.7755952
INFO:root:4,63.89366260000002,0.0,47.05431390000002,1703215375.3048244
INFO:root:4,63.89366260000002,0.0,47.05431390000002,1703215375.8339295
INFO:root:4,63.89366260000002,0.0,47.05431390000002,1703215376.365579
INFO:root:4,63.89366260000002,0.0,47.05431390000002,1703215376.8903291
INFO:root:4,63.89366260000002,0.0,47.05431390000002,1703215377.4184318
INFO:root:4,63.89366260000002,0.0,47.05431390000002,1703215377.9477785
INFO:root:3,63.89366260000002,60.76720100000003,62.73908520000003,1703215378.4809906
INFO:root:3,63.89366260000002,60.76720100000003,62.73908520000003,1703215379.0155408
INFO:root:3,63.89366260000002,60.76720100000003,62.73908520000003,1703215379.5812647
INFO:root:3,63.89366260000002,60.76720100000003,62.73908520000003,1703215380.1189678
INFO:root:3,63.89366260000002,60.76720100000003,62.73908520000003,1703215380.6453874
INFO:root:3,63.89366260000002,60.76720100000003,62.73908520000003,1703215381.1802258
INFO:root:3,63.89366260000002,60.76720100000003,62.73908520000003,1703215381.7038472
INFO:root:3,63.89366260000002,60.76720100000003,62.73908520000003,1703215382.277723
INFO:root:3,90.97086520000003,54.29772300000002,77.10842566666669,1703215382.8899047
INFO:root:3,90.97086520000003,54.29772300000002,77.10842566666669,1703215383.423989
INFO:root:3,90.97086520000003,54.29772300000002,77.10842566666669,1703215383.9512696
INFO:root:3,90.97086520000003,54.29772300000002,77.10842566666669,1703215384.4796927
INFO:root:3,90.97086520000003,54.29772300000002,77.10842566666669,1703215385.0100238
INFO:root:3,90.97086520000003,54.29772300000002,77.10842566666669,1703215385.5386684
INFO:root:3,90.97086520000003,54.29772300000002,77.10842566666669,1703215386.066945
INFO:root:3,90.97086520000003,54.29772300000002,77.10842566666669,1703215386.5922058
INFO:root:3,90.97086520000003,54.29772300000002,77.10842566666669,1703215387.1182284
INFO:root:3,90.97086520000003,54.29772300000002,77.10842566666669,1703215387.645061
INFO:root:3,90.97086520000003,54.29772300000002,77.10842566666669,1703215388.174033
INFO:root:3,90.97086520000003,54.29772300000002,77.10842566666669,1703215388.7034724
INFO:root:3,90.97086520000003,54.29772300000002,77.10842566666669,1703215389.2355416
INFO:root:3,90.97086520000003,54.29772300000002,77.10842566666669,1703215389.7654734
INFO:root:3,90.97086520000003,54.29772300000002,77.10842566666669,1703215390.2958527
INFO:root:3,90.97086520000003,54.29772300000002,77.10842566666669,1703215390.823702
INFO:root:3,90.97086520000003,54.29772300000002,77.10842566666669,1703215391.3498018
INFO:root:3,90.97086520000003,54.29772300000002,77.10842566666669,1703215391.882883
INFO:root:3,90.97086520000003,54.29772300000002,77.10842566666669,1703215392.4094195
INFO:root:3,90.97086520000003,54.29772300000002,77.10842566666669,1703215392.9397717
INFO:root:2,90.97086520000003,86.05668880000003,88.51377700000003,1703215393.4687076
INFO:root:2,90.97086520000003,86.05668880000003,88.51377700000003,1703215393.9904833
INFO:root:2,90.97086520000003,86.05668880000003,88.51377700000003,1703215394.5727909
INFO:root:2,90.97086520000003,86.05668880000003,88.51377700000003,1703215395.0975478
INFO:root:2,90.97086520000003,86.05668880000003,88.51377700000003,1703215395.6235695
INFO:root:2,90.97086520000003,86.05668880000003,88.51377700000003,1703215396.150894
INFO:root:2,90.97086520000003,86.05668880000003,88.51377700000003,1703215396.6775057
INFO:root:2,90.97086520000003,86.05668880000003,88.51377700000003,1703215397.2036488
INFO:root:2,90.97086520000003,86.05668880000003,88.51377700000003,1703215397.7340345
INFO:root:3,96.05195660000004,48.502430400000016,79.73393433333335,1703215398.2599566
INFO:root:3,96.05195660000004,48.502430400000016,79.73393433333335,1703215398.7924926
INFO:root:3,96.05195660000004,48.502430400000016,79.73393433333335,1703215399.3182495
INFO:root:3,96.05195660000004,48.502430400000016,79.73393433333335,1703215399.845361
INFO:root:3,96.05195660000004,48.502430400000016,79.73393433333335,1703215400.3700352
INFO:root:3,96.05195660000004,48.502430400000016,79.73393433333335,1703215400.8999214
INFO:root:3,96.05195660000004,48.502430400000016,79.73393433333335,1703215401.481366
INFO:root:3,96.05195660000004,48.502430400000016,79.73393433333335,1703215402.0050938
INFO:root:3,96.05195660000004,48.502430400000016,79.73393433333335,1703215402.531674
INFO:root:3,96.05195660000004,48.502430400000016,79.73393433333335,1703215403.0597453
INFO:root:3,96.05195660000004,48.502430400000016,79.73393433333335,1703215403.588399
INFO:root:3,96.05195660000004,48.502430400000016,79.73393433333335,1703215404.1169178
INFO:root:3,96.05195660000004,48.502430400000016,79.73393433333335,1703215404.6467333
INFO:root:3,96.05195660000004,48.502430400000016,79.73393433333335,1703215405.1792037
INFO:root:3,96.05195660000004,48.502430400000016,79.73393433333335,1703215405.7078035
INFO:root:3,96.05195660000004,48.502430400000016,79.73393433333335,1703215406.2406394
INFO:root:3,96.05195660000004,48.502430400000016,79.73393433333335,1703215406.7662904
INFO:root:3,96.05195660000004,48.502430400000016,79.73393433333335,1703215407.2895803
INFO:root:3,96.05195660000004,48.502430400000016,79.73393433333335,1703215407.8162222
INFO:root:3,96.05195660000004,48.502430400000016,79.73393433333335,1703215408.380082
INFO:root:3,96.05195660000004,48.502430400000016,79.73393433333335,1703215408.9057877
INFO:root:3,96.05195660000004,48.502430400000016,79.73393433333335,1703215409.48449
INFO:root:3,96.05195660000004,48.502430400000016,79.73393433333335,1703215410.0210233
INFO:root:3,96.05195660000004,48.502430400000016,79.73393433333335,1703215410.5448687
INFO:root:3,96.05195660000004,48.502430400000016,79.73393433333335,1703215411.0724788
INFO:root:3,96.05195660000004,48.502430400000016,79.73393433333335,1703215411.61584
INFO:root:3,96.05195660000004,48.502430400000016,79.73393433333335,1703215412.1457183
INFO:root:3,96.05195660000004,48.502430400000016,79.73393433333335,1703215412.6752925
INFO:root:4,91.69098560000003,27.04929760000001,60.656122350000025,1703215413.2051506
INFO:root:4,91.69098560000003,27.04929760000001,60.656122350000025,1703215413.7330744
INFO:root:4,91.69098560000003,27.04929760000001,60.656122350000025,1703215414.2617648
INFO:root:4,91.69098560000003,27.04929760000001,60.656122350000025,1703215414.7907264
INFO:root:4,91.69098560000003,27.04929760000001,60.656122350000025,1703215415.3216288
INFO:root:4,91.69098560000003,27.04929760000001,60.656122350000025,1703215415.850274
INFO:root:4,91.69098560000003,27.04929760000001,60.656122350000025,1703215416.3807483
INFO:root:4,91.69098560000003,27.04929760000001,60.656122350000025,1703215416.9105318
INFO:root:4,91.69098560000003,27.04929760000001,60.656122350000025,1703215417.4392962
INFO:root:4,91.69098560000003,27.04929760000001,60.656122350000025,1703215417.9682128
INFO:root:4,91.69098560000003,27.04929760000001,60.656122350000025,1703215418.4953153
INFO:root:4,91.69098560000003,27.04929760000001,60.656122350000025,1703215419.023294
INFO:root:4,91.69098560000003,27.04929760000001,60.656122350000025,1703215419.5527751
INFO:root:4,91.69098560000003,27.04929760000001,60.656122350000025,1703215420.085975
INFO:root:4,91.69098560000003,27.04929760000001,60.656122350000025,1703215420.6111069
INFO:root:4,91.69098560000003,27.04929760000001,60.656122350000025,1703215421.1421812
INFO:root:4,91.69098560000003,27.04929760000001,60.656122350000025,1703215421.6697326
INFO:root:4,91.69098560000003,27.04929760000001,60.656122350000025,1703215422.2027364
INFO:root:4,91.69098560000003,27.04929760000001,60.656122350000025,1703215422.733941
INFO:root:4,91.69098560000003,27.04929760000001,60.656122350000025,1703215423.2620854
INFO:root:4,91.69098560000003,27.04929760000001,60.656122350000025,1703215423.7900164
INFO:root:4,91.69098560000003,27.04929760000001,60.656122350000025,1703215424.3219814
INFO:root:4,91.69098560000003,27.04929760000001,60.656122350000025,1703215424.8511612
INFO:root:4,91.69098560000003,27.04929760000001,60.656122350000025,1703215425.3776307
INFO:root:4,91.69098560000003,27.04929760000001,60.656122350000025,1703215425.90697
INFO:root:4,91.69098560000003,27.04929760000001,60.656122350000025,1703215426.4806113
INFO:root:4,91.69098560000003,27.04929760000001,60.656122350000025,1703215427.0078561
INFO:root:4,91.69098560000003,27.04929760000001,60.656122350000025,1703215427.5374994
INFO:root:5,99.20285940000004,0.2591242000000001,47.79737948000002,1703215428.0842605
INFO:root:5,99.20285940000004,0.2591242000000001,47.79737948000002,1703215428.607071
INFO:root:5,99.20285940000004,0.2591242000000001,47.79737948000002,1703215429.1388297
INFO:root:5,99.20285940000004,0.2591242000000001,47.79737948000002,1703215429.6667917
INFO:root:5,99.20285940000004,0.2591242000000001,47.79737948000002,1703215430.203096
INFO:root:5,99.20285940000004,0.2591242000000001,47.79737948000002,1703215430.782188
INFO:root:5,99.20285940000004,0.2591242000000001,47.79737948000002,1703215431.3808024
INFO:root:5,99.20285940000004,0.2591242000000001,47.79737948000002,1703215431.9724002
INFO:root:5,99.20285940000004,0.2591242000000001,47.79737948000002,1703215432.4982622
INFO:root:5,99.20285940000004,0.2591242000000001,47.79737948000002,1703215433.0838988
INFO:root:5,99.20285940000004,0.2591242000000001,47.79737948000002,1703215433.6809354
INFO:root:5,99.20285940000004,0.2591242000000001,47.79737948000002,1703215434.2730787
INFO:root:5,99.20285940000004,0.2591242000000001,47.79737948000002,1703215434.871346
INFO:root:5,99.20285940000004,0.2591242000000001,47.79737948000002,1703215435.4746046
INFO:root:5,99.20285940000004,0.2591242000000001,47.79737948000002,1703215435.9993036
INFO:root:5,99.20285940000004,0.2591242000000001,47.79737948000002,1703215436.5808976
INFO:root:5,99.20285940000004,0.2591242000000001,47.79737948000002,1703215437.180667
INFO:root:5,99.20285940000004,0.2591242000000001,47.79737948000002,1703215437.7747273
INFO:root:5,99.20285940000004,0.2591242000000001,47.79737948000002,1703215438.3726404
INFO:root:5,99.20285940000004,0.2591242000000001,47.79737948000002,1703215438.9058692
INFO:root:5,99.20285940000004,0.2591242000000001,47.79737948000002,1703215439.4807897
INFO:root:5,99.20285940000004,0.2591242000000001,47.79737948000002,1703215440.073473
INFO:root:5,99.20285940000004,0.2591242000000001,47.79737948000002,1703215440.6714756
INFO:root:5,99.20285940000004,0.2591242000000001,47.79737948000002,1703215441.2049882
INFO:root:5,99.20285940000004,0.2591242000000001,47.79737948000002,1703215441.783113
INFO:root:5,99.20285940000004,0.2591242000000001,47.79737948000002,1703215442.3757737
INFO:root:5,79.31546960000003,57.98845900000003,71.29531904000002,1703215442.9852827
INFO:root:5,79.31546960000003,57.98845900000003,71.29531904000002,1703215443.5805538
INFO:root:5,79.31546960000003,57.98845900000003,71.29531904000002,1703215444.1734242
INFO:root:5,79.31546960000003,57.98845900000003,71.29531904000002,1703215444.6993945
INFO:root:5,79.31546960000003,57.98845900000003,71.29531904000002,1703215445.2811954
INFO:root:5,79.31546960000003,57.98845900000003,71.29531904000002,1703215445.8046746
INFO:root:5,79.31546960000003,57.98845900000003,71.29531904000002,1703215446.3820584
INFO:root:5,79.31546960000003,57.98845900000003,71.29531904000002,1703215446.9076374
INFO:root:5,79.31546960000003,57.98845900000003,71.29531904000002,1703215447.4356856
INFO:root:5,79.31546960000003,57.98845900000003,71.29531904000002,1703215447.9638586
INFO:root:5,79.31546960000003,57.98845900000003,71.29531904000002,1703215448.491449
INFO:root:5,79.31546960000003,57.98845900000003,71.29531904000002,1703215449.0214026
INFO:root:5,79.31546960000003,57.98845900000003,71.29531904000002,1703215449.5555878
INFO:root:5,79.31546960000003,57.98845900000003,71.29531904000002,1703215450.085132
INFO:root:5,79.31546960000003,57.98845900000003,71.29531904000002,1703215450.6113884
INFO:root:5,79.31546960000003,57.98845900000003,71.29531904000002,1703215451.1399696
INFO:root:5,79.31546960000003,57.98845900000003,71.29531904000002,1703215451.669697
INFO:root:5,79.31546960000003,57.98845900000003,71.29531904000002,1703215452.1989975
INFO:root:5,79.31546960000003,57.98845900000003,71.29531904000002,1703215452.7866328
INFO:root:5,79.31546960000003,57.98845900000003,71.29531904000002,1703215453.319696
INFO:root:5,79.31546960000003,57.98845900000003,71.29531904000002,1703215453.8490148
INFO:root:5,79.31546960000003,57.98845900000003,71.29531904000002,1703215454.3796525
INFO:root:5,79.31546960000003,57.98845900000003,71.29531904000002,1703215454.9188335
INFO:root:5,79.31546960000003,57.98845900000003,71.29531904000002,1703215455.443255
INFO:root:5,79.31546960000003,57.98845900000003,71.29531904000002,1703215455.9707854
INFO:root:5,79.31546960000003,57.98845900000003,71.29531904000002,1703215456.4963346
INFO:root:5,79.31546960000003,57.98845900000003,71.29531904000002,1703215457.0262957
INFO:root:5,79.31546960000003,57.98845900000003,71.29531904000002,1703215457.5535178
INFO:root:5,92.78918400000003,16.215938000000005,59.44492780000003,1703215458.0874326
INFO:root:5,92.78918400000003,16.215938000000005,59.44492780000003,1703215458.608909
INFO:root:5,92.78918400000003,16.215938000000005,59.44492780000003,1703215459.1380448
INFO:root:5,92.78918400000003,16.215938000000005,59.44492780000003,1703215459.6674156
INFO:root:5,92.78918400000003,16.215938000000005,59.44492780000003,1703215460.19952
INFO:root:5,92.78918400000003,16.215938000000005,59.44492780000003,1703215460.725104
INFO:root:5,92.78918400000003,16.215938000000005,59.44492780000003,1703215461.2837756
INFO:root:5,92.78918400000003,16.215938000000005,59.44492780000003,1703215461.8093622
INFO:root:5,92.78918400000003,16.215938000000005,59.44492780000003,1703215462.3845448
INFO:root:5,92.78918400000003,16.215938000000005,59.44492780000003,1703215463.0717254
INFO:root:5,92.78918400000003,16.215938000000005,59.44492780000003,1703215463.599111
INFO:root:5,92.78918400000003,16.215938000000005,59.44492780000003,1703215464.1808379
INFO:root:5,92.78918400000003,16.215938000000005,59.44492780000003,1703215464.780982
INFO:root:5,92.78918400000003,16.215938000000005,59.44492780000003,1703215465.3724751
INFO:root:5,92.78918400000003,16.215938000000005,59.44492780000003,1703215465.9026995
INFO:root:5,92.78918400000003,16.215938000000005,59.44492780000003,1703215466.4851615
INFO:root:5,92.78918400000003,16.215938000000005,59.44492780000003,1703215467.0847335
INFO:root:5,92.78918400000003,16.215938000000005,59.44492780000003,1703215467.6721628
INFO:root:5,92.78918400000003,16.215938000000005,59.44492780000003,1703215468.2732394
INFO:root:5,92.78918400000003,16.215938000000005,59.44492780000003,1703215468.8728213
INFO:root:5,92.78918400000003,16.215938000000005,59.44492780000003,1703215469.4819937
INFO:root:5,92.78918400000003,16.215938000000005,59.44492780000003,1703215470.083791
INFO:root:5,92.78918400000003,16.215938000000005,59.44492780000003,1703215470.6801126
INFO:root:5,92.78918400000003,16.215938000000005,59.44492780000003,1703215471.2721968
INFO:root:5,92.78918400000003,16.215938000000005,59.44492780000003,1703215471.7951024
INFO:root:5,92.78918400000003,16.215938000000005,59.44492780000003,1703215472.3813317
INFO:root:5,92.78918400000003,16.215938000000005,59.44492780000003,1703215472.9893603
INFO:root:6,78.24823740000004,16.355953000000007,58.87701180000003,1703215473.5878098
INFO:root:6,78.24823740000004,16.355953000000007,58.87701180000003,1703215474.1772587
INFO:root:6,78.24823740000004,16.355953000000007,58.87701180000003,1703215474.7726674
INFO:root:6,78.24823740000004,16.355953000000007,58.87701180000003,1703215475.381652
INFO:root:6,78.24823740000004,16.355953000000007,58.87701180000003,1703215475.987281
INFO:root:6,78.24823740000004,16.355953000000007,58.87701180000003,1703215476.5872264
INFO:root:6,78.24823740000004,16.355953000000007,58.87701180000003,1703215477.1814797
INFO:root:6,78.24823740000004,16.355953000000007,58.87701180000003,1703215477.7730758
INFO:root:6,78.24823740000004,16.355953000000007,58.87701180000003,1703215478.377665
INFO:root:6,78.24823740000004,16.355953000000007,58.87701180000003,1703215478.9839525
INFO:root:6,78.24823740000004,16.355953000000007,58.87701180000003,1703215479.6762176
INFO:root:6,78.24823740000004,16.355953000000007,58.87701180000003,1703215480.281365
INFO:root:6,78.24823740000004,16.355953000000007,58.87701180000003,1703215480.873777
INFO:root:6,78.24823740000004,16.355953000000007,58.87701180000003,1703215481.4774482
INFO:root:6,78.24823740000004,16.355953000000007,58.87701180000003,1703215482.0823379
INFO:root:6,78.24823740000004,16.355953000000007,58.87701180000003,1703215482.6837358
INFO:root:6,78.24823740000004,16.355953000000007,58.87701180000003,1703215483.283807
INFO:root:6,78.24823740000004,16.355953000000007,58.87701180000003,1703215483.8833914
INFO:root:6,78.24823740000004,16.355953000000007,58.87701180000003,1703215484.4818351
INFO:root:6,78.24823740000004,16.355953000000007,58.87701180000003,1703215485.091615
INFO:root:6,78.24823740000004,16.355953000000007,58.87701180000003,1703215485.6878116
INFO:root:6,78.24823740000004,16.355953000000007,58.87701180000003,1703215486.2809148
INFO:root:6,78.24823740000004,16.355953000000007,58.87701180000003,1703215486.881831
INFO:root:6,78.24823740000004,16.355953000000007,58.87701180000003,1703215487.4812648
INFO:root:6,60.14479160000001,58.16147020000002,58.93672193333336,1703215488.0887744
INFO:root:6,60.14479160000001,58.16147020000002,58.93672193333336,1703215488.6823237
INFO:root:6,60.14479160000001,58.16147020000002,58.93672193333336,1703215489.2820742
INFO:root:6,60.14479160000001,58.16147020000002,58.93672193333336,1703215489.8863993
INFO:root:6,60.14479160000001,58.16147020000002,58.93672193333336,1703215490.4834814
INFO:root:6,60.14479160000001,58.16147020000002,58.93672193333336,1703215491.085248
INFO:root:6,60.14479160000001,58.16147020000002,58.93672193333336,1703215491.6834908
INFO:root:6,60.14479160000001,58.16147020000002,58.93672193333336,1703215492.2825239
INFO:root:6,60.14479160000001,58.16147020000002,58.93672193333336,1703215492.882671
INFO:root:6,60.14479160000001,58.16147020000002,58.93672193333336,1703215493.4869394
INFO:root:6,60.14479160000001,58.16147020000002,58.93672193333336,1703215494.091255
INFO:root:6,60.14479160000001,58.16147020000002,58.93672193333336,1703215494.6872413
INFO:root:6,60.14479160000001,58.16147020000002,58.93672193333336,1703215495.287363
INFO:root:6,60.14479160000001,58.16147020000002,58.93672193333336,1703215495.886636
INFO:root:6,60.14479160000001,58.16147020000002,58.93672193333336,1703215496.4820454
INFO:root:6,60.14479160000001,58.16147020000002,58.93672193333336,1703215497.0889628
INFO:root:6,60.14479160000001,58.16147020000002,58.93672193333336,1703215497.6876745
INFO:root:6,60.14479160000001,58.16147020000002,58.93672193333336,1703215498.28835
INFO:root:6,60.14479160000001,58.16147020000002,58.93672193333336,1703215498.8824809
INFO:root:6,60.14479160000001,58.16147020000002,58.93672193333336,1703215499.482807
INFO:root:6,60.14479160000001,58.16147020000002,58.93672193333336,1703215500.0852108
INFO:root:6,60.14479160000001,58.16147020000002,58.93672193333336,1703215500.683709
INFO:root:6,60.14479160000001,58.16147020000002,58.93672193333336,1703215501.2839494
INFO:root:6,60.14479160000001,58.16147020000002,58.93672193333336,1703215501.8828793
INFO:root:6,60.14479160000001,58.16147020000002,58.93672193333336,1703215502.4829729
INFO:root:6,60.14479160000001,58.16147020000002,58.93672193333336,1703215503.171114
INFO:root:7,59.314514200000026,20.327921000000007,52.20028708571431,1703215503.7706654
INFO:root:7,59.314514200000026,20.327921000000007,52.20028708571431,1703215504.481325
INFO:root:7,59.314514200000026,20.327921000000007,52.20028708571431,1703215505.0894277
INFO:root:7,59.314514200000026,20.327921000000007,52.20028708571431,1703215505.6830459
INFO:root:7,59.314514200000026,20.327921000000007,52.20028708571431,1703215506.2876272
INFO:root:7,59.314514200000026,20.327921000000007,52.20028708571431,1703215506.8849187
INFO:root:7,59.314514200000026,20.327921000000007,52.20028708571431,1703215507.4846792
INFO:root:7,59.314514200000026,20.327921000000007,52.20028708571431,1703215508.0860639
INFO:root:7,59.314514200000026,20.327921000000007,52.20028708571431,1703215508.6904933
INFO:root:7,59.314514200000026,20.327921000000007,52.20028708571431,1703215509.283872
INFO:root:7,59.314514200000026,20.327921000000007,52.20028708571431,1703215509.883007
INFO:root:7,59.314514200000026,20.327921000000007,52.20028708571431,1703215510.4854977
INFO:root:7,59.314514200000026,20.327921000000007,52.20028708571431,1703215511.0856962
INFO:root:7,59.314514200000026,20.327921000000007,52.20028708571431,1703215511.6860347
INFO:root:7,59.314514200000026,20.327921000000007,52.20028708571431,1703215512.2819479
INFO:root:7,59.314514200000026,20.327921000000007,52.20028708571431,1703215512.8815768
INFO:root:7,59.314514200000026,20.327921000000007,52.20028708571431,1703215513.4818554
INFO:root:7,59.314514200000026,20.327921000000007,52.20028708571431,1703215514.091128
INFO:root:7,59.314514200000026,20.327921000000007,52.20028708571431,1703215514.6908154
INFO:root:7,59.314514200000026,20.327921000000007,52.20028708571431,1703215515.2802246
INFO:root:7,59.314514200000026,20.327921000000007,52.20028708571431,1703215515.8831131
INFO:root:7,59.314514200000026,20.327921000000007,52.20028708571431,1703215516.4849055
INFO:root:7,59.314514200000026,20.327921000000007,52.20028708571431,1703215517.0891652
INFO:root:7,59.314514200000026,20.327921000000007,52.20028708571431,1703215517.686159
INFO:root:7,54.49457580000002,50.31987460000003,52.08342831428574,1703215518.2851467
INFO:root:7,54.49457580000002,50.31987460000003,52.08342831428574,1703215518.8829722
INFO:root:7,54.49457580000002,50.31987460000003,52.08342831428574,1703215519.4806328
INFO:root:7,54.49457580000002,50.31987460000003,52.08342831428574,1703215520.0898385
INFO:root:7,54.49457580000002,50.31987460000003,52.08342831428574,1703215520.6824448
INFO:root:7,54.49457580000002,50.31987460000003,52.08342831428574,1703215521.2848804
INFO:root:7,54.49457580000002,50.31987460000003,52.08342831428574,1703215521.886742
INFO:root:7,54.49457580000002,50.31987460000003,52.08342831428574,1703215522.4847658
INFO:root:7,54.49457580000002,50.31987460000003,52.08342831428574,1703215523.0848517
INFO:root:7,54.49457580000002,50.31987460000003,52.08342831428574,1703215523.6831088
INFO:root:7,54.49457580000002,50.31987460000003,52.08342831428574,1703215524.2849462
INFO:root:7,54.49457580000002,50.31987460000003,52.08342831428574,1703215524.8835766
INFO:root:7,54.49457580000002,50.31987460000003,52.08342831428574,1703215525.4813685
INFO:root:7,54.49457580000002,50.31987460000003,52.08342831428574,1703215526.0855184
INFO:root:7,54.49457580000002,50.31987460000003,52.08342831428574,1703215526.683662
INFO:root:7,54.49457580000002,50.31987460000003,52.08342831428574,1703215527.2836971
INFO:root:7,54.49457580000002,50.31987460000003,52.08342831428574,1703215527.884445
INFO:root:7,54.49457580000002,50.31987460000003,52.08342831428574,1703215528.480794
INFO:root:7,54.49457580000002,50.31987460000003,52.08342831428574,1703215529.0844634
INFO:root:7,54.49457580000002,50.31987460000003,52.08342831428574,1703215529.682072
INFO:root:7,54.49457580000002,50.31987460000003,52.08342831428574,1703215530.2856936
INFO:root:7,54.49457580000002,50.31987460000003,52.08342831428574,1703215530.8863602
INFO:root:7,54.49457580000002,50.31987460000003,52.08342831428574,1703215531.4823525
INFO:root:7,54.49457580000002,50.31987460000003,52.08342831428574,1703215532.089296
INFO:root:7,54.49457580000002,50.31987460000003,52.08342831428574,1703215532.6848066
INFO:root:7,52.884481000000015,50.62742040000001,51.96892942857145,1703215533.2832758
INFO:root:7,52.884481000000015,50.62742040000001,51.96892942857145,1703215533.8822765
INFO:root:7,52.884481000000015,50.62742040000001,51.96892942857145,1703215534.4808302
INFO:root:7,52.884481000000015,50.62742040000001,51.96892942857145,1703215535.0846348
INFO:root:7,52.884481000000015,50.62742040000001,51.96892942857145,1703215535.688034
INFO:root:7,52.884481000000015,50.62742040000001,51.96892942857145,1703215536.288106
INFO:root:7,52.884481000000015,50.62742040000001,51.96892942857145,1703215536.8819392
INFO:root:7,52.884481000000015,50.62742040000001,51.96892942857145,1703215537.4829276
INFO:root:7,52.884481000000015,50.62742040000001,51.96892942857145,1703215538.0851147
INFO:root:7,52.884481000000015,50.62742040000001,51.96892942857145,1703215538.682203
INFO:root:7,52.884481000000015,50.62742040000001,51.96892942857145,1703215539.2836845
INFO:root:7,52.884481000000015,50.62742040000001,51.96892942857145,1703215539.8843455
INFO:root:7,52.884481000000015,50.62742040000001,51.96892942857145,1703215540.4833634
INFO:root:7,52.884481000000015,50.62742040000001,51.96892942857145,1703215541.0863678
INFO:root:7,52.884481000000015,50.62742040000001,51.96892942857145,1703215541.6879706
INFO:root:7,52.884481000000015,50.62742040000001,51.96892942857145,1703215542.285917
INFO:root:7,52.884481000000015,50.62742040000001,51.96892942857145,1703215542.8833234
INFO:root:7,52.884481000000015,50.62742040000001,51.96892942857145,1703215543.4821517
INFO:root:7,52.884481000000015,50.62742040000001,51.96892942857145,1703215544.0842886
INFO:root:7,52.884481000000015,50.62742040000001,51.96892942857145,1703215544.680912
INFO:root:7,52.884481000000015,50.62742040000001,51.96892942857145,1703215545.283733
INFO:root:7,52.884481000000015,50.62742040000001,51.96892942857145,1703215545.98049
INFO:root:7,52.884481000000015,50.62742040000001,51.96892942857145,1703215546.5771534
INFO:root:7,52.884481000000015,50.62742040000001,51.96892942857145,1703215547.1790454
INFO:root:7,52.884481000000015,50.62742040000001,51.96892942857145,1703215547.7866263
INFO:root:7,52.820308000000026,51.41550760000002,51.90398445714288,1703215548.3864558
INFO:root:7,52.820308000000026,51.41550760000002,51.90398445714288,1703215548.9839947
INFO:root:7,52.820308000000026,51.41550760000002,51.90398445714288,1703215549.5849087
INFO:root:7,52.820308000000026,51.41550760000002,51.90398445714288,1703215550.1987395
INFO:root:7,52.820308000000026,51.41550760000002,51.90398445714288,1703215550.7881155
INFO:root:7,52.820308000000026,51.41550760000002,51.90398445714288,1703215551.3839347
INFO:root:7,52.820308000000026,51.41550760000002,51.90398445714288,1703215551.9830158
INFO:root:7,52.820308000000026,51.41550760000002,51.90398445714288,1703215552.584447
INFO:root:7,52.820308000000026,51.41550760000002,51.90398445714288,1703215553.1873884
INFO:root:7,52.820308000000026,51.41550760000002,51.90398445714288,1703215553.7835639
INFO:root:7,52.820308000000026,51.41550760000002,51.90398445714288,1703215554.3811364
INFO:root:7,52.820308000000026,51.41550760000002,51.90398445714288,1703215554.9902866
INFO:root:7,52.820308000000026,51.41550760000002,51.90398445714288,1703215555.5864794
INFO:root:7,52.820308000000026,51.41550760000002,51.90398445714288,1703215556.2776322
INFO:root:7,52.820308000000026,51.41550760000002,51.90398445714288,1703215556.873424
INFO:root:7,52.820308000000026,51.41550760000002,51.90398445714288,1703215557.4761436
INFO:root:7,52.820308000000026,51.41550760000002,51.90398445714288,1703215558.0907116
INFO:root:7,52.820308000000026,51.41550760000002,51.90398445714288,1703215558.687884
INFO:root:7,52.820308000000026,51.41550760000002,51.90398445714288,1703215559.2838345
INFO:root:7,52.820308000000026,51.41550760000002,51.90398445714288,1703215559.8832507
INFO:root:7,52.820308000000026,51.41550760000002,51.90398445714288,1703215560.4803233
INFO:root:7,52.820308000000026,51.41550760000002,51.90398445714288,1703215561.0845823
INFO:root:7,52.820308000000026,51.41550760000002,51.90398445714288,1703215561.6863441
INFO:root:7,52.820308000000026,51.41550760000002,51.90398445714288,1703215562.2808783
INFO:root:7,52.820308000000026,51.41550760000002,51.90398445714288,1703215563.0741434
INFO:root:7,53.0,51.20116540000003,76.725056171429,1703215563.6855013
INFO:root:7,53.0,51.20116540000003,76.725056171429,1703215564.2841914
INFO:root:7,53.0,51.20116540000003,76.725056171429,1703215564.8846292
INFO:root:7,53.0,51.20116540000003,76.725056171429,1703215565.4884906
INFO:root:7,53.0,51.20116540000003,76.725056171429,1703215566.0873
INFO:root:7,53.0,51.20116540000003,76.725056171429,1703215566.7736812
INFO:root:7,53.0,51.20116540000003,76.725056171429,1703215567.3725913
INFO:root:7,53.0,51.20116540000003,76.725056171429,1703215567.9776294
INFO:root:7,53.0,51.20116540000003,76.725056171429,1703215568.5779486
INFO:root:7,53.0,51.20116540000003,76.725056171429,1703215569.1831813
INFO:root:7,53.0,51.20116540000003,76.725056171429,1703215569.782211
INFO:root:7,53.0,51.20116540000003,76.725056171429,1703215570.3834326
INFO:root:7,53.0,51.20116540000003,76.725056171429,1703215570.9874816
INFO:root:7,53.0,51.20116540000003,76.725056171429,1703215571.5830183
INFO:root:7,53.0,51.20116540000003,76.725056171429,1703215572.1874213
INFO:root:7,53.0,51.20116540000003,76.725056171429,1703215572.7811348
INFO:root:7,53.0,51.20116540000003,76.725056171429,1703215573.382161
INFO:root:7,53.0,51.20116540000003,76.725056171429,1703215573.984146
INFO:root:7,53.0,51.20116540000003,76.725056171429,1703215574.589223
INFO:root:7,53.0,51.20116540000003,76.725056171429,1703215575.189062
INFO:root:7,53.0,51.20116540000003,76.725056171429,1703215575.7867763
INFO:root:7,53.0,51.20116540000003,76.725056171429,1703215576.3851688
INFO:root:7,53.0,51.20116540000003,76.725056171429,1703215577.0811853
INFO:root:7,53.0,51.20116540000003,76.725056171429,1703215577.683065
INFO:root:7,53.182286400000024,50.73903020000002,51.855693628571444,1703215578.2826383
INFO:root:7,53.182286400000024,50.73903020000002,51.855693628571444,1703215578.8830993
INFO:root:7,53.182286400000024,50.73903020000002,51.855693628571444,1703215579.4886038
INFO:root:7,53.182286400000024,50.73903020000002,51.855693628571444,1703215580.086316
INFO:root:7,53.182286400000024,50.73903020000002,51.855693628571444,1703215580.6830373
INFO:root:7,53.182286400000024,50.73903020000002,51.855693628571444,1703215581.2833428
INFO:root:7,53.182286400000024,50.73903020000002,51.855693628571444,1703215581.8882816
INFO:root:7,53.182286400000024,50.73903020000002,51.855693628571444,1703215582.485344
INFO:root:7,53.182286400000024,50.73903020000002,51.855693628571444,1703215583.089179
INFO:root:7,53.182286400000024,50.73903020000002,51.855693628571444,1703215583.6847844
INFO:root:7,53.182286400000024,50.73903020000002,51.855693628571444,1703215584.2823098
INFO:root:7,53.182286400000024,50.73903020000002,51.855693628571444,1703215584.884911
INFO:root:7,53.182286400000024,50.73903020000002,51.855693628571444,1703215585.4844222
INFO:root:7,53.182286400000024,50.73903020000002,51.855693628571444,1703215586.0887692
INFO:root:7,53.182286400000024,50.73903020000002,51.855693628571444,1703215586.6872394
INFO:root:7,53.182286400000024,50.73903020000002,51.855693628571444,1703215587.3760927
INFO:root:7,53.182286400000024,50.73903020000002,51.855693628571444,1703215587.9731555
INFO:root:7,53.182286400000024,50.73903020000002,51.855693628571444,1703215588.495387
INFO:root:7,53.182286400000024,50.73903020000002,51.855693628571444,1703215589.088022
INFO:root:7,53.182286400000024,50.73903020000002,51.855693628571444,1703215589.67994
INFO:root:7,53.182286400000024,50.73903020000002,51.855693628571444,1703215590.2773967
INFO:root:7,53.182286400000024,50.73903020000002,51.855693628571444,1703215590.8808625
INFO:root:7,53.182286400000024,50.73903020000002,51.855693628571444,1703215591.481145
INFO:root:7,53.182286400000024,50.73903020000002,51.855693628571444,1703215592.083546
INFO:root:7,53.182286400000024,50.73903020000002,51.855693628571444,1703215592.6840947
INFO:root:7,56.966002000000024,29.43526420000001,52.13481425714288,1703215593.2869563
INFO:root:7,56.966002000000024,29.43526420000001,52.13481425714288,1703215593.8877175
INFO:root:7,56.966002000000024,29.43526420000001,52.13481425714288,1703215594.4824991
INFO:root:7,56.966002000000024,29.43526420000001,52.13481425714288,1703215595.0902617
INFO:root:7,56.966002000000024,29.43526420000001,52.13481425714288,1703215595.68625
INFO:root:7,56.966002000000024,29.43526420000001,52.13481425714288,1703215596.2816684
INFO:root:7,56.966002000000024,29.43526420000001,52.13481425714288,1703215596.8814805
INFO:root:7,56.966002000000024,29.43526420000001,52.13481425714288,1703215597.4878163
INFO:root:7,56.966002000000024,29.43526420000001,52.13481425714288,1703215598.0886319
INFO:root:7,56.966002000000024,29.43526420000001,52.13481425714288,1703215598.6837456
INFO:root:7,56.966002000000024,29.43526420000001,52.13481425714288,1703215599.2830143
INFO:root:7,56.966002000000024,29.43526420000001,52.13481425714288,1703215599.8823519
INFO:root:7,56.966002000000024,29.43526420000001,52.13481425714288,1703215600.4805567
INFO:root:7,56.966002000000024,29.43526420000001,52.13481425714288,1703215601.0732434
INFO:root:7,56.966002000000024,29.43526420000001,52.13481425714288,1703215601.5996273
INFO:root:7,56.966002000000024,29.43526420000001,52.13481425714288,1703215602.1826415
INFO:root:7,56.966002000000024,29.43526420000001,52.13481425714288,1703215602.7887063
INFO:root:7,56.966002000000024,29.43526420000001,52.13481425714288,1703215603.3818276
INFO:root:7,56.966002000000024,29.43526420000001,52.13481425714288,1703215603.986736
INFO:root:7,56.966002000000024,29.43526420000001,52.13481425714288,1703215604.584175
INFO:root:7,56.966002000000024,29.43526420000001,52.13481425714288,1703215605.1860251
INFO:root:7,56.966002000000024,29.43526420000001,52.13481425714288,1703215605.7783234
INFO:root:7,56.966002000000024,29.43526420000001,52.13481425714288,1703215606.380732
INFO:root:7,56.966002000000024,29.43526420000001,52.13481425714288,1703215606.9805665
INFO:root:7,56.966002000000024,29.43526420000001,52.13481425714288,1703215607.5833972
INFO:root:7,63.10143540000003,0.0,52.36019525714288,1703215608.2762644
INFO:root:7,63.10143540000003,0.0,52.36019525714288,1703215608.8784156
INFO:root:7,63.10143540000003,0.0,52.36019525714288,1703215609.4933457
INFO:root:7,63.10143540000003,0.0,52.36019525714288,1703215610.0863302
INFO:root:7,63.10143540000003,0.0,52.36019525714288,1703215610.6833344
INFO:root:7,63.10143540000003,0.0,52.36019525714288,1703215611.2866075
INFO:root:7,63.10143540000003,0.0,52.36019525714288,1703215611.8831744
INFO:root:7,63.10143540000003,0.0,52.36019525714288,1703215612.4863632
INFO:root:7,63.10143540000003,0.0,52.36019525714288,1703215613.085005
INFO:root:7,63.10143540000003,0.0,52.36019525714288,1703215613.681775
INFO:root:7,63.10143540000003,0.0,52.36019525714288,1703215614.212594
INFO:root:7,63.10143540000003,0.0,52.36019525714288,1703215614.7851956
INFO:root:7,63.10143540000003,0.0,52.36019525714288,1703215615.383004
INFO:root:7,63.10143540000003,0.0,52.36019525714288,1703215615.982992
INFO:root:7,63.10143540000003,0.0,52.36019525714288,1703215616.5825822
INFO:root:7,63.10143540000003,0.0,52.36019525714288,1703215617.1940515
INFO:root:7,63.10143540000003,0.0,52.36019525714288,1703215617.7913375
INFO:root:7,63.10143540000003,0.0,52.36019525714288,1703215618.3864272
INFO:root:7,63.10143540000003,0.0,52.36019525714288,1703215618.9835784
INFO:root:7,63.10143540000003,0.0,52.36019525714288,1703215619.588732
INFO:root:7,63.10143540000003,0.0,52.36019525714288,1703215620.1886883
INFO:root:7,63.10143540000003,0.0,52.36019525714288,1703215620.7879553
INFO:root:7,63.10143540000003,0.0,52.36019525714288,1703215621.3893986
INFO:root:7,63.10143540000003,0.0,52.36019525714288,1703215621.9836516
INFO:root:7,63.10143540000003,0.0,52.36019525714288,1703215622.5824132
INFO:root:7,59.45872540000002,18.486837200000007,51.66794131428573,1703215623.1870468
INFO:root:7,59.45872540000002,18.486837200000007,51.66794131428573,1703215623.7826116
INFO:root:7,59.45872540000002,18.486837200000007,51.66794131428573,1703215624.3828578
INFO:root:7,59.45872540000002,18.486837200000007,51.66794131428573,1703215624.9831424
INFO:root:7,59.45872540000002,18.486837200000007,51.66794131428573,1703215625.5841749
INFO:root:7,59.45872540000002,18.486837200000007,51.66794131428573,1703215626.185338
INFO:root:7,59.45872540000002,18.486837200000007,51.66794131428573,1703215626.7828329
INFO:root:7,59.45872540000002,18.486837200000007,51.66794131428573,1703215627.385901
INFO:root:7,59.45872540000002,18.486837200000007,51.66794131428573,1703215627.9842494
INFO:root:7,59.45872540000002,18.486837200000007,51.66794131428573,1703215628.5843432
INFO:root:7,59.45872540000002,18.486837200000007,51.66794131428573,1703215629.185968
INFO:root:7,59.45872540000002,18.486837200000007,51.66794131428573,1703215629.7829115
INFO:root:7,59.45872540000002,18.486837200000007,51.66794131428573,1703215630.3876457
INFO:root:7,59.45872540000002,18.486837200000007,51.66794131428573,1703215630.9884186
INFO:root:7,59.45872540000002,18.486837200000007,51.66794131428573,1703215631.5828114
INFO:root:7,59.45872540000002,18.486837200000007,51.66794131428573,1703215632.18332
INFO:root:7,59.45872540000002,18.486837200000007,51.66794131428573,1703215632.7825212
INFO:root:7,59.45872540000002,18.486837200000007,51.66794131428573,1703215633.3898082
INFO:root:7,59.45872540000002,18.486837200000007,51.66794131428573,1703215633.9843879
INFO:root:7,59.45872540000002,18.486837200000007,51.66794131428573,1703215634.5908818
INFO:root:7,59.45872540000002,18.486837200000007,51.66794131428573,1703215635.1843078
INFO:root:7,59.45872540000002,18.486837200000007,51.66794131428573,1703215635.7844095
INFO:root:7,59.45872540000002,18.486837200000007,51.66794131428573,1703215636.3835678
INFO:root:7,59.45872540000002,18.486837200000007,51.66794131428573,1703215636.9845347
INFO:root:7,59.45872540000002,18.486837200000007,51.66794131428573,1703215637.5885355
INFO:root:7,54.16695040000001,51.28821200000002,52.501862257142875,1703215638.186396
INFO:root:7,54.16695040000001,51.28821200000002,52.501862257142875,1703215638.7884676
INFO:root:7,54.16695040000001,51.28821200000002,52.501862257142875,1703215639.4724233
INFO:root:7,54.16695040000001,51.28821200000002,52.501862257142875,1703215640.0868225
INFO:root:7,54.16695040000001,51.28821200000002,52.501862257142875,1703215640.6879826
INFO:root:7,54.16695040000001,51.28821200000002,52.501862257142875,1703215641.373076
INFO:root:7,54.16695040000001,51.28821200000002,52.501862257142875,1703215641.9737623
INFO:root:7,54.16695040000001,51.28821200000002,52.501862257142875,1703215642.5860949
INFO:root:7,54.16695040000001,51.28821200000002,52.501862257142875,1703215643.1885583
INFO:root:7,54.16695040000001,51.28821200000002,52.501862257142875,1703215643.783394
INFO:root:7,54.16695040000001,51.28821200000002,52.501862257142875,1703215644.3816288
INFO:root:7,54.16695040000001,51.28821200000002,52.501862257142875,1703215644.9865582
INFO:root:7,54.16695040000001,51.28821200000002,52.501862257142875,1703215645.581998
INFO:root:7,54.16695040000001,51.28821200000002,52.501862257142875,1703215646.1858635
INFO:root:7,54.16695040000001,51.28821200000002,52.501862257142875,1703215646.7864456
INFO:root:7,54.16695040000001,51.28821200000002,52.501862257142875,1703215647.3817677
INFO:root:7,54.16695040000001,51.28821200000002,52.501862257142875,1703215647.9828434
INFO:root:7,54.16695040000001,51.28821200000002,52.501862257142875,1703215648.583408
INFO:root:7,54.16695040000001,51.28821200000002,52.501862257142875,1703215649.1828804
INFO:root:7,54.16695040000001,51.28821200000002,52.501862257142875,1703215649.873579
INFO:root:7,54.16695040000001,51.28821200000002,52.501862257142875,1703215650.4836113
INFO:root:7,54.16695040000001,51.28821200000002,52.501862257142875,1703215651.084068
INFO:root:7,54.16695040000001,51.28821200000002,52.501862257142875,1703215651.6811707
INFO:root:7,54.16695040000001,51.28821200000002,52.501862257142875,1703215652.2855659
INFO:root:7,54.16695040000001,51.28821200000002,52.501862257142875,1703215653.0783527
INFO:root:7,52.730847800000014,49.37128840000002,51.169645742857156,1703215653.6831775
INFO:root:7,52.730847800000014,49.37128840000002,51.169645742857156,1703215654.2819738
INFO:root:7,52.730847800000014,49.37128840000002,51.169645742857156,1703215654.8847759
INFO:root:7,52.730847800000014,49.37128840000002,51.169645742857156,1703215655.4846478
INFO:root:7,52.730847800000014,49.37128840000002,51.169645742857156,1703215656.0855937
INFO:root:7,52.730847800000014,49.37128840000002,51.169645742857156,1703215656.6867595
INFO:root:7,52.730847800000014,49.37128840000002,51.169645742857156,1703215657.284285
INFO:root:7,52.730847800000014,49.37128840000002,51.169645742857156,1703215657.8881834
INFO:root:7,52.730847800000014,49.37128840000002,51.169645742857156,1703215658.4825473
INFO:root:7,52.730847800000014,49.37128840000002,51.169645742857156,1703215659.0851717
INFO:root:7,52.730847800000014,49.37128840000002,51.169645742857156,1703215659.6829214
INFO:root:7,52.730847800000014,49.37128840000002,51.169645742857156,1703215660.2870388
INFO:root:7,52.730847800000014,49.37128840000002,51.169645742857156,1703215660.9716198
INFO:root:7,52.730847800000014,49.37128840000002,51.169645742857156,1703215661.5728197
INFO:root:7,52.730847800000014,49.37128840000002,51.169645742857156,1703215662.181923
INFO:root:7,52.730847800000014,49.37128840000002,51.169645742857156,1703215662.7870114
INFO:root:7,52.730847800000014,49.37128840000002,51.169645742857156,1703215663.3884482
INFO:root:7,52.730847800000014,49.37128840000002,51.169645742857156,1703215663.9870481
INFO:root:7,52.730847800000014,49.37128840000002,51.169645742857156,1703215664.5849726
INFO:root:7,52.730847800000014,49.37128840000002,51.169645742857156,1703215665.1844423
INFO:root:7,52.730847800000014,49.37128840000002,51.169645742857156,1703215665.7874203
INFO:root:7,52.730847800000014,49.37128840000002,51.169645742857156,1703215666.3884468
INFO:root:7,52.730847800000014,49.37128840000002,51.169645742857156,1703215666.9825385
INFO:root:7,52.730847800000014,49.37128840000002,51.169645742857156,1703215667.587932
INFO:root:7,53.858633200000014,50.924988800000015,52.377405742857164,1703215668.184146
INFO:root:7,53.858633200000014,50.924988800000015,52.377405742857164,1703215668.782371
INFO:root:7,53.858633200000014,50.924988800000015,52.377405742857164,1703215669.3893614
INFO:root:7,53.858633200000014,50.924988800000015,52.377405742857164,1703215669.9847195
INFO:root:7,53.858633200000014,50.924988800000015,52.377405742857164,1703215670.585413
INFO:root:7,53.858633200000014,50.924988800000015,52.377405742857164,1703215671.1834579
INFO:root:7,53.858633200000014,50.924988800000015,52.377405742857164,1703215671.7849824
INFO:root:7,53.858633200000014,50.924988800000015,52.377405742857164,1703215672.383259
INFO:root:7,53.858633200000014,50.924988800000015,52.377405742857164,1703215672.9909725
INFO:root:7,53.858633200000014,50.924988800000015,52.377405742857164,1703215673.582767
INFO:root:7,53.858633200000014,50.924988800000015,52.377405742857164,1703215674.1800215
INFO:root:7,53.858633200000014,50.924988800000015,52.377405742857164,1703215674.787872
INFO:root:7,53.858633200000014,50.924988800000015,52.377405742857164,1703215675.3846307
INFO:root:7,53.858633200000014,50.924988800000015,52.377405742857164,1703215675.981836
INFO:root:7,53.858633200000014,50.924988800000015,52.377405742857164,1703215676.583688
INFO:root:7,53.858633200000014,50.924988800000015,52.377405742857164,1703215677.1872594
INFO:root:7,53.858633200000014,50.924988800000015,52.377405742857164,1703215677.7900524
INFO:root:7,53.858633200000014,50.924988800000015,52.377405742857164,1703215678.385758
INFO:root:7,53.858633200000014,50.924988800000015,52.377405742857164,1703215678.9823015
INFO:root:7,53.858633200000014,50.924988800000015,52.377405742857164,1703215679.584149
INFO:root:7,53.858633200000014,50.924988800000015,52.377405742857164,1703215680.1888733
INFO:root:7,53.858633200000014,50.924988800000015,52.377405742857164,1703215680.8756504
INFO:root:7,53.858633200000014,50.924988800000015,52.377405742857164,1703215681.482414
INFO:root:7,53.858633200000014,50.924988800000015,52.377405742857164,1703215682.0860305
INFO:root:7,53.858633200000014,50.924988800000015,52.377405742857164,1703215682.6868954
INFO:root:7,52.72999580000002,50.152687000000014,52.01688311428573,1703215683.2846806
INFO:root:7,52.72999580000002,50.152687000000014,52.01688311428573,1703215683.8820584
INFO:root:7,52.72999580000002,50.152687000000014,52.01688311428573,1703215684.4814003
INFO:root:7,52.72999580000002,50.152687000000014,52.01688311428573,1703215685.085983
INFO:root:7,52.72999580000002,50.152687000000014,52.01688311428573,1703215685.6829228
INFO:root:7,52.72999580000002,50.152687000000014,52.01688311428573,1703215686.2868905
INFO:root:7,52.72999580000002,50.152687000000014,52.01688311428573,1703215686.882059
INFO:root:7,52.72999580000002,50.152687000000014,52.01688311428573,1703215687.481979
INFO:root:7,52.72999580000002,50.152687000000014,52.01688311428573,1703215688.0868657
INFO:root:7,52.72999580000002,50.152687000000014,52.01688311428573,1703215688.6819358
INFO:root:7,52.72999580000002,50.152687000000014,52.01688311428573,1703215689.283943
INFO:root:7,52.72999580000002,50.152687000000014,52.01688311428573,1703215689.8895524
INFO:root:7,52.72999580000002,50.152687000000014,52.01688311428573,1703215690.4826252
INFO:root:7,52.72999580000002,50.152687000000014,52.01688311428573,1703215691.1830568
INFO:root:7,52.72999580000002,50.152687000000014,52.01688311428573,1703215691.782082
INFO:root:7,52.72999580000002,50.152687000000014,52.01688311428573,1703215692.3822057
INFO:root:7,52.72999580000002,50.152687000000014,52.01688311428573,1703215692.9864948
INFO:root:7,52.72999580000002,50.152687000000014,52.01688311428573,1703215693.5851104
INFO:root:7,52.72999580000002,50.152687000000014,52.01688311428573,1703215694.1832337
INFO:root:7,52.72999580000002,50.152687000000014,52.01688311428573,1703215694.7837265
INFO:root:7,52.72999580000002,50.152687000000014,52.01688311428573,1703215695.3806162
INFO:root:7,52.72999580000002,50.152687000000014,52.01688311428573,1703215695.9830961
INFO:root:7,52.72999580000002,50.152687000000014,52.01688311428573,1703215696.581845
INFO:root:7,52.72999580000002,50.152687000000014,52.01688311428573,1703215697.1824942
INFO:root:7,52.72999580000002,50.152687000000014,52.01688311428573,1703215697.8766313
INFO:root:7,54.22382360000002,50.836256400000025,52.35015194285717,1703215698.4847362
INFO:root:7,54.22382360000002,50.836256400000025,52.35015194285717,1703215699.0868995
INFO:root:7,54.22382360000002,50.836256400000025,52.35015194285717,1703215699.6825643
INFO:root:7,54.22382360000002,50.836256400000025,52.35015194285717,1703215700.289771
INFO:root:7,54.22382360000002,50.836256400000025,52.35015194285717,1703215700.8839743
INFO:root:7,54.22382360000002,50.836256400000025,52.35015194285717,1703215701.5825093
INFO:root:7,54.22382360000002,50.836256400000025,52.35015194285717,1703215702.181413
INFO:root:7,54.22382360000002,50.836256400000025,52.35015194285717,1703215702.7868123
INFO:root:7,54.22382360000002,50.836256400000025,52.35015194285717,1703215703.3826962
INFO:root:7,54.22382360000002,50.836256400000025,52.35015194285717,1703215703.9823234
INFO:root:7,54.22382360000002,50.836256400000025,52.35015194285717,1703215704.5860693
INFO:root:7,54.22382360000002,50.836256400000025,52.35015194285717,1703215705.1835077
INFO:root:7,54.22382360000002,50.836256400000025,52.35015194285717,1703215705.7824574
INFO:root:7,54.22382360000002,50.836256400000025,52.35015194285717,1703215706.3798563
INFO:root:7,54.22382360000002,50.836256400000025,52.35015194285717,1703215706.9842525
INFO:root:7,54.22382360000002,50.836256400000025,52.35015194285717,1703215707.582628
INFO:root:7,54.22382360000002,50.836256400000025,52.35015194285717,1703215708.182373
INFO:root:7,54.22382360000002,50.836256400000025,52.35015194285717,1703215708.7876756
