INFO:root:0,0,0,0,1703215757.9762208
INFO:root:7,0.0012516000000000005,0.0,0.00017880000000000006,1703215758.008863
INFO:root:7,0.0012516000000000005,0.0,0.00017880000000000006,1703215758.5433216
INFO:root:7,0.0012516000000000005,0.0,0.00017880000000000006,1703215759.0807567
INFO:root:7,0.0012516000000000005,0.0,0.00017880000000000006,1703215759.6158044
INFO:root:7,0.0012516000000000005,0.0,0.00017880000000000006,1703215760.1726995
INFO:root:7,0.0012516000000000005,0.0,0.00017880000000000006,1703215760.6993353
INFO:root:7,0.0012516000000000005,0.0,0.00017880000000000006,1703215761.2807395
INFO:root:7,0.0012516000000000005,0.0,0.00017880000000000006,1703215761.8708234
INFO:root:7,0.0012516000000000005,0.0,0.00017880000000000006,1703215762.4775293
INFO:root:7,0.0012516000000000005,0.0,0.00017880000000000006,1703215763.171993
INFO:root:7,0.0012516000000000005,0.0,0.00017880000000000006,1703215763.7721293
INFO:root:7,0.0012516000000000005,0.0,0.00017880000000000006,1703215764.3728774
INFO:root:7,0.0012516000000000005,0.0,0.00017880000000000006,1703215764.9818418
INFO:root:7,0.0012516000000000005,0.0,0.00017880000000000006,1703215765.585995
INFO:root:7,0.0012516000000000005,0.0,0.00017880000000000006,1703215766.1820843
INFO:root:7,0.0012516000000000005,0.0,0.00017880000000000006,1703215766.7739892
INFO:root:7,0.0012516000000000005,0.0,0.00017880000000000006,1703215767.3824635
INFO:root:7,0.0012516000000000005,0.0,0.00017880000000000006,1703215768.0755823
INFO:root:7,0.0012516000000000005,0.0,0.00017880000000000006,1703215768.6732414
INFO:root:7,0.0012516000000000005,0.0,0.00017880000000000006,1703215769.204538
INFO:root:7,0.0012516000000000005,0.0,0.00017880000000000006,1703215769.7815397
INFO:root:7,0.0012516000000000005,0.0,0.00017880000000000006,1703215770.375248
INFO:root:7,0.0012516000000000005,0.0,0.00017880000000000006,1703215770.9769404
INFO:root:7,0.0012516000000000005,0.0,0.00017880000000000006,1703215771.503894
INFO:root:7,0.0012516000000000005,0.0,0.00017880000000000006,1703215772.08444
INFO:root:7,0.0012516000000000005,0.0,0.00017880000000000006,1703215772.6814775
INFO:root:7,69.90638220000002,0.0,50.38510382857146,1703215773.2849965
INFO:root:7,69.90638220000002,0.0,50.38510382857146,1703215773.872734
INFO:root:7,69.90638220000002,0.0,50.38510382857146,1703215774.472331
INFO:root:7,69.90638220000002,0.0,50.38510382857146,1703215775.0837343
INFO:root:7,69.90638220000002,0.0,50.38510382857146,1703215775.68306
INFO:root:7,69.90638220000002,0.0,50.38510382857146,1703215776.2855194
INFO:root:7,69.90638220000002,0.0,50.38510382857146,1703215776.8828359
INFO:root:7,69.90638220000002,0.0,50.38510382857146,1703215777.486422
INFO:root:7,69.90638220000002,0.0,50.38510382857146,1703215778.0841746
INFO:root:7,69.90638220000002,0.0,50.38510382857146,1703215778.68181
INFO:root:7,69.90638220000002,0.0,50.38510382857146,1703215779.2817073
INFO:root:7,69.90638220000002,0.0,50.38510382857146,1703215779.8829112
INFO:root:7,69.90638220000002,0.0,50.38510382857146,1703215780.4813476
INFO:root:7,69.90638220000002,0.0,50.38510382857146,1703215781.079427
INFO:root:7,69.90638220000002,0.0,50.38510382857146,1703215781.6875837
INFO:root:7,69.90638220000002,0.0,50.38510382857146,1703215782.2807808
INFO:root:7,69.90638220000002,0.0,50.38510382857146,1703215782.8824031
INFO:root:7,69.90638220000002,0.0,50.38510382857146,1703215783.4886827
INFO:root:7,69.90638220000002,0.0,50.38510382857146,1703215784.1747825
INFO:root:6,69.90638220000002,47.17293220000002,58.78262113333337,1703215784.7826254
INFO:root:6,69.90638220000002,47.17293220000002,58.78262113333337,1703215785.3863294
INFO:root:6,69.90638220000002,47.17293220000002,58.78262113333337,1703215785.9877667
INFO:root:6,69.90638220000002,47.17293220000002,58.78262113333337,1703215786.5813663
INFO:root:6,69.90638220000002,47.17293220000002,58.78262113333337,1703215787.1769996
INFO:root:6,69.90638220000002,47.17293220000002,58.78262113333337,1703215787.7778728
INFO:root:6,59.05557400000002,57.24624020000002,58.175881600000025,1703215788.3710701
INFO:root:6,59.05557400000002,57.24624020000002,58.175881600000025,1703215788.972212
INFO:root:6,59.05557400000002,57.24624020000002,58.175881600000025,1703215789.5825086
INFO:root:6,59.05557400000002,57.24624020000002,58.175881600000025,1703215790.1855981
INFO:root:6,59.05557400000002,57.24624020000002,58.175881600000025,1703215790.7865274
INFO:root:6,59.05557400000002,57.24624020000002,58.175881600000025,1703215791.3864825
INFO:root:6,59.05557400000002,57.24624020000002,58.175881600000025,1703215791.9839208
INFO:root:6,59.05557400000002,57.24624020000002,58.175881600000025,1703215792.58314
INFO:root:6,59.05557400000002,57.24624020000002,58.175881600000025,1703215793.1842644
INFO:root:6,59.05557400000002,57.24624020000002,58.175881600000025,1703215793.7865362
INFO:root:6,59.05557400000002,57.24624020000002,58.175881600000025,1703215794.3820167
INFO:root:6,59.05557400000002,57.24624020000002,58.175881600000025,1703215794.9862475
INFO:root:6,59.05557400000002,57.24624020000002,58.175881600000025,1703215795.574125
INFO:root:6,59.05557400000002,57.24624020000002,58.175881600000025,1703215796.1805687
INFO:root:6,59.05557400000002,57.24624020000002,58.175881600000025,1703215796.7833393
INFO:root:6,59.05557400000002,57.24624020000002,58.175881600000025,1703215797.3773513
INFO:root:6,59.05557400000002,57.24624020000002,58.175881600000025,1703215797.980682
INFO:root:6,59.05557400000002,57.24624020000002,58.175881600000025,1703215798.5810072
INFO:root:5,58.71632480000002,57.24624020000002,57.999943120000026,1703215799.183093
INFO:root:5,58.71632480000002,57.24624020000002,57.999943120000026,1703215799.7817228
INFO:root:5,58.71632480000002,57.24624020000002,57.999943120000026,1703215800.3818662
INFO:root:5,58.71632480000002,57.24624020000002,57.999943120000026,1703215800.9811132
INFO:root:5,58.71632480000002,57.24624020000002,57.999943120000026,1703215801.58159
INFO:root:5,58.71632480000002,57.24624020000002,57.999943120000026,1703215802.1830435
INFO:root:5,58.71632480000002,57.24624020000002,57.999943120000026,1703215802.7731318
INFO:root:6,61.93844140000002,17.829725600000007,53.954522300000015,1703215803.377454
INFO:root:6,61.93844140000002,17.829725600000007,53.954522300000015,1703215803.9817061
INFO:root:6,61.93844140000002,17.829725600000007,53.954522300000015,1703215804.581597
INFO:root:6,61.93844140000002,17.829725600000007,53.954522300000015,1703215805.182947
INFO:root:6,61.93844140000002,17.829725600000007,53.954522300000015,1703215805.7813892
INFO:root:6,61.93844140000002,17.829725600000007,53.954522300000015,1703215806.3828342
INFO:root:6,61.93844140000002,17.829725600000007,53.954522300000015,1703215806.9832747
INFO:root:6,61.93844140000002,17.829725600000007,53.954522300000015,1703215807.5727453
INFO:root:6,61.93844140000002,17.829725600000007,53.954522300000015,1703215808.1721723
INFO:root:6,61.93844140000002,17.829725600000007,53.954522300000015,1703215808.7816293
INFO:root:6,61.93844140000002,17.829725600000007,53.954522300000015,1703215809.3847482
INFO:root:6,61.93844140000002,17.829725600000007,53.954522300000015,1703215809.9888558
INFO:root:6,61.93844140000002,17.829725600000007,53.954522300000015,1703215810.5863886
INFO:root:6,61.93844140000002,17.829725600000007,53.954522300000015,1703215811.1732528
INFO:root:6,61.93844140000002,17.829725600000007,53.954522300000015,1703215811.7709172
INFO:root:6,61.93844140000002,17.829725600000007,53.954522300000015,1703215812.3733451
INFO:root:6,61.93844140000002,17.829725600000007,53.954522300000015,1703215812.9814668
INFO:root:6,61.93844140000002,17.829725600000007,53.954522300000015,1703215813.5806668
INFO:root:6,61.93844140000002,17.829725600000007,53.954522300000015,1703215814.1854775
INFO:root:6,61.93844140000002,17.829725600000007,53.954522300000015,1703215814.7811925
INFO:root:6,61.93844140000002,17.829725600000007,53.954522300000015,1703215815.4732614
INFO:root:6,61.93844140000002,17.829725600000007,53.954522300000015,1703215816.082437
INFO:root:6,61.93844140000002,17.829725600000007,53.954522300000015,1703215816.6798143
INFO:root:6,61.93844140000002,17.829725600000007,53.954522300000015,1703215817.282118
INFO:root:6,61.93844140000002,17.829725600000007,53.954522300000015,1703215817.9783525
INFO:root:6,61.97462520000002,55.87154320000002,60.488327200000015,1703215818.5779216
INFO:root:6,61.97462520000002,55.87154320000002,60.488327200000015,1703215819.1762369
INFO:root:6,61.97462520000002,55.87154320000002,60.488327200000015,1703215819.7871265
INFO:root:6,61.97462520000002,55.87154320000002,60.488327200000015,1703215820.3864589
INFO:root:6,61.97462520000002,55.87154320000002,60.488327200000015,1703215820.9808657
INFO:root:6,61.97462520000002,55.87154320000002,60.488327200000015,1703215821.5727358
INFO:root:6,61.97462520000002,55.87154320000002,60.488327200000015,1703215822.1892877
INFO:root:6,61.97462520000002,55.87154320000002,60.488327200000015,1703215822.7829816
INFO:root:6,61.97462520000002,55.87154320000002,60.488327200000015,1703215823.3831623
INFO:root:6,61.97462520000002,55.87154320000002,60.488327200000015,1703215823.9854484
INFO:root:6,61.97462520000002,55.87154320000002,60.488327200000015,1703215824.5827754
INFO:root:6,61.97462520000002,55.87154320000002,60.488327200000015,1703215825.1831405
INFO:root:6,61.97462520000002,55.87154320000002,60.488327200000015,1703215825.7836561
INFO:root:6,61.97462520000002,55.87154320000002,60.488327200000015,1703215826.3825924
INFO:root:6,61.97462520000002,55.87154320000002,60.488327200000015,1703215826.9824135
INFO:root:6,61.97462520000002,55.87154320000002,60.488327200000015,1703215827.5859504
INFO:root:6,61.97462520000002,55.87154320000002,60.488327200000015,1703215828.1820083
INFO:root:6,61.97462520000002,55.87154320000002,60.488327200000015,1703215828.7813885
INFO:root:6,61.97462520000002,55.87154320000002,60.488327200000015,1703215829.3818703
INFO:root:6,61.97462520000002,55.87154320000002,60.488327200000015,1703215829.9810512
INFO:root:6,61.97462520000002,55.87154320000002,60.488327200000015,1703215830.5837445
INFO:root:6,61.97462520000002,55.87154320000002,60.488327200000015,1703215831.185498
INFO:root:6,61.97462520000002,55.87154320000002,60.488327200000015,1703215831.7727268
INFO:root:6,61.97462520000002,55.87154320000002,60.488327200000015,1703215832.3762805
INFO:root:6,61.97462520000002,55.87154320000002,60.488327200000015,1703215832.9894233
INFO:root:6,60.48898220000002,58.68497160000001,59.562265500000024,1703215833.5831714
INFO:root:6,60.48898220000002,58.68497160000001,59.562265500000024,1703215834.182165
INFO:root:6,60.48898220000002,58.68497160000001,59.562265500000024,1703215834.787819
INFO:root:6,60.48898220000002,58.68497160000001,59.562265500000024,1703215835.470617
INFO:root:6,60.48898220000002,58.68497160000001,59.562265500000024,1703215836.084815
INFO:root:6,60.48898220000002,58.68497160000001,59.562265500000024,1703215836.6819818
INFO:root:6,60.48898220000002,58.68497160000001,59.562265500000024,1703215837.2822912
INFO:root:6,60.48898220000002,58.68497160000001,59.562265500000024,1703215837.883898
INFO:root:6,60.48898220000002,58.68497160000001,59.562265500000024,1703215838.486635
INFO:root:6,60.48898220000002,58.68497160000001,59.562265500000024,1703215839.088125
INFO:root:6,60.48898220000002,58.68497160000001,59.562265500000024,1703215839.6856472
INFO:root:6,60.48898220000002,58.68497160000001,59.562265500000024,1703215840.2880902
INFO:root:6,60.48898220000002,58.68497160000001,59.562265500000024,1703215840.8861957
INFO:root:6,60.48898220000002,58.68497160000001,59.562265500000024,1703215841.4891503
INFO:root:6,60.48898220000002,58.68497160000001,59.562265500000024,1703215842.0851345
INFO:root:6,60.48898220000002,58.68497160000001,59.562265500000024,1703215842.6819134
INFO:root:6,60.48898220000002,58.68497160000001,59.562265500000024,1703215843.28346
INFO:root:6,60.48898220000002,58.68497160000001,59.562265500000024,1703215843.882995
INFO:root:6,60.48898220000002,58.68497160000001,59.562265500000024,1703215844.4793477
INFO:root:6,60.48898220000002,58.68497160000001,59.562265500000024,1703215845.0909173
INFO:root:6,60.48898220000002,58.68497160000001,59.562265500000024,1703215845.7745366
INFO:root:6,60.48898220000002,58.68497160000001,59.562265500000024,1703215846.3822742
INFO:root:6,60.48898220000002,58.68497160000001,59.562265500000024,1703215846.9843009
INFO:root:6,60.48898220000002,58.68497160000001,59.562265500000024,1703215847.5832012
INFO:root:7,52.84169600000003,50.06095880000002,51.9010056857143,1703215848.1815462
INFO:root:7,52.84169600000003,50.06095880000002,51.9010056857143,1703215848.7806118
INFO:root:7,52.84169600000003,50.06095880000002,51.9010056857143,1703215849.3813856
INFO:root:7,52.84169600000003,50.06095880000002,51.9010056857143,1703215849.9835365
INFO:root:7,52.84169600000003,50.06095880000002,51.9010056857143,1703215850.5831199
INFO:root:7,52.84169600000003,50.06095880000002,51.9010056857143,1703215851.1859257
INFO:root:7,52.84169600000003,50.06095880000002,51.9010056857143,1703215851.786137
INFO:root:7,52.84169600000003,50.06095880000002,51.9010056857143,1703215852.3836057
INFO:root:7,52.84169600000003,50.06095880000002,51.9010056857143,1703215852.9819658
INFO:root:7,52.84169600000003,50.06095880000002,51.9010056857143,1703215853.587907
INFO:root:7,52.84169600000003,50.06095880000002,51.9010056857143,1703215854.1828015
INFO:root:7,52.84169600000003,50.06095880000002,51.9010056857143,1703215854.788211
INFO:root:7,52.84169600000003,50.06095880000002,51.9010056857143,1703215855.3865042
INFO:root:7,52.84169600000003,50.06095880000002,51.9010056857143,1703215856.0897028
INFO:root:7,52.84169600000003,50.06095880000002,51.9010056857143,1703215856.685945
INFO:root:7,52.84169600000003,50.06095880000002,51.9010056857143,1703215857.2858548
INFO:root:7,52.84169600000003,50.06095880000002,51.9010056857143,1703215857.882475
INFO:root:7,52.84169600000003,50.06095880000002,51.9010056857143,1703215858.4843175
INFO:root:7,52.84169600000003,50.06095880000002,51.9010056857143,1703215859.088318
INFO:root:7,52.84169600000003,50.06095880000002,51.9010056857143,1703215859.6836724
INFO:root:7,52.84169600000003,50.06095880000002,51.9010056857143,1703215860.2840617
INFO:root:7,52.84169600000003,50.06095880000002,51.9010056857143,1703215860.887299
INFO:root:7,52.84169600000003,50.06095880000002,51.9010056857143,1703215861.4827178
INFO:root:7,52.84169600000003,50.06095880000002,51.9010056857143,1703215862.0845063
INFO:root:7,52.84169600000003,50.06095880000002,51.9010056857143,1703215862.6895132
INFO:root:7,53.50170040000002,50.60178960000001,52.329354371428586,1703215863.2819068
INFO:root:7,53.50170040000002,50.60178960000001,52.329354371428586,1703215863.885757
INFO:root:7,53.50170040000002,50.60178960000001,52.329354371428586,1703215864.48822
INFO:root:7,53.50170040000002,50.60178960000001,52.329354371428586,1703215865.0845745
INFO:root:7,53.50170040000002,50.60178960000001,52.329354371428586,1703215865.6820233
INFO:root:7,53.50170040000002,50.60178960000001,52.329354371428586,1703215866.4746268
INFO:root:7,53.50170040000002,50.60178960000001,52.329354371428586,1703215867.0835652
INFO:root:7,53.50170040000002,50.60178960000001,52.329354371428586,1703215867.682413
INFO:root:7,53.50170040000002,50.60178960000001,52.329354371428586,1703215868.286615
INFO:root:7,53.50170040000002,50.60178960000001,52.329354371428586,1703215868.8872344
INFO:root:7,53.50170040000002,50.60178960000001,52.329354371428586,1703215869.4871664
INFO:root:7,53.50170040000002,50.60178960000001,52.329354371428586,1703215870.083158
INFO:root:7,53.50170040000002,50.60178960000001,52.329354371428586,1703215870.6860197
INFO:root:7,53.50170040000002,50.60178960000001,52.329354371428586,1703215871.2814467
INFO:root:7,53.50170040000002,50.60178960000001,52.329354371428586,1703215871.8829212
INFO:root:7,53.50170040000002,50.60178960000001,52.329354371428586,1703215872.4795153
INFO:root:7,53.50170040000002,50.60178960000001,52.329354371428586,1703215873.0871892
INFO:root:7,53.50170040000002,50.60178960000001,52.329354371428586,1703215873.6883593
INFO:root:7,53.50170040000002,50.60178960000001,52.329354371428586,1703215874.2860448
INFO:root:7,53.50170040000002,50.60178960000001,52.329354371428586,1703215874.8899393
INFO:root:7,53.50170040000002,50.60178960000001,52.329354371428586,1703215875.483245
INFO:root:7,53.50170040000002,50.60178960000001,52.329354371428586,1703215876.0882013
INFO:root:7,53.50170040000002,50.60178960000001,52.329354371428586,1703215876.7864392
INFO:root:7,53.50170040000002,50.60178960000001,52.329354371428586,1703215877.3891485
INFO:root:7,53.50170040000002,50.60178960000001,52.329354371428586,1703215878.0800443
INFO:root:7,53.47934080000002,50.08539700000002,51.76592565714288,1703215878.6811428
INFO:root:7,53.47934080000002,50.08539700000002,51.76592565714288,1703215879.288316
INFO:root:7,53.47934080000002,50.08539700000002,51.76592565714288,1703215879.884761
INFO:root:7,53.47934080000002,50.08539700000002,51.76592565714288,1703215880.48294
INFO:root:7,53.47934080000002,50.08539700000002,51.76592565714288,1703215881.085565
INFO:root:7,53.47934080000002,50.08539700000002,51.76592565714288,1703215881.6844044
INFO:root:7,53.47934080000002,50.08539700000002,51.76592565714288,1703215882.2737
INFO:root:7,53.47934080000002,50.08539700000002,51.76592565714288,1703215882.8729355
INFO:root:7,53.47934080000002,50.08539700000002,51.76592565714288,1703215883.4769764
INFO:root:7,53.47934080000002,50.08539700000002,51.76592565714288,1703215884.0849037
INFO:root:7,53.47934080000002,50.08539700000002,51.76592565714288,1703215884.6852508
INFO:root:7,53.47934080000002,50.08539700000002,51.76592565714288,1703215885.282468
INFO:root:7,53.47934080000002,50.08539700000002,51.76592565714288,1703215885.8870862
INFO:root:7,53.47934080000002,50.08539700000002,51.76592565714288,1703215886.472914
INFO:root:7,53.47934080000002,50.08539700000002,51.76592565714288,1703215887.0787919
INFO:root:7,53.47934080000002,50.08539700000002,51.76592565714288,1703215887.682391
INFO:root:7,53.47934080000002,50.08539700000002,51.76592565714288,1703215888.283293
INFO:root:7,53.47934080000002,50.08539700000002,51.76592565714288,1703215888.882928
INFO:root:7,53.47934080000002,50.08539700000002,51.76592565714288,1703215889.4835136
INFO:root:7,53.47934080000002,50.08539700000002,51.76592565714288,1703215890.0845406
INFO:root:7,53.47934080000002,50.08539700000002,51.76592565714288,1703215890.6820788
INFO:root:7,53.47934080000002,50.08539700000002,51.76592565714288,1703215891.2842383
INFO:root:7,53.47934080000002,50.08539700000002,51.76592565714288,1703215891.873616
INFO:root:7,53.47934080000002,50.08539700000002,51.76592565714288,1703215892.4740446
INFO:root:7,53.47934080000002,50.08539700000002,51.76592565714288,1703215893.085312
INFO:root:7,54.06441860000002,50.64783960000002,52.40853045714288,1703215893.6833642
INFO:root:7,54.06441860000002,50.64783960000002,52.40853045714288,1703215894.284541
INFO:root:7,54.06441860000002,50.64783960000002,52.40853045714288,1703215894.8852928
INFO:root:7,54.06441860000002,50.64783960000002,52.40853045714288,1703215895.4844682
INFO:root:7,54.06441860000002,50.64783960000002,52.40853045714288,1703215896.0856667
INFO:root:7,54.06441860000002,50.64783960000002,52.40853045714288,1703215896.6838958
INFO:root:7,54.06441860000002,50.64783960000002,52.40853045714288,1703215897.2851076
INFO:root:7,54.06441860000002,50.64783960000002,52.40853045714288,1703215897.8908398
INFO:root:7,54.06441860000002,50.64783960000002,52.40853045714288,1703215898.4818513
INFO:root:7,54.06441860000002,50.64783960000002,52.40853045714288,1703215899.1733034
INFO:root:7,54.06441860000002,50.64783960000002,52.40853045714288,1703215899.781097
INFO:root:7,54.06441860000002,50.64783960000002,52.40853045714288,1703215900.3839188
INFO:root:7,54.06441860000002,50.64783960000002,52.40853045714288,1703215900.984928
INFO:root:7,54.06441860000002,50.64783960000002,52.40853045714288,1703215901.5838463
INFO:root:7,54.06441860000002,50.64783960000002,52.40853045714288,1703215902.1819832
INFO:root:7,54.06441860000002,50.64783960000002,52.40853045714288,1703215902.78319
INFO:root:7,54.06441860000002,50.64783960000002,52.40853045714288,1703215903.3823771
INFO:root:7,54.06441860000002,50.64783960000002,52.40853045714288,1703215903.9824693
INFO:root:7,54.06441860000002,50.64783960000002,52.40853045714288,1703215904.5769188
INFO:root:7,54.06441860000002,50.64783960000002,52.40853045714288,1703215905.1839244
INFO:root:7,54.06441860000002,50.64783960000002,52.40853045714288,1703215905.7870429
INFO:root:7,54.06441860000002,50.64783960000002,52.40853045714288,1703215906.383012
INFO:root:7,54.06441860000002,50.64783960000002,52.40853045714288,1703215906.9837227
INFO:root:7,54.06441860000002,50.64783960000002,52.40853045714288,1703215907.5832338
INFO:root:7,54.06441860000002,50.64783960000002,52.40853045714288,1703215908.1854856
INFO:root:7,52.808505000000025,50.82251380000001,51.7293293714286,1703215908.780828
INFO:root:7,52.808505000000025,50.82251380000001,51.7293293714286,1703215909.3823996
INFO:root:7,52.808505000000025,50.82251380000001,51.7293293714286,1703215909.9838064
INFO:root:7,52.808505000000025,50.82251380000001,51.7293293714286,1703215910.583518
INFO:root:7,52.808505000000025,50.82251380000001,51.7293293714286,1703215911.189224
INFO:root:7,52.808505000000025,50.82251380000001,51.7293293714286,1703215911.7875154
INFO:root:7,52.808505000000025,50.82251380000001,51.7293293714286,1703215912.3885603
INFO:root:7,52.808505000000025,50.82251380000001,51.7293293714286,1703215912.9871624
INFO:root:7,52.808505000000025,50.82251380000001,51.7293293714286,1703215913.5858972
INFO:root:7,52.808505000000025,50.82251380000001,51.7293293714286,1703215914.1827023
INFO:root:7,52.808505000000025,50.82251380000001,51.7293293714286,1703215914.7822907
INFO:root:7,52.808505000000025,50.82251380000001,51.7293293714286,1703215915.382428
INFO:root:7,52.808505000000025,50.82251380000001,51.7293293714286,1703215915.9838607
INFO:root:7,52.808505000000025,50.82251380000001,51.7293293714286,1703215916.5836253
INFO:root:7,52.808505000000025,50.82251380000001,51.7293293714286,1703215917.18334
INFO:root:7,52.808505000000025,50.82251380000001,51.7293293714286,1703215917.7880352
INFO:root:7,52.808505000000025,50.82251380000001,51.7293293714286,1703215918.4716692
INFO:root:7,52.808505000000025,50.82251380000001,51.7293293714286,1703215919.0781896
INFO:root:7,52.808505000000025,50.82251380000001,51.7293293714286,1703215919.686924
INFO:root:7,52.808505000000025,50.82251380000001,51.7293293714286,1703215920.28138
INFO:root:7,52.808505000000025,50.82251380000001,51.7293293714286,1703215920.8839915
INFO:root:7,52.808505000000025,50.82251380000001,51.7293293714286,1703215921.4872727
INFO:root:7,52.808505000000025,50.82251380000001,51.7293293714286,1703215922.0836432
INFO:root:7,52.808505000000025,50.82251380000001,51.7293293714286,1703215922.6855834
INFO:root:7,53.935474800000016,50.87566860000001,52.28100997142859,1703215923.2824013
INFO:root:7,53.935474800000016,50.87566860000001,52.28100997142859,1703215923.8833685
INFO:root:7,53.935474800000016,50.87566860000001,52.28100997142859,1703215924.4841962
INFO:root:7,53.935474800000016,50.87566860000001,52.28100997142859,1703215925.0903535
INFO:root:7,53.935474800000016,50.87566860000001,52.28100997142859,1703215925.6863632
INFO:root:7,53.935474800000016,50.87566860000001,52.28100997142859,1703215926.2799973
INFO:root:7,53.935474800000016,50.87566860000001,52.28100997142859,1703215926.8849978
INFO:root:7,53.935474800000016,50.87566860000001,52.28100997142859,1703215927.4853637
INFO:root:7,53.935474800000016,50.87566860000001,52.28100997142859,1703215928.08445
INFO:root:7,53.935474800000016,50.87566860000001,52.28100997142859,1703215928.8722773
INFO:root:7,53.935474800000016,50.87566860000001,52.28100997142859,1703215929.4780385
INFO:root:7,53.935474800000016,50.87566860000001,52.28100997142859,1703215930.084301
INFO:root:7,53.935474800000016,50.87566860000001,52.28100997142859,1703215930.684085
INFO:root:7,53.935474800000016,50.87566860000001,52.28100997142859,1703215931.2845917
INFO:root:7,53.935474800000016,50.87566860000001,52.28100997142859,1703215931.885678
INFO:root:7,53.935474800000016,50.87566860000001,52.28100997142859,1703215932.4830444
INFO:root:7,53.935474800000016,50.87566860000001,52.28100997142859,1703215933.0843067
INFO:root:7,53.935474800000016,50.87566860000001,52.28100997142859,1703215933.6827378
INFO:root:7,53.935474800000016,50.87566860000001,52.28100997142859,1703215934.282978
INFO:root:7,53.935474800000016,50.87566860000001,52.28100997142859,1703215934.8881924
INFO:root:7,53.935474800000016,50.87566860000001,52.28100997142859,1703215935.4830487
INFO:root:7,53.935474800000016,50.87566860000001,52.28100997142859,1703215936.083326
INFO:root:7,53.935474800000016,50.87566860000001,52.28100997142859,1703215936.6812835
INFO:root:7,53.935474800000016,50.87566860000001,52.28100997142859,1703215937.2827363
INFO:root:7,53.935474800000016,50.87566860000001,52.28100997142859,1703215937.9874716
INFO:root:7,53.98437220000002,51.44207460000002,52.40556660000002,1703215938.5838218
INFO:root:7,53.98437220000002,51.44207460000002,52.40556660000002,1703215939.274328
INFO:root:7,53.98437220000002,51.44207460000002,52.40556660000002,1703215939.8834016
INFO:root:7,53.98437220000002,51.44207460000002,52.40556660000002,1703215940.4843075
INFO:root:7,53.98437220000002,51.44207460000002,52.40556660000002,1703215941.0839643
INFO:root:7,53.98437220000002,51.44207460000002,52.40556660000002,1703215941.6823058
INFO:root:7,53.98437220000002,51.44207460000002,52.40556660000002,1703215942.2865944
INFO:root:7,53.98437220000002,51.44207460000002,52.40556660000002,1703215942.884118
INFO:root:7,53.98437220000002,51.44207460000002,52.40556660000002,1703215943.4826705
INFO:root:7,53.98437220000002,51.44207460000002,52.40556660000002,1703215944.0839093
INFO:root:7,53.98437220000002,51.44207460000002,52.40556660000002,1703215944.6810794
INFO:root:7,53.98437220000002,51.44207460000002,52.40556660000002,1703215945.2837899
INFO:root:7,53.98437220000002,51.44207460000002,52.40556660000002,1703215945.8821151
INFO:root:7,53.98437220000002,51.44207460000002,52.40556660000002,1703215946.4863951
INFO:root:7,53.98437220000002,51.44207460000002,52.40556660000002,1703215947.0840085
INFO:root:7,53.98437220000002,51.44207460000002,52.40556660000002,1703215947.686447
INFO:root:7,53.98437220000002,51.44207460000002,52.40556660000002,1703215948.2836814
INFO:root:7,53.98437220000002,51.44207460000002,52.40556660000002,1703215948.8832417
INFO:root:7,53.98437220000002,51.44207460000002,52.40556660000002,1703215949.4866319
INFO:root:7,53.98437220000002,51.44207460000002,52.40556660000002,1703215950.0904274
INFO:root:7,53.98437220000002,51.44207460000002,52.40556660000002,1703215950.689323
INFO:root:7,53.98437220000002,51.44207460000002,52.40556660000002,1703215951.2847583
INFO:root:7,53.98437220000002,51.44207460000002,52.40556660000002,1703215951.8817334
INFO:root:7,53.98437220000002,51.44207460000002,52.40556660000002,1703215952.4839966
INFO:root:7,52.69816820000002,50.72618520000002,51.905502542857164,1703215953.088346
INFO:root:7,52.69816820000002,50.72618520000002,51.905502542857164,1703215953.688174
INFO:root:7,52.69816820000002,50.72618520000002,51.905502542857164,1703215954.284263
INFO:root:7,52.69816820000002,50.72618520000002,51.905502542857164,1703215954.9739065
INFO:root:7,52.69816820000002,50.72618520000002,51.905502542857164,1703215955.5794659
INFO:root:7,52.69816820000002,50.72618520000002,51.905502542857164,1703215956.1868055
INFO:root:7,52.69816820000002,50.72618520000002,51.905502542857164,1703215956.787114
INFO:root:7,52.69816820000002,50.72618520000002,51.905502542857164,1703215957.382764
INFO:root:7,52.69816820000002,50.72618520000002,51.905502542857164,1703215957.9883125
INFO:root:7,52.69816820000002,50.72618520000002,51.905502542857164,1703215958.5836031
INFO:root:7,52.69816820000002,50.72618520000002,51.905502542857164,1703215959.1832275
INFO:root:7,52.69816820000002,50.72618520000002,51.905502542857164,1703215959.873732
INFO:root:7,52.69816820000002,50.72618520000002,51.905502542857164,1703215960.4816227
INFO:root:7,52.69816820000002,50.72618520000002,51.905502542857164,1703215961.084285
INFO:root:7,52.69816820000002,50.72618520000002,51.905502542857164,1703215961.681495
INFO:root:7,52.69816820000002,50.72618520000002,51.905502542857164,1703215962.2829087
INFO:root:7,52.69816820000002,50.72618520000002,51.905502542857164,1703215962.8844776
INFO:root:7,52.69816820000002,50.72618520000002,51.905502542857164,1703215963.4819102
INFO:root:7,52.69816820000002,50.72618520000002,51.905502542857164,1703215964.0881793
INFO:root:7,52.69816820000002,50.72618520000002,51.905502542857164,1703215964.682914
INFO:root:7,52.69816820000002,50.72618520000002,51.905502542857164,1703215965.284428
INFO:root:7,52.69816820000002,50.72618520000002,51.905502542857164,1703215965.8863134
INFO:root:7,52.69816820000002,50.72618520000002,51.905502542857164,1703215966.48317
INFO:root:7,52.69816820000002,50.72618520000002,51.905502542857164,1703215967.083731
INFO:root:7,52.69816820000002,50.72618520000002,51.905502542857164,1703215967.6866863
INFO:root:7,53.277304000000015,51.92338540000002,52.30364688571431,1703215968.281722
INFO:root:7,53.277304000000015,51.92338540000002,52.30364688571431,1703215968.882339
INFO:root:7,53.277304000000015,51.92338540000002,52.30364688571431,1703215969.4804218
INFO:root:7,53.277304000000015,51.92338540000002,52.30364688571431,1703215970.2728434
INFO:root:7,53.277304000000015,51.92338540000002,52.30364688571431,1703215970.8839755
INFO:root:7,53.277304000000015,51.92338540000002,52.30364688571431,1703215971.483408
INFO:root:7,53.277304000000015,51.92338540000002,52.30364688571431,1703215972.0876493
INFO:root:7,53.277304000000015,51.92338540000002,52.30364688571431,1703215972.6846514
INFO:root:7,53.277304000000015,51.92338540000002,52.30364688571431,1703215973.2879713
INFO:root:7,53.277304000000015,51.92338540000002,52.30364688571431,1703215973.8829467
INFO:root:7,53.277304000000015,51.92338540000002,52.30364688571431,1703215974.4839973
INFO:root:7,53.277304000000015,51.92338540000002,52.30364688571431,1703215975.0921426
INFO:root:7,53.277304000000015,51.92338540000002,52.30364688571431,1703215975.6813962
INFO:root:7,53.277304000000015,51.92338540000002,52.30364688571431,1703215976.2833664
INFO:root:7,53.277304000000015,51.92338540000002,52.30364688571431,1703215976.8876169
INFO:root:7,53.277304000000015,51.92338540000002,52.30364688571431,1703215977.4842317
INFO:root:7,53.277304000000015,51.92338540000002,52.30364688571431,1703215978.0889652
INFO:root:7,53.277304000000015,51.92338540000002,52.30364688571431,1703215978.6847098
INFO:root:7,53.277304000000015,51.92338540000002,52.30364688571431,1703215979.290809
INFO:root:7,53.277304000000015,51.92338540000002,52.30364688571431,1703215979.8889003
INFO:root:7,53.277304000000015,51.92338540000002,52.30364688571431,1703215980.5739813
INFO:root:7,53.277304000000015,51.92338540000002,52.30364688571431,1703215981.1827753
INFO:root:7,53.277304000000015,51.92338540000002,52.30364688571431,1703215981.7829347
INFO:root:7,53.277304000000015,51.92338540000002,52.30364688571431,1703215982.3844726
INFO:root:7,53.277304000000015,51.92338540000002,52.30364688571431,1703215983.0784187
INFO:root:7,53.214829200000025,50.645248600000016,51.66739508571431,1703215983.682831
INFO:root:7,53.214829200000025,50.645248600000016,51.66739508571431,1703215984.2833035
INFO:root:7,53.214829200000025,50.645248600000016,51.66739508571431,1703215984.894894
INFO:root:7,53.214829200000025,50.645248600000016,51.66739508571431,1703215985.4832842
INFO:root:7,53.214829200000025,50.645248600000016,51.66739508571431,1703215986.086539
INFO:root:7,53.214829200000025,50.645248600000016,51.66739508571431,1703215986.6851356
INFO:root:7,53.214829200000025,50.645248600000016,51.66739508571431,1703215987.2839482
INFO:root:7,53.214829200000025,50.645248600000016,51.66739508571431,1703215987.8844855
INFO:root:7,53.214829200000025,50.645248600000016,51.66739508571431,1703215988.4822688
INFO:root:7,53.214829200000025,50.645248600000016,51.66739508571431,1703215989.084505
INFO:root:7,53.214829200000025,50.645248600000016,51.66739508571431,1703215989.6828165
INFO:root:7,53.214829200000025,50.645248600000016,51.66739508571431,1703215990.2875679
INFO:root:7,53.214829200000025,50.645248600000016,51.66739508571431,1703215990.9781268
INFO:root:7,53.214829200000025,50.645248600000016,51.66739508571431,1703215991.5868523
INFO:root:7,53.214829200000025,50.645248600000016,51.66739508571431,1703215992.1842577
INFO:root:7,53.214829200000025,50.645248600000016,51.66739508571431,1703215992.783875
INFO:root:7,53.214829200000025,50.645248600000016,51.66739508571431,1703215993.3874712
INFO:root:7,53.214829200000025,50.645248600000016,51.66739508571431,1703215993.9825163
INFO:root:7,53.214829200000025,50.645248600000016,51.66739508571431,1703215994.5882697
INFO:root:7,53.214829200000025,50.645248600000016,51.66739508571431,1703215995.1895573
INFO:root:7,53.214829200000025,50.645248600000016,51.66739508571431,1703215995.7845137
INFO:root:7,53.214829200000025,50.645248600000016,51.66739508571431,1703215996.3805075
INFO:root:7,53.214829200000025,50.645248600000016,51.66739508571431,1703215996.9822454
INFO:root:7,53.214829200000025,50.645248600000016,51.66739508571431,1703215997.5811594
INFO:root:7,54.52116800000002,50.80263960000002,52.44795045714287,1703215998.1863387
INFO:root:7,54.52116800000002,50.80263960000002,52.44795045714287,1703215998.783896
INFO:root:7,54.52116800000002,50.80263960000002,52.44795045714287,1703215999.3882756
INFO:root:7,54.52116800000002,50.80263960000002,52.44795045714287,1703215999.9838786
INFO:root:7,54.52116800000002,50.80263960000002,52.44795045714287,1703216000.5812986
INFO:root:7,54.52116800000002,50.80263960000002,52.44795045714287,1703216001.1882844
INFO:root:7,54.52116800000002,50.80263960000002,52.44795045714287,1703216001.7862582
INFO:root:7,54.52116800000002,50.80263960000002,52.44795045714287,1703216002.3800778
INFO:root:7,54.52116800000002,50.80263960000002,52.44795045714287,1703216002.9723773
INFO:root:7,54.52116800000002,50.80263960000002,52.44795045714287,1703216003.5840878
INFO:root:7,54.52116800000002,50.80263960000002,52.44795045714287,1703216004.1854389
INFO:root:7,54.52116800000002,50.80263960000002,52.44795045714287,1703216004.7838924
INFO:root:7,54.52116800000002,50.80263960000002,52.44795045714287,1703216005.3835802
INFO:root:7,54.52116800000002,50.80263960000002,52.44795045714287,1703216005.983925
INFO:root:7,54.52116800000002,50.80263960000002,52.44795045714287,1703216006.58816
INFO:root:7,54.52116800000002,50.80263960000002,52.44795045714287,1703216007.1827126
INFO:root:7,54.52116800000002,50.80263960000002,52.44795045714287,1703216007.7854197
INFO:root:7,54.52116800000002,50.80263960000002,52.44795045714287,1703216008.3833475
INFO:root:7,54.52116800000002,50.80263960000002,52.44795045714287,1703216008.9821637
INFO:root:7,54.52116800000002,50.80263960000002,52.44795045714287,1703216009.5820498
INFO:root:7,54.52116800000002,50.80263960000002,52.44795045714287,1703216010.1831753
INFO:root:7,54.52116800000002,50.80263960000002,52.44795045714287,1703216010.7858725
INFO:root:7,54.52116800000002,50.80263960000002,52.44795045714287,1703216011.3807743
INFO:root:7,54.52116800000002,50.80263960000002,52.44795045714287,1703216011.9837031
INFO:root:7,54.52116800000002,50.80263960000002,52.44795045714287,1703216012.5843124
INFO:root:7,53.505954000000024,50.14879300000001,51.81613185714287,1703216013.1878922
INFO:root:7,53.505954000000024,50.14879300000001,51.81613185714287,1703216013.7845328
INFO:root:7,53.505954000000024,50.14879300000001,51.81613185714287,1703216014.3856559
INFO:root:7,53.505954000000024,50.14879300000001,51.81613185714287,1703216014.9858153
INFO:root:7,53.505954000000024,50.14879300000001,51.81613185714287,1703216015.581935
INFO:root:7,53.505954000000024,50.14879300000001,51.81613185714287,1703216016.1835692
INFO:root:7,53.505954000000024,50.14879300000001,51.81613185714287,1703216016.7834795
INFO:root:7,53.505954000000024,50.14879300000001,51.81613185714287,1703216017.380904
INFO:root:7,53.505954000000024,50.14879300000001,51.81613185714287,1703216017.9817681
INFO:root:7,53.505954000000024,50.14879300000001,51.81613185714287,1703216018.5949247
INFO:root:7,53.505954000000024,50.14879300000001,51.81613185714287,1703216019.1886806
INFO:root:7,53.505954000000024,50.14879300000001,51.81613185714287,1703216019.782076
INFO:root:7,53.505954000000024,50.14879300000001,51.81613185714287,1703216020.3828213
INFO:root:7,53.505954000000024,50.14879300000001,51.81613185714287,1703216020.9829795
INFO:root:7,53.505954000000024,50.14879300000001,51.81613185714287,1703216021.582717
INFO:root:7,53.505954000000024,50.14879300000001,51.81613185714287,1703216022.2772849
INFO:root:7,53.505954000000024,50.14879300000001,51.81613185714287,1703216022.875168
INFO:root:7,53.505954000000024,50.14879300000001,51.81613185714287,1703216023.4801664
INFO:root:7,53.505954000000024,50.14879300000001,51.81613185714287,1703216024.0809963
INFO:root:7,53.505954000000024,50.14879300000001,51.81613185714287,1703216024.6818416
INFO:root:7,53.505954000000024,50.14879300000001,51.81613185714287,1703216025.284256
INFO:root:7,53.505954000000024,50.14879300000001,51.81613185714287,1703216025.8898888
INFO:root:7,53.505954000000024,50.14879300000001,51.81613185714287,1703216026.4826956
INFO:root:7,53.505954000000024,50.14879300000001,51.81613185714287,1703216027.0919654
INFO:root:7,53.505954000000024,50.14879300000001,51.81613185714287,1703216027.686339
INFO:root:7,52.91768160000001,51.276773000000006,52.330310771428586,1703216028.2828474
INFO:root:7,52.91768160000001,51.276773000000006,52.330310771428586,1703216028.8829153
INFO:root:7,52.91768160000001,51.276773000000006,52.330310771428586,1703216029.4848797
INFO:root:7,52.91768160000001,51.276773000000006,52.330310771428586,1703216030.0881822
INFO:root:7,52.91768160000001,51.276773000000006,52.330310771428586,1703216030.6825547
INFO:root:7,52.91768160000001,51.276773000000006,52.330310771428586,1703216031.2841837
INFO:root:7,52.91768160000001,51.276773000000006,52.330310771428586,1703216031.8910303
INFO:root:7,52.91768160000001,51.276773000000006,52.330310771428586,1703216032.5808704
INFO:root:7,52.91768160000001,51.276773000000006,52.330310771428586,1703216033.1845837
INFO:root:7,52.91768160000001,51.276773000000006,52.330310771428586,1703216033.7817605
INFO:root:7,52.91768160000001,51.276773000000006,52.330310771428586,1703216034.3807125
INFO:root:7,52.91768160000001,51.276773000000006,52.330310771428586,1703216034.973298
INFO:root:7,52.91768160000001,51.276773000000006,52.330310771428586,1703216035.583049
INFO:root:7,52.91768160000001,51.276773000000006,52.330310771428586,1703216036.1839314
INFO:root:7,52.91768160000001,51.276773000000006,52.330310771428586,1703216036.7844079
INFO:root:7,52.91768160000001,51.276773000000006,52.330310771428586,1703216037.381806
INFO:root:7,52.91768160000001,51.276773000000006,52.330310771428586,1703216037.9899094
INFO:root:7,52.91768160000001,51.276773000000006,52.330310771428586,1703216038.5861917
INFO:root:7,52.91768160000001,51.276773000000006,52.330310771428586,1703216039.1870914
INFO:root:7,52.91768160000001,51.276773000000006,52.330310771428586,1703216039.779964
INFO:root:7,52.91768160000001,51.276773000000006,52.330310771428586,1703216040.3825455
INFO:root:7,52.91768160000001,51.276773000000006,52.330310771428586,1703216040.9810097
INFO:root:7,52.91768160000001,51.276773000000006,52.330310771428586,1703216041.5038037
INFO:root:7,52.91768160000001,51.276773000000006,52.330310771428586,1703216042.0836072
INFO:root:7,52.91768160000001,51.276773000000006,52.330310771428586,1703216042.683512
INFO:root:7,56.411799000000016,43.69327240000002,52.16302542857145,1703216043.2885973
INFO:root:7,56.411799000000016,43.69327240000002,52.16302542857145,1703216043.8832238
INFO:root:7,56.411799000000016,43.69327240000002,52.16302542857145,1703216044.4817057
INFO:root:7,56.411799000000016,43.69327240000002,52.16302542857145,1703216045.0069506
INFO:root:7,56.411799000000016,43.69327240000002,52.16302542857145,1703216045.5849552
INFO:root:7,56.411799000000016,43.69327240000002,52.16302542857145,1703216046.1805005
INFO:root:7,56.411799000000016,43.69327240000002,52.16302542857145,1703216046.7726858
INFO:root:7,56.411799000000016,43.69327240000002,52.16302542857145,1703216047.3789666
INFO:root:7,56.411799000000016,43.69327240000002,52.16302542857145,1703216047.9755297
INFO:root:7,56.411799000000016,43.69327240000002,52.16302542857145,1703216048.580245
INFO:root:7,56.411799000000016,43.69327240000002,52.16302542857145,1703216049.1152954
INFO:root:7,56.411799000000016,43.69327240000002,52.16302542857145,1703216049.6432376
INFO:root:7,56.411799000000016,43.69327240000002,52.16302542857145,1703216050.172734
INFO:root:7,56.411799000000016,43.69327240000002,52.16302542857145,1703216050.699738
INFO:root:7,56.411799000000016,43.69327240000002,52.16302542857145,1703216051.2289789
INFO:root:7,56.411799000000016,43.69327240000002,52.16302542857145,1703216051.7596354
INFO:root:7,56.411799000000016,43.69327240000002,52.16302542857145,1703216052.2905457
INFO:root:7,56.411799000000016,43.69327240000002,52.16302542857145,1703216052.8226452
INFO:root:7,56.411799000000016,43.69327240000002,52.16302542857145,1703216053.352862
INFO:root:7,56.411799000000016,43.69327240000002,52.16302542857145,1703216053.8833315
INFO:root:7,56.411799000000016,43.69327240000002,52.16302542857145,1703216054.4103992
INFO:root:7,56.411799000000016,43.69327240000002,52.16302542857145,1703216054.9405222
INFO:root:7,56.411799000000016,43.69327240000002,52.16302542857145,1703216055.4672797
INFO:root:7,56.411799000000016,43.69327240000002,52.16302542857145,1703216055.9958496
INFO:root:7,56.411799000000016,43.69327240000002,52.16302542857145,1703216056.5278296
INFO:root:7,56.411799000000016,43.69327240000002,52.16302542857145,1703216057.054179
INFO:root:7,56.411799000000016,43.69327240000002,52.16302542857145,1703216057.5851412
INFO:root:7,49.67847620000001,3.4854246000000013,28.07481568571429,1703216058.1145883
INFO:root:7,49.67847620000001,3.4854246000000013,28.07481568571429,1703216058.648109
INFO:root:7,49.67847620000001,3.4854246000000013,28.07481568571429,1703216059.17
INFO:root:7,49.67847620000001,3.4854246000000013,28.07481568571429,1703216059.697897
INFO:root:7,49.67847620000001,3.4854246000000013,28.07481568571429,1703216060.232262
INFO:root:7,49.67847620000001,3.4854246000000013,28.07481568571429,1703216060.758476
INFO:root:7,49.67847620000001,3.4854246000000013,28.07481568571429,1703216061.2925906
INFO:root:7,49.67847620000001,3.4854246000000013,28.07481568571429,1703216061.8168058
INFO:root:7,49.67847620000001,3.4854246000000013,28.07481568571429,1703216062.345741
INFO:root:7,49.67847620000001,3.4854246000000013,28.07481568571429,1703216062.885967
INFO:root:7,49.67847620000001,3.4854246000000013,28.07481568571429,1703216063.419682
INFO:root:7,49.67847620000001,3.4854246000000013,28.07481568571429,1703216063.9486153
INFO:root:7,49.67847620000001,3.4854246000000013,28.07481568571429,1703216064.4802036
INFO:root:7,49.67847620000001,3.4854246000000013,28.07481568571429,1703216065.0104146
INFO:root:7,49.67847620000001,3.4854246000000013,28.07481568571429,1703216065.541197
INFO:root:7,49.67847620000001,3.4854246000000013,28.07481568571429,1703216066.067408
INFO:root:7,49.67847620000001,3.4854246000000013,28.07481568571429,1703216066.600369
INFO:root:7,49.67847620000001,3.4854246000000013,28.07481568571429,1703216067.12972
INFO:root:7,49.67847620000001,3.4854246000000013,28.07481568571429,1703216067.6608145
INFO:root:7,49.67847620000001,3.4854246000000013,28.07481568571429,1703216068.1892083
INFO:root:7,49.67847620000001,3.4854246000000013,28.07481568571429,1703216068.7208216
INFO:root:7,49.67847620000001,3.4854246000000013,28.07481568571429,1703216069.2508252
INFO:root:7,49.67847620000001,3.4854246000000013,28.07481568571429,1703216069.7797644
INFO:root:7,49.67847620000001,3.4854246000000013,28.07481568571429,1703216070.3074539
INFO:root:7,49.67847620000001,3.4854246000000013,28.07481568571429,1703216070.8366246
INFO:root:7,49.67847620000001,3.4854246000000013,28.07481568571429,1703216071.3660202
INFO:root:7,49.67847620000001,3.4854246000000013,28.07481568571429,1703216071.899022
INFO:root:7,49.67847620000001,3.4854246000000013,28.07481568571429,1703216072.4286387
INFO:root:7,0.0010758000000000005,0.0,0.00015368571428571435,1703216072.9577484
INFO:root:7,0.0010758000000000005,0.0,0.00015368571428571435,1703216073.4903815
INFO:root:7,0.0010758000000000005,0.0,0.00015368571428571435,1703216074.0198262
INFO:root:7,0.0010758000000000005,0.0,0.00015368571428571435,1703216074.5524724
INFO:root:7,0.0010758000000000005,0.0,0.00015368571428571435,1703216075.0885015
INFO:root:7,0.0010758000000000005,0.0,0.00015368571428571435,1703216075.617598
INFO:root:7,0.0010758000000000005,0.0,0.00015368571428571435,1703216076.1449897
INFO:root:7,0.0010758000000000005,0.0,0.00015368571428571435,1703216076.6754777
INFO:root:7,0.0010758000000000005,0.0,0.00015368571428571435,1703216077.205704
INFO:root:7,0.0010758000000000005,0.0,0.00015368571428571435,1703216077.7365842
INFO:root:7,0.0010758000000000005,0.0,0.00015368571428571435,1703216078.2691157
INFO:root:7,0.0010758000000000005,0.0,0.00015368571428571435,1703216078.796959
INFO:root:7,0.0010758000000000005,0.0,0.00015368571428571435,1703216079.3234882
INFO:root:7,0.0010758000000000005,0.0,0.00015368571428571435,1703216079.8545716
INFO:root:7,0.0010758000000000005,0.0,0.00015368571428571435,1703216080.386709
INFO:root:7,0.0010758000000000005,0.0,0.00015368571428571435,1703216080.9137907
INFO:root:7,0.0010758000000000005,0.0,0.00015368571428571435,1703216081.4446533
INFO:root:7,0.0010758000000000005,0.0,0.00015368571428571435,1703216081.9752886
INFO:root:7,0.0010758000000000005,0.0,0.00015368571428571435,1703216082.5029469
INFO:root:7,0.0010758000000000005,0.0,0.00015368571428571435,1703216083.0357468
INFO:root:7,0.0010758000000000005,0.0,0.00015368571428571435,1703216083.5669925
INFO:root:7,0.0010758000000000005,0.0,0.00015368571428571435,1703216084.0990102
INFO:root:7,0.0010758000000000005,0.0,0.00015368571428571435,1703216084.6282487
INFO:root:7,0.0010758000000000005,0.0,0.00015368571428571435,1703216085.158392
INFO:root:7,0.0010758000000000005,0.0,0.00015368571428571435,1703216085.6870964
INFO:root:7,0.0010758000000000005,0.0,0.00015368571428571435,1703216086.2182968
INFO:root:7,0.0010758000000000005,0.0,0.00015368571428571435,1703216086.7478237
INFO:root:7,0.0010758000000000005,0.0,0.00015368571428571435,1703216087.2761116
INFO:root:7,0.0010758000000000005,0.0,0.00015368571428571435,1703216087.8839004
INFO:root:7,0.0005734000000000002,0.0,8.191428571428574e-05,1703216088.4106927
INFO:root:7,0.0005734000000000002,0.0,8.191428571428574e-05,1703216088.9378736
INFO:root:7,0.0005734000000000002,0.0,8.191428571428574e-05,1703216089.464954
INFO:root:7,0.0005734000000000002,0.0,8.191428571428574e-05,1703216089.9987848
INFO:root:7,0.0005734000000000002,0.0,8.191428571428574e-05,1703216090.523813
INFO:root:7,0.0005734000000000002,0.0,8.191428571428574e-05,1703216091.0527768
INFO:root:7,0.0005734000000000002,0.0,8.191428571428574e-05,1703216091.5859375
INFO:root:7,0.0005734000000000002,0.0,8.191428571428574e-05,1703216092.1198895
INFO:root:7,0.0005734000000000002,0.0,8.191428571428574e-05,1703216092.6531336
INFO:root:7,0.0005734000000000002,0.0,8.191428571428574e-05,1703216093.182962
INFO:root:7,0.0005734000000000002,0.0,8.191428571428574e-05,1703216093.7125723
INFO:root:7,0.0005734000000000002,0.0,8.191428571428574e-05,1703216094.2412293
INFO:root:7,0.0005734000000000002,0.0,8.191428571428574e-05,1703216094.7711813
INFO:root:7,0.0005734000000000002,0.0,8.191428571428574e-05,1703216095.304237
INFO:root:7,0.0005734000000000002,0.0,8.191428571428574e-05,1703216095.8355236
INFO:root:7,0.0005734000000000002,0.0,8.191428571428574e-05,1703216096.3631868
INFO:root:7,0.0005734000000000002,0.0,8.191428571428574e-05,1703216096.892635
INFO:root:7,0.0005734000000000002,0.0,8.191428571428574e-05,1703216097.4172075
INFO:root:7,0.0005734000000000002,0.0,8.191428571428574e-05,1703216097.9471076
INFO:root:7,0.0005734000000000002,0.0,8.191428571428574e-05,1703216098.4785657
INFO:root:7,0.0005734000000000002,0.0,8.191428571428574e-05,1703216099.0063615
INFO:root:6,0.0005734000000000002,0.0,9.55666666666667e-05,1703216099.537199
INFO:root:6,0.0005734000000000002,0.0,9.55666666666667e-05,1703216100.07056
INFO:root:6,0.0005734000000000002,0.0,9.55666666666667e-05,1703216100.5993524
INFO:root:6,0.0005734000000000002,0.0,9.55666666666667e-05,1703216101.1293514
INFO:root:6,0.0005734000000000002,0.0,9.55666666666667e-05,1703216101.6603029
INFO:root:6,0.0005734000000000002,0.0,9.55666666666667e-05,1703216102.1917934
INFO:root:6,0.0005734000000000002,0.0,9.55666666666667e-05,1703216102.7194357
INFO:root:6,0.0010290000000000004,0.0,0.00017150000000000008,1703216103.2473454
INFO:root:6,0.0010290000000000004,0.0,0.00017150000000000008,1703216103.7759972
INFO:root:6,0.0010290000000000004,0.0,0.00017150000000000008,1703216104.302757
INFO:root:6,0.0010290000000000004,0.0,0.00017150000000000008,1703216104.838812
INFO:root:6,0.0010290000000000004,0.0,0.00017150000000000008,1703216105.377912
INFO:root:6,0.0010290000000000004,0.0,0.00017150000000000008,1703216105.9047916
INFO:root:6,0.0010290000000000004,0.0,0.00017150000000000008,1703216106.4343784
INFO:root:6,0.0010290000000000004,0.0,0.00017150000000000008,1703216106.9698763
INFO:root:6,0.0010290000000000004,0.0,0.00017150000000000008,1703216107.502729
